{
  "stats": {
    "suites": 14,
    "tests": 92,
    "passes": 92,
    "pending": 0,
    "failures": 0,
    "start": "2021-10-07T17:46:12.091Z",
    "end": "2021-10-07T17:46:12.610Z",
    "duration": 519,
    "testsRegistered": 92,
    "passPercent": 100,
    "pendingPercent": 0,
    "other": 0,
    "hasOther": false,
    "skipped": 0,
    "hasSkipped": false
  },
  "results": [
    {
      "uuid": "ae84b9be-7596-4527-b262-0be3c03675b1",
      "title": "",
      "fullFile": "",
      "file": "",
      "beforeHooks": [],
      "afterHooks": [],
      "tests": [],
      "suites": [
        {
          "uuid": "69d1a029-86d0-4c53-9d3f-e59e795b4b17",
          "title": "Callback & Promise syntax",
          "fullFile": "D:\\MOLFAR\\1\\msapi-parser\\test\\specs\\callbacks-promises\\callbacks-promises.spec.js",
          "file": "\\specs\\callbacks-promises\\callbacks-promises.spec.js",
          "beforeHooks": [],
          "afterHooks": [],
          "tests": [],
          "suites": [
            {
              "uuid": "3048df2c-bf81-4bf2-a68e-e190ebfc4e3b",
              "title": "parse method",
              "fullFile": "D:\\MOLFAR\\1\\msapi-parser\\test\\specs\\callbacks-promises\\callbacks-promises.spec.js",
              "file": "\\specs\\callbacks-promises\\callbacks-promises.spec.js",
              "beforeHooks": [],
              "afterHooks": [],
              "tests": [
                {
                  "title": "should call the callback function upon success",
                  "fullTitle": "Callback & Promise syntax parse method should call the callback function upon success",
                  "timedOut": false,
                  "duration": 12,
                  "state": "passed",
                  "speed": "fast",
                  "pass": true,
                  "fail": false,
                  "pending": false,
                  "context": null,
                  "code": "let parser = new SwaggerParser();\nparser[method](path.rel(\"specs/callbacks-promises/callbacks-promises.yaml\"), (err, result) => {\n  try {\n    expect(err).to.equal(null);\n    expect(result).to.be.an(\"object\");\n    expect(parser.$refs.paths()).to.deep.equal([path.abs(\"specs/callbacks-promises/callbacks-promises.yaml\")]);\n    if (method === \"resolve\") {\n      expect(result).to.equal(parser.$refs);\n    }\n    else {\n      expect(result).to.equal(parser.schema);\n      // Make sure the API was parsed correctly\n      let expected = getSchema(method);\n      expect(result).to.deep.equal(expected);\n    }\n    done();\n  }\n  catch (e) {\n    done(e);\n  }\n});",
                  "err": {},
                  "uuid": "387f44c0-5c50-421d-9086-2ac784481884",
                  "parentUUID": "3048df2c-bf81-4bf2-a68e-e190ebfc4e3b",
                  "isHook": false,
                  "skipped": false
                },
                {
                  "title": "should call the callback function upon failure",
                  "fullTitle": "Callback & Promise syntax parse method should call the callback function upon failure",
                  "timedOut": false,
                  "duration": 3,
                  "state": "passed",
                  "speed": "fast",
                  "pass": true,
                  "fail": false,
                  "pending": false,
                  "context": null,
                  "code": "SwaggerParser[method](path.rel(\"specs/callbacks-promises/callbacks-promises-error.yaml\"), (err, result) => {\n  try {\n    expect(err).to.be.an.instanceOf(SyntaxError);\n    expect(result).to.equal(undefined);\n    done();\n  }\n  catch (e) {\n    done(e);\n  }\n});",
                  "err": {},
                  "uuid": "bbc0b0b6-c3ad-4255-9780-cc6b21199bf5",
                  "parentUUID": "3048df2c-bf81-4bf2-a68e-e190ebfc4e3b",
                  "isHook": false,
                  "skipped": false
                },
                {
                  "title": "should resolve the Promise upon success",
                  "fullTitle": "Callback & Promise syntax parse method should resolve the Promise upon success",
                  "timedOut": false,
                  "duration": 1,
                  "state": "passed",
                  "speed": "fast",
                  "pass": true,
                  "fail": false,
                  "pending": false,
                  "context": null,
                  "code": "let parser = new SwaggerParser();\nreturn parser[method](path.rel(\"specs/callbacks-promises/callbacks-promises.yaml\"))\n  .then((result) => {\n    expect(result).to.be.an(\"object\");\n    expect(parser.$refs.paths()).to.deep.equal([path.abs(\"specs/callbacks-promises/callbacks-promises.yaml\")]);\n    if (method === \"resolve\") {\n      expect(result).to.equal(parser.$refs);\n    }\n    else {\n      expect(result).to.equal(parser.schema);\n      // Make sure the API was parsed correctly\n      let expected = getSchema(method);\n      expect(result).to.deep.equal(expected);\n    }\n  });",
                  "err": {},
                  "uuid": "d8844ba6-22a9-44dc-8b1e-429fee07fb63",
                  "parentUUID": "3048df2c-bf81-4bf2-a68e-e190ebfc4e3b",
                  "isHook": false,
                  "skipped": false
                },
                {
                  "title": "should reject the Promise upon failure",
                  "fullTitle": "Callback & Promise syntax parse method should reject the Promise upon failure",
                  "timedOut": false,
                  "duration": 1,
                  "state": "passed",
                  "speed": "fast",
                  "pass": true,
                  "fail": false,
                  "pending": false,
                  "context": null,
                  "code": "return SwaggerParser[method](path.rel(\"specs/callbacks-promises/callbacks-promises-error.yaml\"))\n  .then(helper.shouldNotGetCalled)\n  .catch((err) => {\n    expect(err).to.be.an.instanceOf(SyntaxError);\n  });",
                  "err": {},
                  "uuid": "beb74b59-1c48-4875-83ef-86dd1069012d",
                  "parentUUID": "3048df2c-bf81-4bf2-a68e-e190ebfc4e3b",
                  "isHook": false,
                  "skipped": false
                }
              ],
              "suites": [],
              "passes": [
                "387f44c0-5c50-421d-9086-2ac784481884",
                "bbc0b0b6-c3ad-4255-9780-cc6b21199bf5",
                "d8844ba6-22a9-44dc-8b1e-429fee07fb63",
                "beb74b59-1c48-4875-83ef-86dd1069012d"
              ],
              "failures": [],
              "pending": [],
              "skipped": [],
              "duration": 17,
              "root": false,
              "rootEmpty": false,
              "_timeout": 2000
            },
            {
              "uuid": "201e7116-6a5d-4818-a441-4833924968a7",
              "title": "resolve method",
              "fullFile": "D:\\MOLFAR\\1\\msapi-parser\\test\\specs\\callbacks-promises\\callbacks-promises.spec.js",
              "file": "\\specs\\callbacks-promises\\callbacks-promises.spec.js",
              "beforeHooks": [],
              "afterHooks": [],
              "tests": [
                {
                  "title": "should call the callback function upon success",
                  "fullTitle": "Callback & Promise syntax resolve method should call the callback function upon success",
                  "timedOut": false,
                  "duration": 4,
                  "state": "passed",
                  "speed": "fast",
                  "pass": true,
                  "fail": false,
                  "pending": false,
                  "context": null,
                  "code": "let parser = new SwaggerParser();\nparser[method](path.rel(\"specs/callbacks-promises/callbacks-promises.yaml\"), (err, result) => {\n  try {\n    expect(err).to.equal(null);\n    expect(result).to.be.an(\"object\");\n    expect(parser.$refs.paths()).to.deep.equal([path.abs(\"specs/callbacks-promises/callbacks-promises.yaml\")]);\n    if (method === \"resolve\") {\n      expect(result).to.equal(parser.$refs);\n    }\n    else {\n      expect(result).to.equal(parser.schema);\n      // Make sure the API was parsed correctly\n      let expected = getSchema(method);\n      expect(result).to.deep.equal(expected);\n    }\n    done();\n  }\n  catch (e) {\n    done(e);\n  }\n});",
                  "err": {},
                  "uuid": "2bd76f0e-5257-4210-92f6-f43698c0b739",
                  "parentUUID": "201e7116-6a5d-4818-a441-4833924968a7",
                  "isHook": false,
                  "skipped": false
                },
                {
                  "title": "should call the callback function upon failure",
                  "fullTitle": "Callback & Promise syntax resolve method should call the callback function upon failure",
                  "timedOut": false,
                  "duration": 1,
                  "state": "passed",
                  "speed": "fast",
                  "pass": true,
                  "fail": false,
                  "pending": false,
                  "context": null,
                  "code": "SwaggerParser[method](path.rel(\"specs/callbacks-promises/callbacks-promises-error.yaml\"), (err, result) => {\n  try {\n    expect(err).to.be.an.instanceOf(SyntaxError);\n    expect(result).to.equal(undefined);\n    done();\n  }\n  catch (e) {\n    done(e);\n  }\n});",
                  "err": {},
                  "uuid": "8f414c02-f803-4922-85de-b94b8b0f7f84",
                  "parentUUID": "201e7116-6a5d-4818-a441-4833924968a7",
                  "isHook": false,
                  "skipped": false
                },
                {
                  "title": "should resolve the Promise upon success",
                  "fullTitle": "Callback & Promise syntax resolve method should resolve the Promise upon success",
                  "timedOut": false,
                  "duration": 2,
                  "state": "passed",
                  "speed": "fast",
                  "pass": true,
                  "fail": false,
                  "pending": false,
                  "context": null,
                  "code": "let parser = new SwaggerParser();\nreturn parser[method](path.rel(\"specs/callbacks-promises/callbacks-promises.yaml\"))\n  .then((result) => {\n    expect(result).to.be.an(\"object\");\n    expect(parser.$refs.paths()).to.deep.equal([path.abs(\"specs/callbacks-promises/callbacks-promises.yaml\")]);\n    if (method === \"resolve\") {\n      expect(result).to.equal(parser.$refs);\n    }\n    else {\n      expect(result).to.equal(parser.schema);\n      // Make sure the API was parsed correctly\n      let expected = getSchema(method);\n      expect(result).to.deep.equal(expected);\n    }\n  });",
                  "err": {},
                  "uuid": "ee204000-00f6-4291-bb1e-bdba18dca867",
                  "parentUUID": "201e7116-6a5d-4818-a441-4833924968a7",
                  "isHook": false,
                  "skipped": false
                },
                {
                  "title": "should reject the Promise upon failure",
                  "fullTitle": "Callback & Promise syntax resolve method should reject the Promise upon failure",
                  "timedOut": false,
                  "duration": 2,
                  "state": "passed",
                  "speed": "fast",
                  "pass": true,
                  "fail": false,
                  "pending": false,
                  "context": null,
                  "code": "return SwaggerParser[method](path.rel(\"specs/callbacks-promises/callbacks-promises-error.yaml\"))\n  .then(helper.shouldNotGetCalled)\n  .catch((err) => {\n    expect(err).to.be.an.instanceOf(SyntaxError);\n  });",
                  "err": {},
                  "uuid": "e6b72045-5af3-47f2-9d5e-6737ca2be090",
                  "parentUUID": "201e7116-6a5d-4818-a441-4833924968a7",
                  "isHook": false,
                  "skipped": false
                }
              ],
              "suites": [],
              "passes": [
                "2bd76f0e-5257-4210-92f6-f43698c0b739",
                "8f414c02-f803-4922-85de-b94b8b0f7f84",
                "ee204000-00f6-4291-bb1e-bdba18dca867",
                "e6b72045-5af3-47f2-9d5e-6737ca2be090"
              ],
              "failures": [],
              "pending": [],
              "skipped": [],
              "duration": 9,
              "root": false,
              "rootEmpty": false,
              "_timeout": 2000
            },
            {
              "uuid": "2f44aa75-829c-4a0e-ada7-752a892c26ba",
              "title": "dereference method",
              "fullFile": "D:\\MOLFAR\\1\\msapi-parser\\test\\specs\\callbacks-promises\\callbacks-promises.spec.js",
              "file": "\\specs\\callbacks-promises\\callbacks-promises.spec.js",
              "beforeHooks": [],
              "afterHooks": [],
              "tests": [
                {
                  "title": "should call the callback function upon success",
                  "fullTitle": "Callback & Promise syntax dereference method should call the callback function upon success",
                  "timedOut": false,
                  "duration": 5,
                  "state": "passed",
                  "speed": "fast",
                  "pass": true,
                  "fail": false,
                  "pending": false,
                  "context": null,
                  "code": "let parser = new SwaggerParser();\nparser[method](path.rel(\"specs/callbacks-promises/callbacks-promises.yaml\"), (err, result) => {\n  try {\n    expect(err).to.equal(null);\n    expect(result).to.be.an(\"object\");\n    expect(parser.$refs.paths()).to.deep.equal([path.abs(\"specs/callbacks-promises/callbacks-promises.yaml\")]);\n    if (method === \"resolve\") {\n      expect(result).to.equal(parser.$refs);\n    }\n    else {\n      expect(result).to.equal(parser.schema);\n      // Make sure the API was parsed correctly\n      let expected = getSchema(method);\n      expect(result).to.deep.equal(expected);\n    }\n    done();\n  }\n  catch (e) {\n    done(e);\n  }\n});",
                  "err": {},
                  "uuid": "6507476b-583a-4904-8dad-88bc81514cdc",
                  "parentUUID": "2f44aa75-829c-4a0e-ada7-752a892c26ba",
                  "isHook": false,
                  "skipped": false
                },
                {
                  "title": "should call the callback function upon failure",
                  "fullTitle": "Callback & Promise syntax dereference method should call the callback function upon failure",
                  "timedOut": false,
                  "duration": 1,
                  "state": "passed",
                  "speed": "fast",
                  "pass": true,
                  "fail": false,
                  "pending": false,
                  "context": null,
                  "code": "SwaggerParser[method](path.rel(\"specs/callbacks-promises/callbacks-promises-error.yaml\"), (err, result) => {\n  try {\n    expect(err).to.be.an.instanceOf(SyntaxError);\n    expect(result).to.equal(undefined);\n    done();\n  }\n  catch (e) {\n    done(e);\n  }\n});",
                  "err": {},
                  "uuid": "1c864269-e309-4ed8-970f-5c13a06d622e",
                  "parentUUID": "2f44aa75-829c-4a0e-ada7-752a892c26ba",
                  "isHook": false,
                  "skipped": false
                },
                {
                  "title": "should resolve the Promise upon success",
                  "fullTitle": "Callback & Promise syntax dereference method should resolve the Promise upon success",
                  "timedOut": false,
                  "duration": 7,
                  "state": "passed",
                  "speed": "fast",
                  "pass": true,
                  "fail": false,
                  "pending": false,
                  "context": null,
                  "code": "let parser = new SwaggerParser();\nreturn parser[method](path.rel(\"specs/callbacks-promises/callbacks-promises.yaml\"))\n  .then((result) => {\n    expect(result).to.be.an(\"object\");\n    expect(parser.$refs.paths()).to.deep.equal([path.abs(\"specs/callbacks-promises/callbacks-promises.yaml\")]);\n    if (method === \"resolve\") {\n      expect(result).to.equal(parser.$refs);\n    }\n    else {\n      expect(result).to.equal(parser.schema);\n      // Make sure the API was parsed correctly\n      let expected = getSchema(method);\n      expect(result).to.deep.equal(expected);\n    }\n  });",
                  "err": {},
                  "uuid": "57ee44f9-edc1-458a-bb8a-ae98ba7050e3",
                  "parentUUID": "2f44aa75-829c-4a0e-ada7-752a892c26ba",
                  "isHook": false,
                  "skipped": false
                },
                {
                  "title": "should reject the Promise upon failure",
                  "fullTitle": "Callback & Promise syntax dereference method should reject the Promise upon failure",
                  "timedOut": false,
                  "duration": 1,
                  "state": "passed",
                  "speed": "fast",
                  "pass": true,
                  "fail": false,
                  "pending": false,
                  "context": null,
                  "code": "return SwaggerParser[method](path.rel(\"specs/callbacks-promises/callbacks-promises-error.yaml\"))\n  .then(helper.shouldNotGetCalled)\n  .catch((err) => {\n    expect(err).to.be.an.instanceOf(SyntaxError);\n  });",
                  "err": {},
                  "uuid": "65d44221-dfb9-4867-afd6-3c799b63adbf",
                  "parentUUID": "2f44aa75-829c-4a0e-ada7-752a892c26ba",
                  "isHook": false,
                  "skipped": false
                }
              ],
              "suites": [],
              "passes": [
                "6507476b-583a-4904-8dad-88bc81514cdc",
                "1c864269-e309-4ed8-970f-5c13a06d622e",
                "57ee44f9-edc1-458a-bb8a-ae98ba7050e3",
                "65d44221-dfb9-4867-afd6-3c799b63adbf"
              ],
              "failures": [],
              "pending": [],
              "skipped": [],
              "duration": 14,
              "root": false,
              "rootEmpty": false,
              "_timeout": 2000
            },
            {
              "uuid": "c82adac5-3efd-42d9-94ee-4a87e3bbee75",
              "title": "bundle method",
              "fullFile": "D:\\MOLFAR\\1\\msapi-parser\\test\\specs\\callbacks-promises\\callbacks-promises.spec.js",
              "file": "\\specs\\callbacks-promises\\callbacks-promises.spec.js",
              "beforeHooks": [],
              "afterHooks": [],
              "tests": [
                {
                  "title": "should call the callback function upon success",
                  "fullTitle": "Callback & Promise syntax bundle method should call the callback function upon success",
                  "timedOut": false,
                  "duration": 15,
                  "state": "passed",
                  "speed": "fast",
                  "pass": true,
                  "fail": false,
                  "pending": false,
                  "context": null,
                  "code": "let parser = new SwaggerParser();\nparser[method](path.rel(\"specs/callbacks-promises/callbacks-promises.yaml\"), (err, result) => {\n  try {\n    expect(err).to.equal(null);\n    expect(result).to.be.an(\"object\");\n    expect(parser.$refs.paths()).to.deep.equal([path.abs(\"specs/callbacks-promises/callbacks-promises.yaml\")]);\n    if (method === \"resolve\") {\n      expect(result).to.equal(parser.$refs);\n    }\n    else {\n      expect(result).to.equal(parser.schema);\n      // Make sure the API was parsed correctly\n      let expected = getSchema(method);\n      expect(result).to.deep.equal(expected);\n    }\n    done();\n  }\n  catch (e) {\n    done(e);\n  }\n});",
                  "err": {},
                  "uuid": "2afadb6b-0ec9-4da0-8d99-fac61c86a31a",
                  "parentUUID": "c82adac5-3efd-42d9-94ee-4a87e3bbee75",
                  "isHook": false,
                  "skipped": false
                },
                {
                  "title": "should call the callback function upon failure",
                  "fullTitle": "Callback & Promise syntax bundle method should call the callback function upon failure",
                  "timedOut": false,
                  "duration": 1,
                  "state": "passed",
                  "speed": "fast",
                  "pass": true,
                  "fail": false,
                  "pending": false,
                  "context": null,
                  "code": "SwaggerParser[method](path.rel(\"specs/callbacks-promises/callbacks-promises-error.yaml\"), (err, result) => {\n  try {\n    expect(err).to.be.an.instanceOf(SyntaxError);\n    expect(result).to.equal(undefined);\n    done();\n  }\n  catch (e) {\n    done(e);\n  }\n});",
                  "err": {},
                  "uuid": "502a9383-3b69-46b7-9f6f-f068ad077d1e",
                  "parentUUID": "c82adac5-3efd-42d9-94ee-4a87e3bbee75",
                  "isHook": false,
                  "skipped": false
                },
                {
                  "title": "should resolve the Promise upon success",
                  "fullTitle": "Callback & Promise syntax bundle method should resolve the Promise upon success",
                  "timedOut": false,
                  "duration": 7,
                  "state": "passed",
                  "speed": "fast",
                  "pass": true,
                  "fail": false,
                  "pending": false,
                  "context": null,
                  "code": "let parser = new SwaggerParser();\nreturn parser[method](path.rel(\"specs/callbacks-promises/callbacks-promises.yaml\"))\n  .then((result) => {\n    expect(result).to.be.an(\"object\");\n    expect(parser.$refs.paths()).to.deep.equal([path.abs(\"specs/callbacks-promises/callbacks-promises.yaml\")]);\n    if (method === \"resolve\") {\n      expect(result).to.equal(parser.$refs);\n    }\n    else {\n      expect(result).to.equal(parser.schema);\n      // Make sure the API was parsed correctly\n      let expected = getSchema(method);\n      expect(result).to.deep.equal(expected);\n    }\n  });",
                  "err": {},
                  "uuid": "b8748d9c-2431-483a-a608-de79ef23545b",
                  "parentUUID": "c82adac5-3efd-42d9-94ee-4a87e3bbee75",
                  "isHook": false,
                  "skipped": false
                },
                {
                  "title": "should reject the Promise upon failure",
                  "fullTitle": "Callback & Promise syntax bundle method should reject the Promise upon failure",
                  "timedOut": false,
                  "duration": 1,
                  "state": "passed",
                  "speed": "fast",
                  "pass": true,
                  "fail": false,
                  "pending": false,
                  "context": null,
                  "code": "return SwaggerParser[method](path.rel(\"specs/callbacks-promises/callbacks-promises-error.yaml\"))\n  .then(helper.shouldNotGetCalled)\n  .catch((err) => {\n    expect(err).to.be.an.instanceOf(SyntaxError);\n  });",
                  "err": {},
                  "uuid": "5213e23c-4ff8-4232-a9ff-a4be005b1d1d",
                  "parentUUID": "c82adac5-3efd-42d9-94ee-4a87e3bbee75",
                  "isHook": false,
                  "skipped": false
                }
              ],
              "suites": [],
              "passes": [
                "2afadb6b-0ec9-4da0-8d99-fac61c86a31a",
                "502a9383-3b69-46b7-9f6f-f068ad077d1e",
                "b8748d9c-2431-483a-a608-de79ef23545b",
                "5213e23c-4ff8-4232-a9ff-a4be005b1d1d"
              ],
              "failures": [],
              "pending": [],
              "skipped": [],
              "duration": 24,
              "root": false,
              "rootEmpty": false,
              "_timeout": 2000
            },
            {
              "uuid": "c5dd9824-f46d-49af-833d-93ca83de989b",
              "title": "validate method",
              "fullFile": "D:\\MOLFAR\\1\\msapi-parser\\test\\specs\\callbacks-promises\\callbacks-promises.spec.js",
              "file": "\\specs\\callbacks-promises\\callbacks-promises.spec.js",
              "beforeHooks": [],
              "afterHooks": [],
              "tests": [
                {
                  "title": "should call the callback function upon success",
                  "fullTitle": "Callback & Promise syntax validate method should call the callback function upon success",
                  "timedOut": false,
                  "duration": 28,
                  "state": "passed",
                  "speed": "fast",
                  "pass": true,
                  "fail": false,
                  "pending": false,
                  "context": null,
                  "code": "let parser = new SwaggerParser();\nparser[method](path.rel(\"specs/callbacks-promises/callbacks-promises.yaml\"), (err, result) => {\n  try {\n    expect(err).to.equal(null);\n    expect(result).to.be.an(\"object\");\n    expect(parser.$refs.paths()).to.deep.equal([path.abs(\"specs/callbacks-promises/callbacks-promises.yaml\")]);\n    if (method === \"resolve\") {\n      expect(result).to.equal(parser.$refs);\n    }\n    else {\n      expect(result).to.equal(parser.schema);\n      // Make sure the API was parsed correctly\n      let expected = getSchema(method);\n      expect(result).to.deep.equal(expected);\n    }\n    done();\n  }\n  catch (e) {\n    done(e);\n  }\n});",
                  "err": {},
                  "uuid": "91481041-ec1e-47d7-9bb7-4e6acba1b0ad",
                  "parentUUID": "c5dd9824-f46d-49af-833d-93ca83de989b",
                  "isHook": false,
                  "skipped": false
                },
                {
                  "title": "should call the callback function upon failure",
                  "fullTitle": "Callback & Promise syntax validate method should call the callback function upon failure",
                  "timedOut": false,
                  "duration": 2,
                  "state": "passed",
                  "speed": "fast",
                  "pass": true,
                  "fail": false,
                  "pending": false,
                  "context": null,
                  "code": "SwaggerParser[method](path.rel(\"specs/callbacks-promises/callbacks-promises-error.yaml\"), (err, result) => {\n  try {\n    expect(err).to.be.an.instanceOf(SyntaxError);\n    expect(result).to.equal(undefined);\n    done();\n  }\n  catch (e) {\n    done(e);\n  }\n});",
                  "err": {},
                  "uuid": "d9c9a9e5-8366-4484-a61e-508e617d7f5e",
                  "parentUUID": "c5dd9824-f46d-49af-833d-93ca83de989b",
                  "isHook": false,
                  "skipped": false
                },
                {
                  "title": "should resolve the Promise upon success",
                  "fullTitle": "Callback & Promise syntax validate method should resolve the Promise upon success",
                  "timedOut": false,
                  "duration": 3,
                  "state": "passed",
                  "speed": "fast",
                  "pass": true,
                  "fail": false,
                  "pending": false,
                  "context": null,
                  "code": "let parser = new SwaggerParser();\nreturn parser[method](path.rel(\"specs/callbacks-promises/callbacks-promises.yaml\"))\n  .then((result) => {\n    expect(result).to.be.an(\"object\");\n    expect(parser.$refs.paths()).to.deep.equal([path.abs(\"specs/callbacks-promises/callbacks-promises.yaml\")]);\n    if (method === \"resolve\") {\n      expect(result).to.equal(parser.$refs);\n    }\n    else {\n      expect(result).to.equal(parser.schema);\n      // Make sure the API was parsed correctly\n      let expected = getSchema(method);\n      expect(result).to.deep.equal(expected);\n    }\n  });",
                  "err": {},
                  "uuid": "9a86476e-366e-4836-97ad-2c9585a4e251",
                  "parentUUID": "c5dd9824-f46d-49af-833d-93ca83de989b",
                  "isHook": false,
                  "skipped": false
                },
                {
                  "title": "should reject the Promise upon failure",
                  "fullTitle": "Callback & Promise syntax validate method should reject the Promise upon failure",
                  "timedOut": false,
                  "duration": 1,
                  "state": "passed",
                  "speed": "fast",
                  "pass": true,
                  "fail": false,
                  "pending": false,
                  "context": null,
                  "code": "return SwaggerParser[method](path.rel(\"specs/callbacks-promises/callbacks-promises-error.yaml\"))\n  .then(helper.shouldNotGetCalled)\n  .catch((err) => {\n    expect(err).to.be.an.instanceOf(SyntaxError);\n  });",
                  "err": {},
                  "uuid": "1a24a06a-29f9-4050-b07c-12494ed31b60",
                  "parentUUID": "c5dd9824-f46d-49af-833d-93ca83de989b",
                  "isHook": false,
                  "skipped": false
                }
              ],
              "suites": [],
              "passes": [
                "91481041-ec1e-47d7-9bb7-4e6acba1b0ad",
                "d9c9a9e5-8366-4484-a61e-508e617d7f5e",
                "9a86476e-366e-4836-97ad-2c9585a4e251",
                "1a24a06a-29f9-4050-b07c-12494ed31b60"
              ],
              "failures": [],
              "pending": [],
              "skipped": [],
              "duration": 34,
              "root": false,
              "rootEmpty": false,
              "_timeout": 2000
            }
          ],
          "passes": [],
          "failures": [],
          "pending": [],
          "skipped": [],
          "duration": 0,
          "root": false,
          "rootEmpty": false,
          "_timeout": 2000
        },
        {
          "uuid": "a8f7fbee-6f43-41f8-b898-bf4d33c93ecd",
          "title": "API with circular (recursive) $refs",
          "fullFile": "D:\\MOLFAR\\1\\msapi-parser\\test\\specs\\circular\\circular.spec.js",
          "file": "\\specs\\circular\\circular.spec.js",
          "beforeHooks": [],
          "afterHooks": [],
          "tests": [
            {
              "title": "should parse successfully",
              "fullTitle": "API with circular (recursive) $refs should parse successfully",
              "timedOut": false,
              "duration": 2,
              "state": "passed",
              "speed": "fast",
              "pass": true,
              "fail": false,
              "pending": false,
              "context": null,
              "code": "let parser = new SwaggerParser();\nconst api = await parser.parse(path.rel(\"specs/circular/circular.yaml\"));\nexpect(api).to.equal(parser.api);\nexpect(api).to.deep.equal(parsedAPI.api);\nexpect(parser.$refs.paths()).to.deep.equal([path.abs(\"specs/circular/circular.yaml\")]);",
              "err": {},
              "uuid": "075e0609-195c-4e6c-938c-ff2b65af13ee",
              "parentUUID": "a8f7fbee-6f43-41f8-b898-bf4d33c93ecd",
              "isHook": false,
              "skipped": false
            },
            {
              "title": "should resolve successfully",
              "fullTitle": "API with circular (recursive) $refs should resolve successfully",
              "timedOut": false,
              "duration": 7,
              "state": "passed",
              "speed": "fast",
              "pass": true,
              "fail": false,
              "pending": false,
              "context": null,
              "code": "let parser = new SwaggerParser();\nlet $refs = await parser.resolve(schemaFile);\nexpect(parser.api).to.deep.equal(parsedAPI);\nexpect(parser.$refs).to.equal($refs);\n// Resolved file paths\nexpect($refs.paths()).to.have.same.members(expectedFiles);\nif (host.node) {\n  expect($refs.paths([\"file\"])).to.have.same.members(expectedFiles);\n  expect($refs.paths(\"http\")).to.be.an(\"array\").with.lengthOf(0);\n}\nelse {\n  expect($refs.paths([\"http\", \"https\"])).to.have.same.members(expectedFiles);\n  expect($refs.paths(\"fs\")).to.be.an(\"array\").with.lengthOf(0);\n}\n// Resolved values\nlet values = $refs.values();\nexpect(values).to.have.keys(expectedFiles);\nfor (let [i, file] of expectedFiles.entries()) {\n  let actual = helper.convertNodeBuffersToPOJOs(values[file]);\n  let expected = expectedValues[i];\n  expect(actual).to.deep.equal(expected, file);\n}",
              "err": {},
              "uuid": "1de8b886-c54f-480d-9255-f372b406f59d",
              "parentUUID": "a8f7fbee-6f43-41f8-b898-bf4d33c93ecd",
              "isHook": false,
              "skipped": false
            },
            {
              "title": "should dereference successfully",
              "fullTitle": "API with circular (recursive) $refs should dereference successfully",
              "timedOut": false,
              "duration": 4,
              "state": "passed",
              "speed": "fast",
              "pass": true,
              "fail": false,
              "pending": false,
              "context": null,
              "code": "let parser = new SwaggerParser();\nconst api = await parser.dereference(path.rel(\"specs/circular/circular.yaml\"));\nexpect(api).to.equal(parser.api);\nexpect(api).to.deep.equal(dereferencedAPI);\n// Reference equality\nexpect(api.definitions.person.properties.spouse).to.equal(api.definitions.person);\nexpect(api.definitions.parent.properties.children.items).to.equal(api.definitions.child);\nexpect(api.definitions.child.properties.parents.items).to.equal(api.definitions.parent);",
              "err": {},
              "uuid": "37d813b7-b9cc-44a8-a31c-6c3be0beeacb",
              "parentUUID": "a8f7fbee-6f43-41f8-b898-bf4d33c93ecd",
              "isHook": false,
              "skipped": false
            },
            {
              "title": "should validate successfully",
              "fullTitle": "API with circular (recursive) $refs should validate successfully",
              "timedOut": false,
              "duration": 6,
              "state": "passed",
              "speed": "fast",
              "pass": true,
              "fail": false,
              "pending": false,
              "context": null,
              "code": "let parser = new SwaggerParser();\nconst api = await parser.validate(path.rel(\"specs/circular/circular.yaml\"));\nexpect(api).to.equal(parser.api);\nexpect(api).to.deep.equal(validatedAPI.fullyDereferenced);\n// Reference equality\nexpect(api.definitions.person.properties.spouse).to.equal(api.definitions.person);\nexpect(api.definitions.parent.properties.children.items).to.equal(api.definitions.child);\nexpect(api.definitions.child.properties.parents.items).to.equal(api.definitions.parent);",
              "err": {},
              "uuid": "4a7b8925-9594-4597-a5f8-ed4810f194af",
              "parentUUID": "a8f7fbee-6f43-41f8-b898-bf4d33c93ecd",
              "isHook": false,
              "skipped": false
            },
            {
              "title": "should not dereference circular $refs if \"options.dereference.circular\" is \"ignore\"",
              "fullTitle": "API with circular (recursive) $refs should not dereference circular $refs if \"options.dereference.circular\" is \"ignore\"",
              "timedOut": false,
              "duration": 5,
              "state": "passed",
              "speed": "fast",
              "pass": true,
              "fail": false,
              "pending": false,
              "context": null,
              "code": "let parser = new SwaggerParser();\nconst api = await parser.validate(path.rel(\"specs/circular/circular.yaml\"), { dereference: { circular: \"ignore\" }});\nexpect(api).to.equal(parser.api);\nexpect(api).to.deep.equal(validatedAPI.ignoreCircular$Refs);\n// Reference equality\nexpect(api.paths[\"/pet\"].get.responses[\"200\"].schema).to.equal(api.definitions.pet);",
              "err": {},
              "uuid": "44d08e51-e998-4164-85a1-79fa8b490b93",
              "parentUUID": "a8f7fbee-6f43-41f8-b898-bf4d33c93ecd",
              "isHook": false,
              "skipped": false
            },
            {
              "title": "should fail validation if \"options.dereference.circular\" is false",
              "fullTitle": "API with circular (recursive) $refs should fail validation if \"options.dereference.circular\" is false",
              "timedOut": false,
              "duration": 6,
              "state": "passed",
              "speed": "fast",
              "pass": true,
              "fail": false,
              "pending": false,
              "context": null,
              "code": "let parser = new SwaggerParser();\ntry {\n  await parser.validate(path.rel(\"specs/circular/circular.yaml\"), { dereference: { circular: false }});\n  helper.shouldNotGetCalled();\n}\ncatch (err) {\n  expect(err).to.be.an.instanceOf(ReferenceError);\n  expect(err.message).to.equal(\"The API contains circular references\");\n}",
              "err": {},
              "uuid": "14076d52-6fe6-4258-9c2a-b31bdee6972b",
              "parentUUID": "a8f7fbee-6f43-41f8-b898-bf4d33c93ecd",
              "isHook": false,
              "skipped": false
            },
            {
              "title": "should bundle successfully",
              "fullTitle": "API with circular (recursive) $refs should bundle successfully",
              "timedOut": false,
              "duration": 10,
              "state": "passed",
              "speed": "fast",
              "pass": true,
              "fail": false,
              "pending": false,
              "context": null,
              "code": "let parser = new SwaggerParser();\nconst api = await parser.bundle(path.rel(\"specs/circular/circular.yaml\"));\nexpect(api).to.equal(parser.api);\nexpect(api).to.deep.equal(bundledAPI);",
              "err": {},
              "uuid": "6bfd2109-e7f8-495e-9b72-e445f158be0f",
              "parentUUID": "a8f7fbee-6f43-41f8-b898-bf4d33c93ecd",
              "isHook": false,
              "skipped": false
            }
          ],
          "suites": [],
          "passes": [
            "075e0609-195c-4e6c-938c-ff2b65af13ee",
            "1de8b886-c54f-480d-9255-f372b406f59d",
            "37d813b7-b9cc-44a8-a31c-6c3be0beeacb",
            "4a7b8925-9594-4597-a5f8-ed4810f194af",
            "44d08e51-e998-4164-85a1-79fa8b490b93",
            "14076d52-6fe6-4258-9c2a-b31bdee6972b",
            "6bfd2109-e7f8-495e-9b72-e445f158be0f"
          ],
          "failures": [],
          "pending": [],
          "skipped": [],
          "duration": 40,
          "root": false,
          "rootEmpty": false,
          "_timeout": 2000
        },
        {
          "uuid": "990b0069-5c56-4f3d-a07d-e7b334011f1d",
          "title": "API with deeply-nested circular $refs",
          "fullFile": "D:\\MOLFAR\\1\\msapi-parser\\test\\specs\\deep-circular\\deep-circular.spec.js",
          "file": "\\specs\\deep-circular\\deep-circular.spec.js",
          "beforeHooks": [],
          "afterHooks": [],
          "tests": [
            {
              "title": "should parse successfully",
              "fullTitle": "API with deeply-nested circular $refs should parse successfully",
              "timedOut": false,
              "duration": 3,
              "state": "passed",
              "speed": "fast",
              "pass": true,
              "fail": false,
              "pending": false,
              "context": null,
              "code": "let parser = new SwaggerParser();\nconst api = await parser.parse(path.rel(\"specs/deep-circular/deep-circular.yaml\"));\nexpect(api).to.equal(parser.api);\nexpect(api).to.deep.equal(parsedAPI.api);\nexpect(parser.$refs.paths()).to.deep.equal([path.abs(\"specs/deep-circular/deep-circular.yaml\")]);",
              "err": {},
              "uuid": "d56613ce-b166-41f2-af31-65d020a791c4",
              "parentUUID": "990b0069-5c56-4f3d-a07d-e7b334011f1d",
              "isHook": false,
              "skipped": false
            },
            {
              "title": "should resolve successfully",
              "fullTitle": "API with deeply-nested circular $refs should resolve successfully",
              "timedOut": false,
              "duration": 9,
              "state": "passed",
              "speed": "fast",
              "pass": true,
              "fail": false,
              "pending": false,
              "context": null,
              "code": "let parser = new SwaggerParser();\nlet $refs = await parser.resolve(schemaFile);\nexpect(parser.api).to.deep.equal(parsedAPI);\nexpect(parser.$refs).to.equal($refs);\n// Resolved file paths\nexpect($refs.paths()).to.have.same.members(expectedFiles);\nif (host.node) {\n  expect($refs.paths([\"file\"])).to.have.same.members(expectedFiles);\n  expect($refs.paths(\"http\")).to.be.an(\"array\").with.lengthOf(0);\n}\nelse {\n  expect($refs.paths([\"http\", \"https\"])).to.have.same.members(expectedFiles);\n  expect($refs.paths(\"fs\")).to.be.an(\"array\").with.lengthOf(0);\n}\n// Resolved values\nlet values = $refs.values();\nexpect(values).to.have.keys(expectedFiles);\nfor (let [i, file] of expectedFiles.entries()) {\n  let actual = helper.convertNodeBuffersToPOJOs(values[file]);\n  let expected = expectedValues[i];\n  expect(actual).to.deep.equal(expected, file);\n}",
              "err": {},
              "uuid": "fd2ceab6-c5d8-41af-b739-ff1d79daf5f8",
              "parentUUID": "990b0069-5c56-4f3d-a07d-e7b334011f1d",
              "isHook": false,
              "skipped": false
            },
            {
              "title": "should dereference successfully",
              "fullTitle": "API with deeply-nested circular $refs should dereference successfully",
              "timedOut": false,
              "duration": 15,
              "state": "passed",
              "speed": "fast",
              "pass": true,
              "fail": false,
              "pending": false,
              "context": null,
              "code": "let parser = new SwaggerParser();\nconst api = await parser.dereference(path.rel(\"specs/deep-circular/deep-circular.yaml\"));\nexpect(api).to.equal(parser.api);\nexpect(api).to.deep.equal(dereferencedAPI);\n// Reference equality\nexpect(api.paths[\"/family-tree\"].get.responses[\"200\"].schema.properties.name.type)\n  .to.equal(api.paths[\"/family-tree\"].get.responses[\"200\"].schema.properties.level1.properties.name.type)\n  .to.equal(api.paths[\"/family-tree\"].get.responses[\"200\"].schema.properties.level1.properties.level2.properties.name.type)\n  .to.equal(api.paths[\"/family-tree\"].get.responses[\"200\"].schema.properties.level1.properties.level2.properties.level3.properties.name.type)\n  .to.equal(api.paths[\"/family-tree\"].get.responses[\"200\"].schema.properties.level1.properties.level2.properties.level3.properties.level4.properties.name.type);",
              "err": {},
              "uuid": "b88d858b-b6f8-4b59-94c5-27c404171c20",
              "parentUUID": "990b0069-5c56-4f3d-a07d-e7b334011f1d",
              "isHook": false,
              "skipped": false
            },
            {
              "title": "should validate successfully",
              "fullTitle": "API with deeply-nested circular $refs should validate successfully",
              "timedOut": false,
              "duration": 31,
              "state": "passed",
              "speed": "fast",
              "pass": true,
              "fail": false,
              "pending": false,
              "context": null,
              "code": "let parser = new SwaggerParser();\nconst api = await parser.validate(path.rel(\"specs/deep-circular/deep-circular.yaml\"));\nexpect(api).to.equal(parser.api);\nexpect(api).to.deep.equal(dereferencedAPI);\n// Reference equality\nexpect(api.paths[\"/family-tree\"].get.responses[\"200\"].schema.properties.name.type)\n  .to.equal(api.paths[\"/family-tree\"].get.responses[\"200\"].schema.properties.level1.properties.name.type)\n  .to.equal(api.paths[\"/family-tree\"].get.responses[\"200\"].schema.properties.level1.properties.level2.properties.name.type)\n  .to.equal(api.paths[\"/family-tree\"].get.responses[\"200\"].schema.properties.level1.properties.level2.properties.level3.properties.name.type)\n  .to.equal(api.paths[\"/family-tree\"].get.responses[\"200\"].schema.properties.level1.properties.level2.properties.level3.properties.level4.properties.name.type);",
              "err": {},
              "uuid": "7d6e1c14-b5e3-492c-8a2e-33d494bef689",
              "parentUUID": "990b0069-5c56-4f3d-a07d-e7b334011f1d",
              "isHook": false,
              "skipped": false
            },
            {
              "title": "should bundle successfully",
              "fullTitle": "API with deeply-nested circular $refs should bundle successfully",
              "timedOut": false,
              "duration": 64,
              "state": "passed",
              "speed": "medium",
              "pass": true,
              "fail": false,
              "pending": false,
              "context": null,
              "code": "let parser = new SwaggerParser();\nconst api = await parser.bundle(path.rel(\"specs/deep-circular/deep-circular.yaml\"));\nexpect(api).to.equal(parser.api);\nexpect(api).to.deep.equal(bundledAPI);",
              "err": {},
              "uuid": "2bfdc52f-ac7c-42a2-ab79-d183d28e30ff",
              "parentUUID": "990b0069-5c56-4f3d-a07d-e7b334011f1d",
              "isHook": false,
              "skipped": false
            }
          ],
          "suites": [],
          "passes": [
            "d56613ce-b166-41f2-af31-65d020a791c4",
            "fd2ceab6-c5d8-41af-b739-ff1d79daf5f8",
            "b88d858b-b6f8-4b59-94c5-27c404171c20",
            "7d6e1c14-b5e3-492c-8a2e-33d494bef689",
            "2bfdc52f-ac7c-42a2-ab79-d183d28e30ff"
          ],
          "failures": [],
          "pending": [],
          "skipped": [],
          "duration": 122,
          "root": false,
          "rootEmpty": false,
          "_timeout": 2000
        },
        {
          "uuid": "05ec7425-9fe3-4a5f-aab8-ffbf81133335",
          "title": "Exports",
          "fullFile": "D:\\MOLFAR\\1\\msapi-parser\\test\\specs\\exports.spec.js",
          "file": "\\specs\\exports.spec.js",
          "beforeHooks": [],
          "afterHooks": [],
          "tests": [
            {
              "title": "should export the SwaggerParser class",
              "fullTitle": "Exports should export the SwaggerParser class",
              "timedOut": false,
              "duration": 0,
              "state": "passed",
              "speed": "fast",
              "pass": true,
              "fail": false,
              "pending": false,
              "context": null,
              "code": "expect(SwaggerParser).to.be.a(\"function\");",
              "err": {},
              "uuid": "3df3a510-f8b5-4272-99f9-8c6601e4160d",
              "parentUUID": "05ec7425-9fe3-4a5f-aab8-ffbf81133335",
              "isHook": false,
              "skipped": false
            },
            {
              "title": "should export all the static methods of SwaggerParser",
              "fullTitle": "Exports should export all the static methods of SwaggerParser",
              "timedOut": false,
              "duration": 0,
              "state": "passed",
              "speed": "fast",
              "pass": true,
              "fail": false,
              "pending": false,
              "context": null,
              "code": "expect(SwaggerParser.parse).to.be.a(\"function\");\nexpect(SwaggerParser.resolve).to.be.a(\"function\");\nexpect(SwaggerParser.bundle).to.be.a(\"function\");\nexpect(SwaggerParser.dereference).to.be.a(\"function\");",
              "err": {},
              "uuid": "4dfbb0b7-7489-46fe-85e5-c96593b2dee2",
              "parentUUID": "05ec7425-9fe3-4a5f-aab8-ffbf81133335",
              "isHook": false,
              "skipped": false
            },
            {
              "title": "should export the validate method",
              "fullTitle": "Exports should export the validate method",
              "timedOut": false,
              "duration": 0,
              "state": "passed",
              "speed": "fast",
              "pass": true,
              "fail": false,
              "pending": false,
              "context": null,
              "code": "expect(SwaggerParser.validate).to.be.a(\"function\");",
              "err": {},
              "uuid": "7dc8425f-5daf-4584-9a43-5e66cbdc8a00",
              "parentUUID": "05ec7425-9fe3-4a5f-aab8-ffbf81133335",
              "isHook": false,
              "skipped": false
            }
          ],
          "suites": [],
          "passes": [
            "3df3a510-f8b5-4272-99f9-8c6601e4160d",
            "4dfbb0b7-7489-46fe-85e5-c96593b2dee2",
            "7dc8425f-5daf-4584-9a43-5e66cbdc8a00"
          ],
          "failures": [],
          "pending": [],
          "skipped": [],
          "duration": 0,
          "root": false,
          "rootEmpty": false,
          "_timeout": 2000
        },
        {
          "uuid": "d5367d50-02f5-4d78-a5ea-266f35578ce3",
          "title": "Invalid APIs (can't be parsed)",
          "fullFile": "D:\\MOLFAR\\1\\msapi-parser\\test\\specs\\invalid\\invalid.spec.js",
          "file": "\\specs\\invalid\\invalid.spec.js",
          "beforeHooks": [],
          "afterHooks": [],
          "tests": [
            {
              "title": "not a Swagger API",
              "fullTitle": "Invalid APIs (can't be parsed) not a Swagger API",
              "timedOut": false,
              "duration": 1,
              "state": "passed",
              "speed": "fast",
              "pass": true,
              "fail": false,
              "pending": false,
              "context": null,
              "code": "try {\n  await SwaggerParser.parse(path.rel(\"specs/invalid/not-swagger.yaml\"));\n  helper.shouldNotGetCalled();\n}\ncatch (err) {\n  expect(err).to.be.an.instanceOf(SyntaxError);\n  expect(err.message).to.contain(\"not-swagger.yaml is not a valid Openapi API definition\");\n}",
              "err": {},
              "uuid": "cae51a38-80a5-4c3f-8d55-f813de7c270a",
              "parentUUID": "d5367d50-02f5-4d78-a5ea-266f35578ce3",
              "isHook": false,
              "skipped": false
            },
            {
              "title": "invalid Swagger version (1.2)",
              "fullTitle": "Invalid APIs (can't be parsed) invalid Swagger version (1.2)",
              "timedOut": false,
              "duration": 1,
              "state": "passed",
              "speed": "fast",
              "pass": true,
              "fail": false,
              "pending": false,
              "context": null,
              "code": "try {\n  await SwaggerParser.dereference(path.rel(\"specs/invalid/old-version.yaml\"));\n  helper.shouldNotGetCalled();\n}\ncatch (err) {\n  expect(err).to.be.an.instanceOf(SyntaxError);\n  expect(err.message).to.equal(\"Unrecognized Swagger version: 1.2. Expected 2.0\");\n}",
              "err": {},
              "uuid": "90a65272-064f-493e-a2f7-7bdc61f2a071",
              "parentUUID": "d5367d50-02f5-4d78-a5ea-266f35578ce3",
              "isHook": false,
              "skipped": false
            },
            {
              "title": "invalid Swagger version (3.0)",
              "fullTitle": "Invalid APIs (can't be parsed) invalid Swagger version (3.0)",
              "timedOut": false,
              "duration": 1,
              "state": "passed",
              "speed": "fast",
              "pass": true,
              "fail": false,
              "pending": false,
              "context": null,
              "code": "try {\n  await SwaggerParser.bundle(path.rel(\"specs/invalid/newer-version.yaml\"));\n  helper.shouldNotGetCalled();\n}\ncatch (err) {\n  expect(err).to.be.an.instanceOf(SyntaxError);\n  expect(err.message).to.equal(\"Unrecognized Swagger version: 3.0. Expected 2.0\");\n}",
              "err": {},
              "uuid": "8695d402-7224-4f4b-a013-4f88cf1e7e7f",
              "parentUUID": "d5367d50-02f5-4d78-a5ea-266f35578ce3",
              "isHook": false,
              "skipped": false
            },
            {
              "title": "numeric Swagger version (instead of a string)",
              "fullTitle": "Invalid APIs (can't be parsed) numeric Swagger version (instead of a string)",
              "timedOut": false,
              "duration": 2,
              "state": "passed",
              "speed": "fast",
              "pass": true,
              "fail": false,
              "pending": false,
              "context": null,
              "code": "try {\n  await SwaggerParser.validate(path.rel(\"specs/invalid/numeric-version.yaml\"));\n  helper.shouldNotGetCalled();\n}\ncatch (err) {\n  expect(err).to.be.an.instanceOf(SyntaxError);\n  expect(err.message).to.equal('Swagger version number must be a string (e.g. \\\"2.0\\\") not a number.');\n}",
              "err": {},
              "uuid": "9b635b06-6e78-4614-a4c8-928fc0c06f97",
              "parentUUID": "d5367d50-02f5-4d78-a5ea-266f35578ce3",
              "isHook": false,
              "skipped": false
            },
            {
              "title": "numeric API version (instead of a string)",
              "fullTitle": "Invalid APIs (can't be parsed) numeric API version (instead of a string)",
              "timedOut": false,
              "duration": 1,
              "state": "passed",
              "speed": "fast",
              "pass": true,
              "fail": false,
              "pending": false,
              "context": null,
              "code": "try {\n  await SwaggerParser.validate(path.rel(\"specs/invalid/numeric-info-version.yaml\"));\n  helper.shouldNotGetCalled();\n}\ncatch (err) {\n  expect(err).to.be.an.instanceOf(SyntaxError);\n  expect(err.message).to.equal('API version number must be a string (e.g. \\\"1.0.0\\\") not a number.');\n}",
              "err": {},
              "uuid": "b0fdef7e-4354-4a8c-aeb2-078761824f53",
              "parentUUID": "d5367d50-02f5-4d78-a5ea-266f35578ce3",
              "isHook": false,
              "skipped": false
            }
          ],
          "suites": [],
          "passes": [
            "cae51a38-80a5-4c3f-8d55-f813de7c270a",
            "90a65272-064f-493e-a2f7-7bdc61f2a071",
            "8695d402-7224-4f4b-a013-4f88cf1e7e7f",
            "9b635b06-6e78-4614-a4c8-928fc0c06f97",
            "b0fdef7e-4354-4a8c-aeb2-078761824f53"
          ],
          "failures": [],
          "pending": [],
          "skipped": [],
          "duration": 6,
          "root": false,
          "rootEmpty": false,
          "_timeout": 2000
        },
        {
          "uuid": "ebee1c14-93b2-4283-adbd-bba09a68ac3b",
          "title": "Object sources (instead of file paths)",
          "fullFile": "D:\\MOLFAR\\1\\msapi-parser\\test\\specs\\object-source\\object-source.spec.js",
          "file": "\\specs\\object-source\\object-source.spec.js",
          "beforeHooks": [],
          "afterHooks": [],
          "tests": [
            {
              "title": "should dereference an object that references external files",
              "fullTitle": "Object sources (instead of file paths) should dereference an object that references external files",
              "timedOut": false,
              "duration": 9,
              "state": "passed",
              "speed": "fast",
              "pass": true,
              "fail": false,
              "pending": false,
              "context": null,
              "code": "let parser = new SwaggerParser();\nconst api = await parser.dereference(helper.cloneDeep(parsedAPI.api));\nexpect(api).to.equal(parser.api);\nexpect(api).to.deep.equal(dereferencedAPI);\n// The API path should be the current directory, and all other paths should be absolute\nlet expectedPaths = [\n  path.cwd(),\n  path.abs(\"specs/object-source/definitions/definitions.json\"),\n  path.abs(\"specs/object-source/definitions/name.yaml\"),\n  path.abs(\"specs/object-source/definitions/required-string.yaml\")\n];\nexpect(parser.$refs.paths()).to.have.same.members(expectedPaths);\nexpect(parser.$refs.values()).to.have.keys(expectedPaths);\n// Reference equality\nexpect(api.paths[\"/people/{name}\"].get.responses[\"200\"].schema)\n  .to.equal(api.definitions.name);\nexpect(api.definitions.requiredString)\n  .to.equal(api.definitions.name.properties.first)\n  .to.equal(api.definitions.name.properties.last)\n  .to.equal(api.paths[\"/people/{name}\"].get.responses[\"200\"].schema.properties.first)\n  .to.equal(api.paths[\"/people/{name}\"].get.responses[\"200\"].schema.properties.last);",
              "err": {},
              "uuid": "3f959111-2909-4998-b997-30bd288db06e",
              "parentUUID": "ebee1c14-93b2-4283-adbd-bba09a68ac3b",
              "isHook": false,
              "skipped": false
            },
            {
              "title": "should bundle an object that references external files",
              "fullTitle": "Object sources (instead of file paths) should bundle an object that references external files",
              "timedOut": false,
              "duration": 7,
              "state": "passed",
              "speed": "fast",
              "pass": true,
              "fail": false,
              "pending": false,
              "context": null,
              "code": "let parser = new SwaggerParser();\nconst api = await parser.bundle(helper.cloneDeep(parsedAPI.api));\nexpect(api).to.equal(parser.api);\nexpect(api).to.deep.equal(bundledAPI);\n// The API path should be the current directory, and all other paths should be absolute\nlet expectedPaths = [\n  path.cwd(),\n  path.abs(\"specs/object-source/definitions/definitions.json\"),\n  path.abs(\"specs/object-source/definitions/name.yaml\"),\n  path.abs(\"specs/object-source/definitions/required-string.yaml\")\n];\nexpect(parser.$refs.paths()).to.have.same.members(expectedPaths);\nexpect(parser.$refs.values()).to.have.keys(expectedPaths);",
              "err": {},
              "uuid": "3b620a26-a1b3-4734-8372-c146d5437b40",
              "parentUUID": "ebee1c14-93b2-4283-adbd-bba09a68ac3b",
              "isHook": false,
              "skipped": false
            },
            {
              "title": "should validate an object that references external files",
              "fullTitle": "Object sources (instead of file paths) should validate an object that references external files",
              "timedOut": false,
              "duration": 5,
              "state": "passed",
              "speed": "fast",
              "pass": true,
              "fail": false,
              "pending": false,
              "context": null,
              "code": "let parser = new SwaggerParser();\nconst api = await parser.dereference(helper.cloneDeep(parsedAPI.api));\nexpect(api).to.equal(parser.api);\nexpect(api).to.deep.equal(dereferencedAPI);\n// The API path should be the current directory, and all other paths should be absolute\nlet expectedPaths = [\n  path.cwd(),\n  path.abs(\"specs/object-source/definitions/definitions.json\"),\n  path.abs(\"specs/object-source/definitions/name.yaml\"),\n  path.abs(\"specs/object-source/definitions/required-string.yaml\")\n];\nexpect(parser.$refs.paths()).to.have.same.members(expectedPaths);\nexpect(parser.$refs.values()).to.have.keys(expectedPaths);\n// Reference equality\nexpect(api.paths[\"/people/{name}\"].get.responses[\"200\"].schema)\n  .to.equal(api.definitions.name);\nexpect(api.definitions.requiredString)\n  .to.equal(api.definitions.name.properties.first)\n  .to.equal(api.definitions.name.properties.last)\n  .to.equal(api.paths[\"/people/{name}\"].get.responses[\"200\"].schema.properties.first)\n  .to.equal(api.paths[\"/people/{name}\"].get.responses[\"200\"].schema.properties.last);",
              "err": {},
              "uuid": "82bd5d1b-ee0a-4749-8f69-32f57118b371",
              "parentUUID": "ebee1c14-93b2-4283-adbd-bba09a68ac3b",
              "isHook": false,
              "skipped": false
            }
          ],
          "suites": [],
          "passes": [
            "3f959111-2909-4998-b997-30bd288db06e",
            "3b620a26-a1b3-4734-8372-c146d5437b40",
            "82bd5d1b-ee0a-4749-8f69-32f57118b371"
          ],
          "failures": [],
          "pending": [],
          "skipped": [],
          "duration": 21,
          "root": false,
          "rootEmpty": false,
          "_timeout": 2000
        },
        {
          "uuid": "23f2b1fa-b1dd-4431-a6ef-dec78e79e63e",
          "title": "API with $refs to unknown file types",
          "fullFile": "D:\\MOLFAR\\1\\msapi-parser\\test\\specs\\unknown\\unknown.spec.js",
          "file": "\\specs\\unknown\\unknown.spec.js",
          "beforeHooks": [
            {
              "title": "\"before each\" hook in \"API with $refs to unknown file types\"",
              "fullTitle": "API with $refs to unknown file types \"before each\" hook in \"API with $refs to unknown file types\"",
              "timedOut": false,
              "duration": 0,
              "state": null,
              "speed": null,
              "pass": false,
              "fail": false,
              "pending": false,
              "context": null,
              "code": "// Some old Webkit browsers throw an error when downloading zero-byte files.\nwindowOnError = host.global.onerror;\nhost.global.onerror = function () {\n  testDone();\n  return true;\n};",
              "err": {},
              "uuid": "5658a5e9-ec24-48e0-aef7-71a062eec4e2",
              "parentUUID": "23f2b1fa-b1dd-4431-a6ef-dec78e79e63e",
              "isHook": true,
              "skipped": false
            }
          ],
          "afterHooks": [
            {
              "title": "\"after each\" hook in \"API with $refs to unknown file types\"",
              "fullTitle": "API with $refs to unknown file types \"after each\" hook in \"API with $refs to unknown file types\"",
              "timedOut": false,
              "duration": 0,
              "state": null,
              "speed": null,
              "pass": false,
              "fail": false,
              "pending": false,
              "context": null,
              "code": "host.global.onerror = windowOnError;",
              "err": {},
              "uuid": "1a15b093-35b6-4a10-80c1-1034b527e968",
              "parentUUID": "23f2b1fa-b1dd-4431-a6ef-dec78e79e63e",
              "isHook": true,
              "skipped": false
            }
          ],
          "tests": [
            {
              "title": "should parse successfully",
              "fullTitle": "API with $refs to unknown file types should parse successfully",
              "timedOut": false,
              "duration": 2,
              "state": "passed",
              "speed": "fast",
              "pass": true,
              "fail": false,
              "pending": false,
              "context": null,
              "code": "let parser = new SwaggerParser();\nlet api = await parser.parse(path.rel(\"specs/unknown/unknown.yaml\"));\nexpect(api).to.equal(parser.api);\nexpect(api).to.deep.equal(parsedAPI.api);\nexpect(parser.$refs.paths()).to.deep.equal([path.abs(\"specs/unknown/unknown.yaml\")]);",
              "err": {},
              "uuid": "553f076d-c588-453e-ab08-fdad793c6c9d",
              "parentUUID": "23f2b1fa-b1dd-4431-a6ef-dec78e79e63e",
              "isHook": false,
              "skipped": false
            },
            {
              "title": "should resolve successfully",
              "fullTitle": "API with $refs to unknown file types should resolve successfully",
              "timedOut": false,
              "duration": 4,
              "state": "passed",
              "speed": "fast",
              "pass": true,
              "fail": false,
              "pending": false,
              "context": null,
              "code": "let parser = new SwaggerParser();\nlet $refs = await parser.resolve(schemaFile);\nexpect(parser.api).to.deep.equal(parsedAPI);\nexpect(parser.$refs).to.equal($refs);\n// Resolved file paths\nexpect($refs.paths()).to.have.same.members(expectedFiles);\nif (host.node) {\n  expect($refs.paths([\"file\"])).to.have.same.members(expectedFiles);\n  expect($refs.paths(\"http\")).to.be.an(\"array\").with.lengthOf(0);\n}\nelse {\n  expect($refs.paths([\"http\", \"https\"])).to.have.same.members(expectedFiles);\n  expect($refs.paths(\"fs\")).to.be.an(\"array\").with.lengthOf(0);\n}\n// Resolved values\nlet values = $refs.values();\nexpect(values).to.have.keys(expectedFiles);\nfor (let [i, file] of expectedFiles.entries()) {\n  let actual = helper.convertNodeBuffersToPOJOs(values[file]);\n  let expected = expectedValues[i];\n  expect(actual).to.deep.equal(expected, file);\n}",
              "err": {},
              "uuid": "540a7ab8-7d8b-486e-a645-42426ef0e2e6",
              "parentUUID": "23f2b1fa-b1dd-4431-a6ef-dec78e79e63e",
              "isHook": false,
              "skipped": false
            },
            {
              "title": "should dereference successfully",
              "fullTitle": "API with $refs to unknown file types should dereference successfully",
              "timedOut": false,
              "duration": 7,
              "state": "passed",
              "speed": "fast",
              "pass": true,
              "fail": false,
              "pending": false,
              "context": null,
              "code": "let parser = new SwaggerParser();\nlet api = await parser.dereference(path.rel(\"specs/unknown/unknown.yaml\"));\nexpect(api).to.equal(parser.api);\napi.paths[\"/files/text\"].get.responses[\"200\"].default =\n  helper.convertNodeBuffersToPOJOs(dereferencedAPI.paths[\"/files/text\"].get.responses[\"200\"].default);\napi.paths[\"/files/html\"].get.responses[\"200\"].default =\n  helper.convertNodeBuffersToPOJOs(dereferencedAPI.paths[\"/files/html\"].get.responses[\"200\"].default);\napi.paths[\"/files/blank\"].get.responses[\"200\"].default =\n  helper.convertNodeBuffersToPOJOs(dereferencedAPI.paths[\"/files/blank\"].get.responses[\"200\"].default);\napi.paths[\"/files/binary\"].get.responses[\"200\"].default =\n  helper.convertNodeBuffersToPOJOs(dereferencedAPI.paths[\"/files/binary\"].get.responses[\"200\"].default);",
              "err": {},
              "uuid": "904db883-0c09-4cd3-bc46-264c5dae5d95",
              "parentUUID": "23f2b1fa-b1dd-4431-a6ef-dec78e79e63e",
              "isHook": false,
              "skipped": false
            },
            {
              "title": "should validate successfully",
              "fullTitle": "API with $refs to unknown file types should validate successfully",
              "timedOut": false,
              "duration": 21,
              "state": "passed",
              "speed": "fast",
              "pass": true,
              "fail": false,
              "pending": false,
              "context": null,
              "code": "let parser = new SwaggerParser();\nlet api = await parser.validate(path.rel(\"specs/unknown/unknown.yaml\"));\nexpect(api).to.equal(parser.api);\napi.paths[\"/files/text\"].get.responses[\"200\"].default =\n  helper.convertNodeBuffersToPOJOs(dereferencedAPI.paths[\"/files/text\"].get.responses[\"200\"].default);\napi.paths[\"/files/html\"].get.responses[\"200\"].default =\n  helper.convertNodeBuffersToPOJOs(dereferencedAPI.paths[\"/files/html\"].get.responses[\"200\"].default);\napi.paths[\"/files/blank\"].get.responses[\"200\"].default =\n  helper.convertNodeBuffersToPOJOs(dereferencedAPI.paths[\"/files/blank\"].get.responses[\"200\"].default);\napi.paths[\"/files/binary\"].get.responses[\"200\"].default =\n  helper.convertNodeBuffersToPOJOs(dereferencedAPI.paths[\"/files/binary\"].get.responses[\"200\"].default);",
              "err": {},
              "uuid": "baf83764-4da1-4c6c-a860-e266b7a103d6",
              "parentUUID": "23f2b1fa-b1dd-4431-a6ef-dec78e79e63e",
              "isHook": false,
              "skipped": false
            },
            {
              "title": "should bundle successfully",
              "fullTitle": "API with $refs to unknown file types should bundle successfully",
              "timedOut": false,
              "duration": 4,
              "state": "passed",
              "speed": "fast",
              "pass": true,
              "fail": false,
              "pending": false,
              "context": null,
              "code": "let parser = new SwaggerParser();\nlet api = await parser.bundle(path.rel(\"specs/unknown/unknown.yaml\"));\nexpect(api).to.equal(parser.api);\napi.paths[\"/files/text\"].get.responses[\"200\"].default =\n  helper.convertNodeBuffersToPOJOs(dereferencedAPI.paths[\"/files/text\"].get.responses[\"200\"].default);\napi.paths[\"/files/html\"].get.responses[\"200\"].default =\n  helper.convertNodeBuffersToPOJOs(dereferencedAPI.paths[\"/files/html\"].get.responses[\"200\"].default);\napi.paths[\"/files/blank\"].get.responses[\"200\"].default =\n  helper.convertNodeBuffersToPOJOs(dereferencedAPI.paths[\"/files/blank\"].get.responses[\"200\"].default);\napi.paths[\"/files/binary\"].get.responses[\"200\"].default =\n  helper.convertNodeBuffersToPOJOs(dereferencedAPI.paths[\"/files/binary\"].get.responses[\"200\"].default);",
              "err": {},
              "uuid": "c8ed5be4-d005-433d-b26a-22979c3c3414",
              "parentUUID": "23f2b1fa-b1dd-4431-a6ef-dec78e79e63e",
              "isHook": false,
              "skipped": false
            }
          ],
          "suites": [],
          "passes": [
            "553f076d-c588-453e-ab08-fdad793c6c9d",
            "540a7ab8-7d8b-486e-a645-42426ef0e2e6",
            "904db883-0c09-4cd3-bc46-264c5dae5d95",
            "baf83764-4da1-4c6c-a860-e266b7a103d6",
            "c8ed5be4-d005-433d-b26a-22979c3c3414"
          ],
          "failures": [],
          "pending": [],
          "skipped": [],
          "duration": 38,
          "root": false,
          "rootEmpty": false,
          "_timeout": 2000
        },
        {
          "uuid": "f8eaf3a2-c6e1-4d9d-a442-ea4a0b374a8f",
          "title": "Invalid APIs (Swagger 2.0 schema validation)",
          "fullFile": "D:\\MOLFAR\\1\\msapi-parser\\test\\specs\\validate-schema\\validate-schema.spec.js",
          "file": "\\specs\\validate-schema\\validate-schema.spec.js",
          "beforeHooks": [],
          "afterHooks": [],
          "tests": [
            {
              "title": "should pass validation if \"options.validate.schema\" is false",
              "fullTitle": "Invalid APIs (Swagger 2.0 schema validation) should pass validation if \"options.validate.schema\" is false",
              "timedOut": false,
              "duration": 4,
              "state": "passed",
              "speed": "fast",
              "pass": true,
              "fail": false,
              "pending": false,
              "context": null,
              "code": "let invalid = tests[0];\nexpect(invalid.valid).to.equal(false);\nconst api = await SwaggerParser\n  .validate(path.rel(\"specs/validate-schema/invalid/\" + invalid.file), { validate: { schema: false }});\nexpect(api).to.be.an(\"object\");",
              "err": {},
              "uuid": "306f04cd-6cba-4335-9b1a-cbe8e3d50f3e",
              "parentUUID": "f8eaf3a2-c6e1-4d9d-a442-ea4a0b374a8f",
              "isHook": false,
              "skipped": false
            },
            {
              "title": "invalid response code",
              "fullTitle": "Invalid APIs (Swagger 2.0 schema validation) invalid response code",
              "timedOut": false,
              "duration": 4,
              "state": "passed",
              "speed": "fast",
              "pass": true,
              "fail": false,
              "pending": false,
              "context": null,
              "code": "try {\n  await SwaggerParser.validate(path.rel(\"specs/validate-schema/invalid/\" + test.file));\n  throw new Error(\"Validation should have failed, but it succeeded!\");\n}\ncatch (err) {\n  expect(err).to.be.an.instanceOf(SyntaxError);\n  expect(err.message).to.match(/^Swagger schema validation failed. \\n  \\w+/);\n  expect(err.details).to.be.an(\"array\").with.length.above(0);\n  // Make sure the ZSchema error details object is valid\n  let details = err.details[0];\n  expect(details.code).to.be.a(\"string\").and.match(/[A-Z_]+/);\n  expect(details.message).to.be.a(\"string\").with.length.of.at.least(1);\n  expect(details.path).to.be.an(\"array\").with.length.above(0);\n  expect(details.params).to.be.an(\"array\");\n}",
              "err": {},
              "uuid": "e6889720-abc8-4313-a8d5-fd32abb8da72",
              "parentUUID": "f8eaf3a2-c6e1-4d9d-a442-ea4a0b374a8f",
              "isHook": false,
              "skipped": false
            },
            {
              "title": "optional path param",
              "fullTitle": "Invalid APIs (Swagger 2.0 schema validation) optional path param",
              "timedOut": false,
              "duration": 4,
              "state": "passed",
              "speed": "fast",
              "pass": true,
              "fail": false,
              "pending": false,
              "context": null,
              "code": "try {\n  await SwaggerParser.validate(path.rel(\"specs/validate-schema/invalid/\" + test.file));\n  throw new Error(\"Validation should have failed, but it succeeded!\");\n}\ncatch (err) {\n  expect(err).to.be.an.instanceOf(SyntaxError);\n  expect(err.message).to.match(/^Swagger schema validation failed. \\n  \\w+/);\n  expect(err.details).to.be.an(\"array\").with.length.above(0);\n  // Make sure the ZSchema error details object is valid\n  let details = err.details[0];\n  expect(details.code).to.be.a(\"string\").and.match(/[A-Z_]+/);\n  expect(details.message).to.be.a(\"string\").with.length.of.at.least(1);\n  expect(details.path).to.be.an(\"array\").with.length.above(0);\n  expect(details.params).to.be.an(\"array\");\n}",
              "err": {},
              "uuid": "09656c59-628f-431a-851b-d428ad5a9804",
              "parentUUID": "f8eaf3a2-c6e1-4d9d-a442-ea4a0b374a8f",
              "isHook": false,
              "skipped": false
            },
            {
              "title": "non-required path param",
              "fullTitle": "Invalid APIs (Swagger 2.0 schema validation) non-required path param",
              "timedOut": false,
              "duration": 2,
              "state": "passed",
              "speed": "fast",
              "pass": true,
              "fail": false,
              "pending": false,
              "context": null,
              "code": "try {\n  await SwaggerParser.validate(path.rel(\"specs/validate-schema/invalid/\" + test.file));\n  throw new Error(\"Validation should have failed, but it succeeded!\");\n}\ncatch (err) {\n  expect(err).to.be.an.instanceOf(SyntaxError);\n  expect(err.message).to.match(/^Swagger schema validation failed. \\n  \\w+/);\n  expect(err.details).to.be.an(\"array\").with.length.above(0);\n  // Make sure the ZSchema error details object is valid\n  let details = err.details[0];\n  expect(details.code).to.be.a(\"string\").and.match(/[A-Z_]+/);\n  expect(details.message).to.be.a(\"string\").with.length.of.at.least(1);\n  expect(details.path).to.be.an(\"array\").with.length.above(0);\n  expect(details.params).to.be.an(\"array\");\n}",
              "err": {},
              "uuid": "9d649399-cf74-4525-99ce-39ff59ed6dd8",
              "parentUUID": "f8eaf3a2-c6e1-4d9d-a442-ea4a0b374a8f",
              "isHook": false,
              "skipped": false
            },
            {
              "title": "invalid schema type",
              "fullTitle": "Invalid APIs (Swagger 2.0 schema validation) invalid schema type",
              "timedOut": false,
              "duration": 2,
              "state": "passed",
              "speed": "fast",
              "pass": true,
              "fail": false,
              "pending": false,
              "context": null,
              "code": "try {\n  await SwaggerParser.validate(path.rel(\"specs/validate-schema/invalid/\" + test.file));\n  throw new Error(\"Validation should have failed, but it succeeded!\");\n}\ncatch (err) {\n  expect(err).to.be.an.instanceOf(SyntaxError);\n  expect(err.message).to.match(/^Swagger schema validation failed. \\n  \\w+/);\n  expect(err.details).to.be.an(\"array\").with.length.above(0);\n  // Make sure the ZSchema error details object is valid\n  let details = err.details[0];\n  expect(details.code).to.be.a(\"string\").and.match(/[A-Z_]+/);\n  expect(details.message).to.be.a(\"string\").with.length.of.at.least(1);\n  expect(details.path).to.be.an(\"array\").with.length.above(0);\n  expect(details.params).to.be.an(\"array\");\n}",
              "err": {},
              "uuid": "0f2386b0-5fc5-4957-9c6e-c40dfe0cd9d2",
              "parentUUID": "f8eaf3a2-c6e1-4d9d-a442-ea4a0b374a8f",
              "isHook": false,
              "skipped": false
            },
            {
              "title": "invalid param type",
              "fullTitle": "Invalid APIs (Swagger 2.0 schema validation) invalid param type",
              "timedOut": false,
              "duration": 3,
              "state": "passed",
              "speed": "fast",
              "pass": true,
              "fail": false,
              "pending": false,
              "context": null,
              "code": "try {\n  await SwaggerParser.validate(path.rel(\"specs/validate-schema/invalid/\" + test.file));\n  throw new Error(\"Validation should have failed, but it succeeded!\");\n}\ncatch (err) {\n  expect(err).to.be.an.instanceOf(SyntaxError);\n  expect(err.message).to.match(/^Swagger schema validation failed. \\n  \\w+/);\n  expect(err.details).to.be.an(\"array\").with.length.above(0);\n  // Make sure the ZSchema error details object is valid\n  let details = err.details[0];\n  expect(details.code).to.be.a(\"string\").and.match(/[A-Z_]+/);\n  expect(details.message).to.be.a(\"string\").with.length.of.at.least(1);\n  expect(details.path).to.be.an(\"array\").with.length.above(0);\n  expect(details.params).to.be.an(\"array\");\n}",
              "err": {},
              "uuid": "8c6876b3-4813-4b6b-9819-9f8653aaee21",
              "parentUUID": "f8eaf3a2-c6e1-4d9d-a442-ea4a0b374a8f",
              "isHook": false,
              "skipped": false
            },
            {
              "title": "non-primitive param type",
              "fullTitle": "Invalid APIs (Swagger 2.0 schema validation) non-primitive param type",
              "timedOut": false,
              "duration": 2,
              "state": "passed",
              "speed": "fast",
              "pass": true,
              "fail": false,
              "pending": false,
              "context": null,
              "code": "try {\n  await SwaggerParser.validate(path.rel(\"specs/validate-schema/invalid/\" + test.file));\n  throw new Error(\"Validation should have failed, but it succeeded!\");\n}\ncatch (err) {\n  expect(err).to.be.an.instanceOf(SyntaxError);\n  expect(err.message).to.match(/^Swagger schema validation failed. \\n  \\w+/);\n  expect(err.details).to.be.an(\"array\").with.length.above(0);\n  // Make sure the ZSchema error details object is valid\n  let details = err.details[0];\n  expect(details.code).to.be.a(\"string\").and.match(/[A-Z_]+/);\n  expect(details.message).to.be.a(\"string\").with.length.of.at.least(1);\n  expect(details.path).to.be.an(\"array\").with.length.above(0);\n  expect(details.params).to.be.an(\"array\");\n}",
[...]
              "parentUUID": "4a3c951f-064f-4a0e-a556-715e792269bb",
              "isHook": false,
              "skipped": false
            },
            {
              "title": "body and formData parameters",
              "fullTitle": "Invalid APIs (Swagger 2.0 specification validation) body and formData parameters",
              "timedOut": false,
              "duration": 3,
              "state": "passed",
              "speed": "fast",
              "pass": true,
              "fail": false,
              "pending": false,
              "context": null,
              "code": "try {\n  await SwaggerParser.validate(path.rel(\"specs/validate-spec/invalid/\" + test.file));\n  throw new Error(\"Validation should have failed, but it succeeded!\");\n}\ncatch (err) {\n  expect(err).to.be.an.instanceOf(SyntaxError);\n  expect(err.message).to.equal(test.error);\n  expect(err.message).to.match(/^Validation failed. \\S+/);\n}",
              "err": {},
              "uuid": "de7051d3-ee75-4a17-8b48-a799e3bd098c",
              "parentUUID": "4a3c951f-064f-4a0e-a556-715e792269bb",
              "isHook": false,
              "skipped": false
            },
            {
              "title": "path param with no placeholder",
              "fullTitle": "Invalid APIs (Swagger 2.0 specification validation) path param with no placeholder",
              "timedOut": false,
              "duration": 3,
              "state": "passed",
              "speed": "fast",
              "pass": true,
              "fail": false,
              "pending": false,
              "context": null,
              "code": "try {\n  await SwaggerParser.validate(path.rel(\"specs/validate-spec/invalid/\" + test.file));\n  throw new Error(\"Validation should have failed, but it succeeded!\");\n}\ncatch (err) {\n  expect(err).to.be.an.instanceOf(SyntaxError);\n  expect(err.message).to.equal(test.error);\n  expect(err.message).to.match(/^Validation failed. \\S+/);\n}",
              "err": {},
              "uuid": "f32dacc2-648d-4f6a-9945-f199d6b30bf0",
              "parentUUID": "4a3c951f-064f-4a0e-a556-715e792269bb",
              "isHook": false,
              "skipped": false
            },
            {
              "title": "path placeholder with no param",
              "fullTitle": "Invalid APIs (Swagger 2.0 specification validation) path placeholder with no param",
              "timedOut": false,
              "duration": 2,
              "state": "passed",
              "speed": "fast",
              "pass": true,
              "fail": false,
              "pending": false,
              "context": null,
              "code": "try {\n  await SwaggerParser.validate(path.rel(\"specs/validate-spec/invalid/\" + test.file));\n  throw new Error(\"Validation should have failed, but it succeeded!\");\n}\ncatch (err) {\n  expect(err).to.be.an.instanceOf(SyntaxError);\n  expect(err.message).to.equal(test.error);\n  expect(err.message).to.match(/^Validation failed. \\S+/);\n}",
              "err": {},
              "uuid": "d41b0ba6-63ba-4f3f-aa0e-33a60c51dccb",
              "parentUUID": "4a3c951f-064f-4a0e-a556-715e792269bb",
              "isHook": false,
              "skipped": false
            },
            {
              "title": "duplicate path placeholders",
              "fullTitle": "Invalid APIs (Swagger 2.0 specification validation) duplicate path placeholders",
              "timedOut": false,
              "duration": 2,
              "state": "passed",
              "speed": "fast",
              "pass": true,
              "fail": false,
              "pending": false,
              "context": null,
              "code": "try {\n  await SwaggerParser.validate(path.rel(\"specs/validate-spec/invalid/\" + test.file));\n  throw new Error(\"Validation should have failed, but it succeeded!\");\n}\ncatch (err) {\n  expect(err).to.be.an.instanceOf(SyntaxError);\n  expect(err.message).to.equal(test.error);\n  expect(err.message).to.match(/^Validation failed. \\S+/);\n}",
              "err": {},
              "uuid": "e4ca3e7b-05c1-4fe7-8966-5d3ca0b74913",
              "parentUUID": "4a3c951f-064f-4a0e-a556-715e792269bb",
              "isHook": false,
              "skipped": false
            },
            {
              "title": "no path parameters",
              "fullTitle": "Invalid APIs (Swagger 2.0 specification validation) no path parameters",
              "timedOut": false,
              "duration": 2,
              "state": "passed",
              "speed": "fast",
              "pass": true,
              "fail": false,
              "pending": false,
              "context": null,
              "code": "try {\n  await SwaggerParser.validate(path.rel(\"specs/validate-spec/invalid/\" + test.file));\n  throw new Error(\"Validation should have failed, but it succeeded!\");\n}\ncatch (err) {\n  expect(err).to.be.an.instanceOf(SyntaxError);\n  expect(err.message).to.equal(test.error);\n  expect(err.message).to.match(/^Validation failed. \\S+/);\n}",
              "err": {},
              "uuid": "b4ff3802-1a42-401e-bb1a-33aa8d7247e8",
              "parentUUID": "4a3c951f-064f-4a0e-a556-715e792269bb",
              "isHook": false,
              "skipped": false
            },
            {
              "title": "array param without items",
              "fullTitle": "Invalid APIs (Swagger 2.0 specification validation) array param without items",
              "timedOut": false,
              "duration": 1,
              "state": "passed",
              "speed": "fast",
              "pass": true,
              "fail": false,
              "pending": false,
              "context": null,
              "code": "try {\n  await SwaggerParser.validate(path.rel(\"specs/validate-spec/invalid/\" + test.file));\n  throw new Error(\"Validation should have failed, but it succeeded!\");\n}\ncatch (err) {\n  expect(err).to.be.an.instanceOf(SyntaxError);\n  expect(err.message).to.equal(test.error);\n  expect(err.message).to.match(/^Validation failed. \\S+/);\n}",
              "err": {},
              "uuid": "65feba26-46d3-4f4a-823a-ddea4e315de4",
              "parentUUID": "4a3c951f-064f-4a0e-a556-715e792269bb",
              "isHook": false,
              "skipped": false
            },
            {
              "title": "array body param without items",
              "fullTitle": "Invalid APIs (Swagger 2.0 specification validation) array body param without items",
              "timedOut": false,
              "duration": 2,
              "state": "passed",
              "speed": "fast",
              "pass": true,
              "fail": false,
              "pending": false,
              "context": null,
              "code": "try {\n  await SwaggerParser.validate(path.rel(\"specs/validate-spec/invalid/\" + test.file));\n  throw new Error(\"Validation should have failed, but it succeeded!\");\n}\ncatch (err) {\n  expect(err).to.be.an.instanceOf(SyntaxError);\n  expect(err.message).to.equal(test.error);\n  expect(err.message).to.match(/^Validation failed. \\S+/);\n}",
              "err": {},
              "uuid": "0117bbfa-2d2b-404c-971a-534a9b0172b4",
              "parentUUID": "4a3c951f-064f-4a0e-a556-715e792269bb",
              "isHook": false,
              "skipped": false
            },
            {
              "title": "array response header without items",
              "fullTitle": "Invalid APIs (Swagger 2.0 specification validation) array response header without items",
              "timedOut": false,
              "duration": 2,
              "state": "passed",
              "speed": "fast",
              "pass": true,
              "fail": false,
              "pending": false,
              "context": null,
              "code": "try {\n  await SwaggerParser.validate(path.rel(\"specs/validate-spec/invalid/\" + test.file));\n  throw new Error(\"Validation should have failed, but it succeeded!\");\n}\ncatch (err) {\n  expect(err).to.be.an.instanceOf(SyntaxError);\n  expect(err.message).to.equal(test.error);\n  expect(err.message).to.match(/^Validation failed. \\S+/);\n}",
              "err": {},
              "uuid": "37017fff-b1c3-4ae7-8124-fd2921fc9049",
              "parentUUID": "4a3c951f-064f-4a0e-a556-715e792269bb",
              "isHook": false,
              "skipped": false
            },
            {
              "title": "\"file\" param without \"consumes\"",
              "fullTitle": "Invalid APIs (Swagger 2.0 specification validation) \"file\" param without \"consumes\"",
              "timedOut": false,
              "duration": 2,
              "state": "passed",
              "speed": "fast",
              "pass": true,
              "fail": false,
              "pending": false,
              "context": null,
              "code": "try {\n  await SwaggerParser.validate(path.rel(\"specs/validate-spec/invalid/\" + test.file));\n  throw new Error(\"Validation should have failed, but it succeeded!\");\n}\ncatch (err) {\n  expect(err).to.be.an.instanceOf(SyntaxError);\n  expect(err.message).to.equal(test.error);\n  expect(err.message).to.match(/^Validation failed. \\S+/);\n}",
              "err": {},
              "uuid": "2cad15d3-b9fa-4ddb-81d8-52c33770aa2d",
              "parentUUID": "4a3c951f-064f-4a0e-a556-715e792269bb",
              "isHook": false,
              "skipped": false
            },
            {
              "title": "\"file\" param with invalid \"consumes\"",
              "fullTitle": "Invalid APIs (Swagger 2.0 specification validation) \"file\" param with invalid \"consumes\"",
              "timedOut": false,
              "duration": 2,
              "state": "passed",
              "speed": "fast",
              "pass": true,
              "fail": false,
              "pending": false,
              "context": null,
              "code": "try {\n  await SwaggerParser.validate(path.rel(\"specs/validate-spec/invalid/\" + test.file));\n  throw new Error(\"Validation should have failed, but it succeeded!\");\n}\ncatch (err) {\n  expect(err).to.be.an.instanceOf(SyntaxError);\n  expect(err.message).to.equal(test.error);\n  expect(err.message).to.match(/^Validation failed. \\S+/);\n}",
              "err": {},
              "uuid": "1e6b7bab-129f-468f-b59f-575e70879337",
              "parentUUID": "4a3c951f-064f-4a0e-a556-715e792269bb",
              "isHook": false,
              "skipped": false
            },
            {
              "title": "\"file\" param with vendor specific form-data \"consumes\"",
              "fullTitle": "Invalid APIs (Swagger 2.0 specification validation) \"file\" param with vendor specific form-data \"consumes\"",
              "timedOut": false,
              "duration": 1,
              "state": "passed",
              "speed": "fast",
              "pass": true,
              "fail": false,
              "pending": false,
              "context": null,
              "code": "try {\n  const api = await SwaggerParser\n    .validate(path.rel(\"specs/validate-spec/valid/\" + test.file));\n  expect(api).to.be.an(\"object\");\n}\ncatch (err) {\n  throw new Error(\"Validation should have succeeded, but it failed!\\n\" + err.stack);\n}",
              "err": {},
              "uuid": "bf8d9cf7-3bd9-4f0a-ad70-ccaa43904d77",
              "parentUUID": "4a3c951f-064f-4a0e-a556-715e792269bb",
              "isHook": false,
              "skipped": false
            },
            {
              "title": "\"file\" param with vendor specific urlencoded \"consumes\"",
              "fullTitle": "Invalid APIs (Swagger 2.0 specification validation) \"file\" param with vendor specific urlencoded \"consumes\"",
              "timedOut": false,
              "duration": 1,
              "state": "passed",
              "speed": "fast",
              "pass": true,
              "fail": false,
              "pending": false,
              "context": null,
              "code": "try {\n  const api = await SwaggerParser\n    .validate(path.rel(\"specs/validate-spec/valid/\" + test.file));\n  expect(api).to.be.an(\"object\");\n}\ncatch (err) {\n  throw new Error(\"Validation should have succeeded, but it failed!\\n\" + err.stack);\n}",
              "err": {},
              "uuid": "ea60f744-ff88-4c5d-a247-bd2ebe5f11e1",
              "parentUUID": "4a3c951f-064f-4a0e-a556-715e792269bb",
              "isHook": false,
              "skipped": false
            },
            {
              "title": "required property in input does not exist",
              "fullTitle": "Invalid APIs (Swagger 2.0 specification validation) required property in input does not exist",
              "timedOut": false,
              "duration": 2,
              "state": "passed",
              "speed": "fast",
              "pass": true,
              "fail": false,
              "pending": false,
              "context": null,
              "code": "try {\n  await SwaggerParser.validate(path.rel(\"specs/validate-spec/invalid/\" + test.file));\n  throw new Error(\"Validation should have failed, but it succeeded!\");\n}\ncatch (err) {\n  expect(err).to.be.an.instanceOf(SyntaxError);\n  expect(err.message).to.equal(test.error);\n  expect(err.message).to.match(/^Validation failed. \\S+/);\n}",
              "err": {},
              "uuid": "d1c3c404-bb45-43d2-af13-3e29d9b52e62",
              "parentUUID": "4a3c951f-064f-4a0e-a556-715e792269bb",
              "isHook": false,
              "skipped": false
            },
            {
              "title": "required property in definition does not exist",
              "fullTitle": "Invalid APIs (Swagger 2.0 specification validation) required property in definition does not exist",
              "timedOut": false,
              "duration": 2,
              "state": "passed",
              "speed": "fast",
              "pass": true,
              "fail": false,
              "pending": false,
              "context": null,
              "code": "try {\n  await SwaggerParser.validate(path.rel(\"specs/validate-spec/invalid/\" + test.file));\n  throw new Error(\"Validation should have failed, but it succeeded!\");\n}\ncatch (err) {\n  expect(err).to.be.an.instanceOf(SyntaxError);\n  expect(err.message).to.equal(test.error);\n  expect(err.message).to.match(/^Validation failed. \\S+/);\n}",
              "err": {},
              "uuid": "315ac944-2587-43d0-9b57-123b81cfcbb5",
              "parentUUID": "4a3c951f-064f-4a0e-a556-715e792269bb",
              "isHook": false,
              "skipped": false
            },
            {
              "title": "schema declares required properties which are inherited (allOf)",
              "fullTitle": "Invalid APIs (Swagger 2.0 specification validation) schema declares required properties which are inherited (allOf)",
              "timedOut": false,
              "duration": 3,
              "state": "passed",
              "speed": "fast",
              "pass": true,
              "fail": false,
              "pending": false,
              "context": null,
              "code": "try {\n  const api = await SwaggerParser\n    .validate(path.rel(\"specs/validate-spec/valid/\" + test.file));\n  expect(api).to.be.an(\"object\");\n}\ncatch (err) {\n  throw new Error(\"Validation should have succeeded, but it failed!\\n\" + err.stack);\n}",
              "err": {},
              "uuid": "3e928c9d-b0f1-4b67-85c5-8eba60f55a69",
              "parentUUID": "4a3c951f-064f-4a0e-a556-715e792269bb",
              "isHook": false,
              "skipped": false
            },
            {
              "title": "duplicate operation IDs",
              "fullTitle": "Invalid APIs (Swagger 2.0 specification validation) duplicate operation IDs",
              "timedOut": false,
              "duration": 2,
              "state": "passed",
              "speed": "fast",
              "pass": true,
              "fail": false,
              "pending": false,
              "context": null,
              "code": "try {\n  await SwaggerParser.validate(path.rel(\"specs/validate-spec/invalid/\" + test.file));\n  throw new Error(\"Validation should have failed, but it succeeded!\");\n}\ncatch (err) {\n  expect(err).to.be.an.instanceOf(SyntaxError);\n  expect(err.message).to.equal(test.error);\n  expect(err.message).to.match(/^Validation failed. \\S+/);\n}",
              "err": {},
              "uuid": "0f4b25e4-3b0a-40eb-959a-4c670de91cd4",
              "parentUUID": "4a3c951f-064f-4a0e-a556-715e792269bb",
              "isHook": false,
              "skipped": false
            },
            {
              "title": "array response body without items",
              "fullTitle": "Invalid APIs (Swagger 2.0 specification validation) array response body without items",
              "timedOut": false,
              "duration": 1,
              "state": "passed",
              "speed": "fast",
              "pass": true,
              "fail": false,
              "pending": false,
              "context": null,
              "code": "try {\n  await SwaggerParser.validate(path.rel(\"specs/validate-spec/invalid/\" + test.file));\n  throw new Error(\"Validation should have failed, but it succeeded!\");\n}\ncatch (err) {\n  expect(err).to.be.an.instanceOf(SyntaxError);\n  expect(err.message).to.equal(test.error);\n  expect(err.message).to.match(/^Validation failed. \\S+/);\n}",
              "err": {},
              "uuid": "2f08b523-f672-4cd9-9ee8-cc0a338574be",
              "parentUUID": "4a3c951f-064f-4a0e-a556-715e792269bb",
              "isHook": false,
              "skipped": false
            }
          ],
          "suites": [],
          "passes": [
            "89af8682-2786-40e7-b0bc-cd5f5a5e89a7",
            "bf2335fb-02cb-41df-a528-11437f78c610",
            "6c0b18fd-a847-4ee2-8663-05dcb6d7b555",
            "2d8ab11f-51d2-48ad-b4be-a08211371457",
            "1b40c7c1-2234-4dc9-a95e-ddd604d12d8f",
            "86eefadf-a27b-4fb8-9d80-600044afd4d5",
            "17cd6277-7904-4a44-89d3-bfd9e7766194",
            "de7051d3-ee75-4a17-8b48-a799e3bd098c",
            "f32dacc2-648d-4f6a-9945-f199d6b30bf0",
            "d41b0ba6-63ba-4f3f-aa0e-33a60c51dccb",
            "e4ca3e7b-05c1-4fe7-8966-5d3ca0b74913",
            "b4ff3802-1a42-401e-bb1a-33aa8d7247e8",
            "65feba26-46d3-4f4a-823a-ddea4e315de4",
            "0117bbfa-2d2b-404c-971a-534a9b0172b4",
            "37017fff-b1c3-4ae7-8124-fd2921fc9049",
            "2cad15d3-b9fa-4ddb-81d8-52c33770aa2d",
            "1e6b7bab-129f-468f-b59f-575e70879337",
            "bf8d9cf7-3bd9-4f0a-ad70-ccaa43904d77",
            "ea60f744-ff88-4c5d-a247-bd2ebe5f11e1",
            "d1c3c404-bb45-43d2-af13-3e29d9b52e62",
            "315ac944-2587-43d0-9b57-123b81cfcbb5",
            "3e928c9d-b0f1-4b67-85c5-8eba60f55a69",
            "0f4b25e4-3b0a-40eb-959a-4c670de91cd4",
            "2f08b523-f672-4cd9-9ee8-cc0a338574be"
          ],
          "failures": [],
          "pending": [],
          "skipped": [],
          "duration": 45,
          "root": false,
          "rootEmpty": false,
          "_timeout": 2000
        }
      ],
      "passes": [],
      "failures": [],
      "pending": [],
      "skipped": [],
      "duration": 0,
      "root": true,
      "rootEmpty": true,
      "_timeout": 2000
    }
  ],
  "meta": {
    "mocha": {
      "version": "8.1.3"
    },
    "mochawesome": {
      "options": {
        "quiet": false,
        "reportFilename": "mochawesome",
        "saveHtml": true,
        "saveJson": true,
        "consoleReporter": "spec",
        "useInlineDiffs": false,
        "code": true
      },
      "version": "6.3.0"
    },
    "marge": {
      "options": {
        "reportDir": "../docs/.vuepress/public/testReport",
        "overwrite": "true",
        "reportTitle": "MOLFAR msapi-parser",
        "showPassed": "true"
      },
      "version": "5.2.0"
    }
  }
}