{
  "stats": {
    "suites": 6,
    "tests": 17,
    "passes": 16,
    "pending": 0,
    "failures": 1,
    "start": "2021-10-18T13:30:33.897Z",
    "end": "2021-10-18T13:30:34.028Z",
    "duration": 131,
    "testsRegistered": 92,
    "passPercent": 17.391304347826086,
    "pendingPercent": 0,
    "other": 0,
    "hasOther": false,
    "skipped": 75,
    "hasSkipped": true
  },
  "results": [
    {
      "uuid": "a8d42eea-530d-420a-af29-c906dece89b5",
      "title": "",
      "fullFile": "",
      "file": "",
      "beforeHooks": [],
      "afterHooks": [],
      "tests": [],
      "suites": [
        {
          "uuid": "5d09bc05-7d4f-4bc5-832b-aad1259f3049",
          "title": "Callback & Promise syntax",
          "fullFile": "D:\\MOLFAR\\1\\msapi-parser\\test\\specs\\callbacks-promises\\callbacks-promises.spec.js",
          "file": "\\specs\\callbacks-promises\\callbacks-promises.spec.js",
          "beforeHooks": [],
          "afterHooks": [],
          "tests": [],
          "suites": [
            {
              "uuid": "1a037353-b29b-4950-91f4-324b0399ac70",
              "title": "parse method",
              "fullFile": "D:\\MOLFAR\\1\\msapi-parser\\test\\specs\\callbacks-promises\\callbacks-promises.spec.js",
              "file": "\\specs\\callbacks-promises\\callbacks-promises.spec.js",
              "beforeHooks": [],
              "afterHooks": [],
              "tests": [
                {
                  "title": "should call the callback function upon success",
                  "fullTitle": "Callback & Promise syntax parse method should call the callback function upon success",
                  "timedOut": false,
                  "duration": 10,
                  "state": "passed",
                  "speed": "fast",
                  "pass": true,
                  "fail": false,
                  "pending": false,
                  "context": null,
                  "code": "let parser = new SwaggerParser();\nparser[method](path.rel(\"specs/callbacks-promises/callbacks-promises.yaml\"), (err, result) => {\n  try {\n    expect(err).to.equal(null);\n    expect(result).to.be.an(\"object\");\n    expect(parser.$refs.paths()).to.deep.equal([path.abs(\"specs/callbacks-promises/callbacks-promises.yaml\")]);\n    if (method === \"resolve\") {\n      expect(result).to.equal(parser.$refs);\n    }\n    else {\n      expect(result).to.equal(parser.schema);\n      // Make sure the API was parsed correctly\n      let expected = getSchema(method);\n      expect(result).to.deep.equal(expected);\n    }\n    done();\n  }\n  catch (e) {\n    done(e);\n  }\n});",
                  "err": {},
                  "uuid": "4ea53d3d-8c2f-418d-a303-673604069c18",
                  "parentUUID": "1a037353-b29b-4950-91f4-324b0399ac70",
                  "isHook": false,
                  "skipped": false
                },
                {
                  "title": "should call the callback function upon failure",
                  "fullTitle": "Callback & Promise syntax parse method should call the callback function upon failure",
                  "timedOut": false,
                  "duration": 3,
                  "state": "passed",
                  "speed": "fast",
                  "pass": true,
                  "fail": false,
                  "pending": false,
                  "context": null,
                  "code": "SwaggerParser[method](path.rel(\"specs/callbacks-promises/callbacks-promises-error.yaml\"), (err, result) => {\n  try {\n    expect(err).to.be.an.instanceOf(SyntaxError);\n    expect(result).to.equal(undefined);\n    done();\n  }\n  catch (e) {\n    done(e);\n  }\n});",
                  "err": {},
                  "uuid": "ad0d88c9-7905-49e7-9ea0-6381698e4f5f",
                  "parentUUID": "1a037353-b29b-4950-91f4-324b0399ac70",
                  "isHook": false,
                  "skipped": false
                },
                {
                  "title": "should resolve the Promise upon success",
                  "fullTitle": "Callback & Promise syntax parse method should resolve the Promise upon success",
                  "timedOut": false,
                  "duration": 1,
                  "state": "passed",
                  "speed": "fast",
                  "pass": true,
                  "fail": false,
                  "pending": false,
                  "context": null,
                  "code": "let parser = new SwaggerParser();\nreturn parser[method](path.rel(\"specs/callbacks-promises/callbacks-promises.yaml\"))\n  .then((result) => {\n    expect(result).to.be.an(\"object\");\n    expect(parser.$refs.paths()).to.deep.equal([path.abs(\"specs/callbacks-promises/callbacks-promises.yaml\")]);\n    if (method === \"resolve\") {\n      expect(result).to.equal(parser.$refs);\n    }\n    else {\n      expect(result).to.equal(parser.schema);\n      // Make sure the API was parsed correctly\n      let expected = getSchema(method);\n      expect(result).to.deep.equal(expected);\n    }\n  });",
                  "err": {},
                  "uuid": "a4656c30-e231-45a5-8266-296b7507710a",
                  "parentUUID": "1a037353-b29b-4950-91f4-324b0399ac70",
                  "isHook": false,
                  "skipped": false
                },
                {
                  "title": "should reject the Promise upon failure",
                  "fullTitle": "Callback & Promise syntax parse method should reject the Promise upon failure",
                  "timedOut": false,
                  "duration": 1,
                  "state": "passed",
                  "speed": "fast",
                  "pass": true,
                  "fail": false,
                  "pending": false,
                  "context": null,
                  "code": "return SwaggerParser[method](path.rel(\"specs/callbacks-promises/callbacks-promises-error.yaml\"))\n  .then(helper.shouldNotGetCalled)\n  .catch((err) => {\n    expect(err).to.be.an.instanceOf(SyntaxError);\n  });",
                  "err": {},
                  "uuid": "08402070-5e8f-4973-9d85-bacbb333fb5c",
                  "parentUUID": "1a037353-b29b-4950-91f4-324b0399ac70",
                  "isHook": false,
                  "skipped": false
                }
              ],
              "suites": [],
              "passes": [
                "4ea53d3d-8c2f-418d-a303-673604069c18",
                "ad0d88c9-7905-49e7-9ea0-6381698e4f5f",
                "a4656c30-e231-45a5-8266-296b7507710a",
                "08402070-5e8f-4973-9d85-bacbb333fb5c"
              ],
              "failures": [],
              "pending": [],
              "skipped": [],
              "duration": 15,
              "root": false,
              "rootEmpty": false,
              "_timeout": 2000
            },
            {
              "uuid": "abafde97-53eb-48e3-8600-8946a59d627c",
              "title": "resolve method",
              "fullFile": "D:\\MOLFAR\\1\\msapi-parser\\test\\specs\\callbacks-promises\\callbacks-promises.spec.js",
              "file": "\\specs\\callbacks-promises\\callbacks-promises.spec.js",
              "beforeHooks": [],
              "afterHooks": [],
              "tests": [
                {
                  "title": "should call the callback function upon success",
                  "fullTitle": "Callback & Promise syntax resolve method should call the callback function upon success",
                  "timedOut": false,
                  "duration": 2,
                  "state": "passed",
                  "speed": "fast",
                  "pass": true,
                  "fail": false,
                  "pending": false,
                  "context": null,
                  "code": "let parser = new SwaggerParser();\nparser[method](path.rel(\"specs/callbacks-promises/callbacks-promises.yaml\"), (err, result) => {\n  try {\n    expect(err).to.equal(null);\n    expect(result).to.be.an(\"object\");\n    expect(parser.$refs.paths()).to.deep.equal([path.abs(\"specs/callbacks-promises/callbacks-promises.yaml\")]);\n    if (method === \"resolve\") {\n      expect(result).to.equal(parser.$refs);\n    }\n    else {\n      expect(result).to.equal(parser.schema);\n      // Make sure the API was parsed correctly\n      let expected = getSchema(method);\n      expect(result).to.deep.equal(expected);\n    }\n    done();\n  }\n  catch (e) {\n    done(e);\n  }\n});",
                  "err": {},
                  "uuid": "c2587c5a-6667-46f5-9962-db9d1ade6a14",
                  "parentUUID": "abafde97-53eb-48e3-8600-8946a59d627c",
                  "isHook": false,
                  "skipped": false
                },
                {
                  "title": "should call the callback function upon failure",
                  "fullTitle": "Callback & Promise syntax resolve method should call the callback function upon failure",
                  "timedOut": false,
                  "duration": 1,
                  "state": "passed",
                  "speed": "fast",
                  "pass": true,
                  "fail": false,
                  "pending": false,
                  "context": null,
                  "code": "SwaggerParser[method](path.rel(\"specs/callbacks-promises/callbacks-promises-error.yaml\"), (err, result) => {\n  try {\n    expect(err).to.be.an.instanceOf(SyntaxError);\n    expect(result).to.equal(undefined);\n    done();\n  }\n  catch (e) {\n    done(e);\n  }\n});",
                  "err": {},
                  "uuid": "26b0f811-ad8f-4722-986f-2204d6ae57d7",
                  "parentUUID": "abafde97-53eb-48e3-8600-8946a59d627c",
                  "isHook": false,
                  "skipped": false
                },
                {
                  "title": "should resolve the Promise upon success",
                  "fullTitle": "Callback & Promise syntax resolve method should resolve the Promise upon success",
                  "timedOut": false,
                  "duration": 2,
                  "state": "passed",
                  "speed": "fast",
                  "pass": true,
                  "fail": false,
                  "pending": false,
                  "context": null,
                  "code": "let parser = new SwaggerParser();\nreturn parser[method](path.rel(\"specs/callbacks-promises/callbacks-promises.yaml\"))\n  .then((result) => {\n    expect(result).to.be.an(\"object\");\n    expect(parser.$refs.paths()).to.deep.equal([path.abs(\"specs/callbacks-promises/callbacks-promises.yaml\")]);\n    if (method === \"resolve\") {\n      expect(result).to.equal(parser.$refs);\n    }\n    else {\n      expect(result).to.equal(parser.schema);\n      // Make sure the API was parsed correctly\n      let expected = getSchema(method);\n      expect(result).to.deep.equal(expected);\n    }\n  });",
                  "err": {},
                  "uuid": "232056d5-fbf6-40c7-be1a-baab5cfaa17c",
                  "parentUUID": "abafde97-53eb-48e3-8600-8946a59d627c",
                  "isHook": false,
                  "skipped": false
                },
                {
                  "title": "should reject the Promise upon failure",
                  "fullTitle": "Callback & Promise syntax resolve method should reject the Promise upon failure",
                  "timedOut": false,
                  "duration": 1,
                  "state": "passed",
                  "speed": "fast",
                  "pass": true,
                  "fail": false,
                  "pending": false,
                  "context": null,
                  "code": "return SwaggerParser[method](path.rel(\"specs/callbacks-promises/callbacks-promises-error.yaml\"))\n  .then(helper.shouldNotGetCalled)\n  .catch((err) => {\n    expect(err).to.be.an.instanceOf(SyntaxError);\n  });",
                  "err": {},
                  "uuid": "977523e9-110b-4531-9dba-162da40bafe4",
                  "parentUUID": "abafde97-53eb-48e3-8600-8946a59d627c",
                  "isHook": false,
                  "skipped": false
                }
              ],
              "suites": [],
              "passes": [
                "c2587c5a-6667-46f5-9962-db9d1ade6a14",
                "26b0f811-ad8f-4722-986f-2204d6ae57d7",
                "232056d5-fbf6-40c7-be1a-baab5cfaa17c",
                "977523e9-110b-4531-9dba-162da40bafe4"
              ],
              "failures": [],
              "pending": [],
              "skipped": [],
              "duration": 6,
              "root": false,
              "rootEmpty": false,
              "_timeout": 2000
            },
            {
              "uuid": "b555bde2-a9bd-4397-bdde-30b603b5e073",
              "title": "dereference method",
              "fullFile": "D:\\MOLFAR\\1\\msapi-parser\\test\\specs\\callbacks-promises\\callbacks-promises.spec.js",
              "file": "\\specs\\callbacks-promises\\callbacks-promises.spec.js",
              "beforeHooks": [],
              "afterHooks": [],
              "tests": [
                {
                  "title": "should call the callback function upon success",
                  "fullTitle": "Callback & Promise syntax dereference method should call the callback function upon success",
                  "timedOut": false,
                  "duration": 5,
                  "state": "passed",
                  "speed": "fast",
                  "pass": true,
                  "fail": false,
                  "pending": false,
                  "context": null,
                  "code": "let parser = new SwaggerParser();\nparser[method](path.rel(\"specs/callbacks-promises/callbacks-promises.yaml\"), (err, result) => {\n  try {\n    expect(err).to.equal(null);\n    expect(result).to.be.an(\"object\");\n    expect(parser.$refs.paths()).to.deep.equal([path.abs(\"specs/callbacks-promises/callbacks-promises.yaml\")]);\n    if (method === \"resolve\") {\n      expect(result).to.equal(parser.$refs);\n    }\n    else {\n      expect(result).to.equal(parser.schema);\n      // Make sure the API was parsed correctly\n      let expected = getSchema(method);\n      expect(result).to.deep.equal(expected);\n    }\n    done();\n  }\n  catch (e) {\n    done(e);\n  }\n});",
                  "err": {},
                  "uuid": "800837dd-622a-4f39-a059-68740248b9e0",
                  "parentUUID": "b555bde2-a9bd-4397-bdde-30b603b5e073",
                  "isHook": false,
                  "skipped": false
                },
                {
                  "title": "should call the callback function upon failure",
                  "fullTitle": "Callback & Promise syntax dereference method should call the callback function upon failure",
                  "timedOut": false,
                  "duration": 2,
                  "state": "passed",
                  "speed": "fast",
                  "pass": true,
                  "fail": false,
                  "pending": false,
                  "context": null,
                  "code": "SwaggerParser[method](path.rel(\"specs/callbacks-promises/callbacks-promises-error.yaml\"), (err, result) => {\n  try {\n    expect(err).to.be.an.instanceOf(SyntaxError);\n    expect(result).to.equal(undefined);\n    done();\n  }\n  catch (e) {\n    done(e);\n  }\n});",
                  "err": {},
                  "uuid": "72effdca-ac31-4f99-b396-99a405901eb8",
                  "parentUUID": "b555bde2-a9bd-4397-bdde-30b603b5e073",
                  "isHook": false,
                  "skipped": false
                },
                {
                  "title": "should resolve the Promise upon success",
                  "fullTitle": "Callback & Promise syntax dereference method should resolve the Promise upon success",
                  "timedOut": false,
                  "duration": 7,
                  "state": "passed",
                  "speed": "fast",
                  "pass": true,
                  "fail": false,
                  "pending": false,
                  "context": null,
                  "code": "let parser = new SwaggerParser();\nreturn parser[method](path.rel(\"specs/callbacks-promises/callbacks-promises.yaml\"))\n  .then((result) => {\n    expect(result).to.be.an(\"object\");\n    expect(parser.$refs.paths()).to.deep.equal([path.abs(\"specs/callbacks-promises/callbacks-promises.yaml\")]);\n    if (method === \"resolve\") {\n      expect(result).to.equal(parser.$refs);\n    }\n    else {\n      expect(result).to.equal(parser.schema);\n      // Make sure the API was parsed correctly\n      let expected = getSchema(method);\n      expect(result).to.deep.equal(expected);\n    }\n  });",
                  "err": {},
                  "uuid": "4f959f36-2d65-4b86-8889-12f05899f052",
                  "parentUUID": "b555bde2-a9bd-4397-bdde-30b603b5e073",
                  "isHook": false,
                  "skipped": false
                },
                {
                  "title": "should reject the Promise upon failure",
                  "fullTitle": "Callback & Promise syntax dereference method should reject the Promise upon failure",
                  "timedOut": false,
                  "duration": 2,
                  "state": "passed",
                  "speed": "fast",
                  "pass": true,
                  "fail": false,
                  "pending": false,
                  "context": null,
                  "code": "return SwaggerParser[method](path.rel(\"specs/callbacks-promises/callbacks-promises-error.yaml\"))\n  .then(helper.shouldNotGetCalled)\n  .catch((err) => {\n    expect(err).to.be.an.instanceOf(SyntaxError);\n  });",
                  "err": {},
                  "uuid": "35e14d68-dfa6-4c4d-901b-19b7075c7406",
                  "parentUUID": "b555bde2-a9bd-4397-bdde-30b603b5e073",
                  "isHook": false,
                  "skipped": false
                }
              ],
              "suites": [],
              "passes": [
                "800837dd-622a-4f39-a059-68740248b9e0",
                "72effdca-ac31-4f99-b396-99a405901eb8",
                "4f959f36-2d65-4b86-8889-12f05899f052",
                "35e14d68-dfa6-4c4d-901b-19b7075c7406"
              ],
              "failures": [],
              "pending": [],
              "skipped": [],
              "duration": 16,
              "root": false,
              "rootEmpty": false,
              "_timeout": 2000
            },
            {
              "uuid": "57fc712d-18f9-45d9-ad2d-cc8c486f8868",
              "title": "bundle method",
              "fullFile": "D:\\MOLFAR\\1\\msapi-parser\\test\\specs\\callbacks-promises\\callbacks-promises.spec.js",
              "file": "\\specs\\callbacks-promises\\callbacks-promises.spec.js",
              "beforeHooks": [],
              "afterHooks": [],
              "tests": [
                {
                  "title": "should call the callback function upon success",
                  "fullTitle": "Callback & Promise syntax bundle method should call the callback function upon success",
                  "timedOut": false,
                  "duration": 10,
                  "state": "passed",
                  "speed": "fast",
                  "pass": true,
                  "fail": false,
                  "pending": false,
                  "context": null,
                  "code": "let parser = new SwaggerParser();\nparser[method](path.rel(\"specs/callbacks-promises/callbacks-promises.yaml\"), (err, result) => {\n  try {\n    expect(err).to.equal(null);\n    expect(result).to.be.an(\"object\");\n    expect(parser.$refs.paths()).to.deep.equal([path.abs(\"specs/callbacks-promises/callbacks-promises.yaml\")]);\n    if (method === \"resolve\") {\n      expect(result).to.equal(parser.$refs);\n    }\n    else {\n      expect(result).to.equal(parser.schema);\n      // Make sure the API was parsed correctly\n      let expected = getSchema(method);\n      expect(result).to.deep.equal(expected);\n    }\n    done();\n  }\n  catch (e) {\n    done(e);\n  }\n});",
                  "err": {},
                  "uuid": "c971eeb1-23b9-42a1-8d4a-33c18ba2062b",
                  "parentUUID": "57fc712d-18f9-45d9-ad2d-cc8c486f8868",
                  "isHook": false,
                  "skipped": false
                },
                {
                  "title": "should call the callback function upon failure",
                  "fullTitle": "Callback & Promise syntax bundle method should call the callback function upon failure",
                  "timedOut": false,
                  "duration": 2,
                  "state": "passed",
                  "speed": "fast",
                  "pass": true,
                  "fail": false,
                  "pending": false,
                  "context": null,
                  "code": "SwaggerParser[method](path.rel(\"specs/callbacks-promises/callbacks-promises-error.yaml\"), (err, result) => {\n  try {\n    expect(err).to.be.an.instanceOf(SyntaxError);\n    expect(result).to.equal(undefined);\n    done();\n  }\n  catch (e) {\n    done(e);\n  }\n});",
                  "err": {},
                  "uuid": "86fb3632-9971-4793-930a-63bc68dc542d",
                  "parentUUID": "57fc712d-18f9-45d9-ad2d-cc8c486f8868",
                  "isHook": false,
                  "skipped": false
                },
                {
                  "title": "should resolve the Promise upon success",
                  "fullTitle": "Callback & Promise syntax bundle method should resolve the Promise upon success",
                  "timedOut": false,
                  "duration": 12,
                  "state": "passed",
                  "speed": "fast",
                  "pass": true,
                  "fail": false,
                  "pending": false,
                  "context": null,
                  "code": "let parser = new SwaggerParser();\nreturn parser[method](path.rel(\"specs/callbacks-promises/callbacks-promises.yaml\"))\n  .then((result) => {\n    expect(result).to.be.an(\"object\");\n    expect(parser.$refs.paths()).to.deep.equal([path.abs(\"specs/callbacks-promises/callbacks-promises.yaml\")]);\n    if (method === \"resolve\") {\n      expect(result).to.equal(parser.$refs);\n    }\n    else {\n      expect(result).to.equal(parser.schema);\n      // Make sure the API was parsed correctly\n      let expected = getSchema(method);\n      expect(result).to.deep.equal(expected);\n    }\n  });",
                  "err": {},
                  "uuid": "00ff194b-6f79-4943-91fe-848432a68a97",
                  "parentUUID": "57fc712d-18f9-45d9-ad2d-cc8c486f8868",
                  "isHook": false,
                  "skipped": false
                },
                {
                  "title": "should reject the Promise upon failure",
                  "fullTitle": "Callback & Promise syntax bundle method should reject the Promise upon failure",
                  "timedOut": false,
                  "duration": 1,
                  "state": "passed",
                  "speed": "fast",
                  "pass": true,
                  "fail": false,
                  "pending": false,
                  "context": null,
                  "code": "return SwaggerParser[method](path.rel(\"specs/callbacks-promises/callbacks-promises-error.yaml\"))\n  .then(helper.shouldNotGetCalled)\n  .catch((err) => {\n    expect(err).to.be.an.instanceOf(SyntaxError);\n  });",
                  "err": {},
                  "uuid": "0507a444-7fcd-4a58-b8eb-d9a8f718a793",
                  "parentUUID": "57fc712d-18f9-45d9-ad2d-cc8c486f8868",
                  "isHook": false,
                  "skipped": false
                }
              ],
              "suites": [],
              "passes": [
                "c971eeb1-23b9-42a1-8d4a-33c18ba2062b",
                "86fb3632-9971-4793-930a-63bc68dc542d",
                "00ff194b-6f79-4943-91fe-848432a68a97",
                "0507a444-7fcd-4a58-b8eb-d9a8f718a793"
              ],
              "failures": [],
              "pending": [],
              "skipped": [],
              "duration": 25,
              "root": false,
              "rootEmpty": false,
              "_timeout": 2000
            },
            {
              "uuid": "4f13c73a-09b8-4853-b5e8-a3e49b14a115",
              "title": "validate method",
              "fullFile": "D:\\MOLFAR\\1\\msapi-parser\\test\\specs\\callbacks-promises\\callbacks-promises.spec.js",
              "file": "\\specs\\callbacks-promises\\callbacks-promises.spec.js",
              "beforeHooks": [],
              "afterHooks": [],
              "tests": [
                {
                  "title": "should call the callback function upon success",
                  "fullTitle": "Callback & Promise syntax validate method should call the callback function upon success",
                  "timedOut": false,
                  "duration": 2,
                  "state": "failed",
                  "speed": null,
                  "pass": false,
                  "fail": true,
                  "pending": false,
                  "context": null,
                  "code": "let parser = new SwaggerParser();\nparser[method](path.rel(\"specs/callbacks-promises/callbacks-promises.yaml\"), (err, result) => {\n  try {\n    expect(err).to.equal(null);\n    expect(result).to.be.an(\"object\");\n    expect(parser.$refs.paths()).to.deep.equal([path.abs(\"specs/callbacks-promises/callbacks-promises.yaml\")]);\n    if (method === \"resolve\") {\n      expect(result).to.equal(parser.$refs);\n    }\n    else {\n      expect(result).to.equal(parser.schema);\n      // Make sure the API was parsed correctly\n      let expected = getSchema(method);\n      expect(result).to.deep.equal(expected);\n    }\n    done();\n  }\n  catch (e) {\n    done(e);\n  }\n});",
                  "err": {
                    "message": "AssertionError: expected [SyntaxError: MSAPI schema validation failed. \n  Missing required property: metadata at #/\n  Missing required property: msapi at #/\n \nJSON_OBJECT_VALIDATION_FAILED] to equal null",
                    "estack": "AssertionError: expected [SyntaxError: MSAPI schema validation failed. \n  Missing required property: metadata at #/\n  Missing required property: msapi at #/\n \nJSON_OBJECT_VALIDATION_FAILED] to equal null\n    at D:\\MOLFAR\\1\\msapi-parser\\test\\specs\\callbacks-promises\\callbacks-promises.spec.js:32:26\n    at D:\\MOLFAR\\1\\msapi-parser\\node_modules\\call-me-maybe\\index.js:13:28\n    at processTicksAndRejections (internal/process/task_queues.js:75:11)",
                    "diff": null
                  },
                  "uuid": "ace277a5-839f-475b-8133-fd8a6fd03eae",
                  "parentUUID": "4f13c73a-09b8-4853-b5e8-a3e49b14a115",
                  "isHook": false,
                  "skipped": false
                },
                {
                  "title": "should call the callback function upon failure",
                  "fullTitle": "Callback & Promise syntax validate method should call the callback function upon failure",
                  "timedOut": false,
                  "duration": 0,
                  "state": null,
                  "speed": null,
                  "pass": false,
                  "fail": false,
                  "pending": false,
                  "context": null,
                  "code": "SwaggerParser[method](path.rel(\"specs/callbacks-promises/callbacks-promises-error.yaml\"), (err, result) => {\n  try {\n    expect(err).to.be.an.instanceOf(SyntaxError);\n    expect(result).to.equal(undefined);\n    done();\n  }\n  catch (e) {\n    done(e);\n  }\n});",
                  "err": {},
                  "uuid": "d2d0e3c4-c7f4-414d-97c6-1e4af145d009",
                  "parentUUID": "4f13c73a-09b8-4853-b5e8-a3e49b14a115",
                  "isHook": false,
                  "skipped": true
                },
                {
                  "title": "should resolve the Promise upon success",
                  "fullTitle": "Callback & Promise syntax validate method should resolve the Promise upon success",
                  "timedOut": false,
                  "duration": 0,
                  "state": null,
                  "speed": null,
                  "pass": false,
                  "fail": false,
                  "pending": false,
                  "context": null,
                  "code": "let parser = new SwaggerParser();\nreturn parser[method](path.rel(\"specs/callbacks-promises/callbacks-promises.yaml\"))\n  .then((result) => {\n    expect(result).to.be.an(\"object\");\n    expect(parser.$refs.paths()).to.deep.equal([path.abs(\"specs/callbacks-promises/callbacks-promises.yaml\")]);\n    if (method === \"resolve\") {\n      expect(result).to.equal(parser.$refs);\n    }\n    else {\n      expect(result).to.equal(parser.schema);\n      // Make sure the API was parsed correctly\n      let expected = getSchema(method);\n      expect(result).to.deep.equal(expected);\n    }\n  });",
                  "err": {},
                  "uuid": "1dbcf65a-e274-49a7-8260-2203ff4560d7",
                  "parentUUID": "4f13c73a-09b8-4853-b5e8-a3e49b14a115",
                  "isHook": false,
                  "skipped": true
                },
                {
                  "title": "should reject the Promise upon failure",
                  "fullTitle": "Callback & Promise syntax validate method should reject the Promise upon failure",
                  "timedOut": false,
                  "duration": 0,
                  "state": null,
                  "speed": null,
                  "pass": false,
                  "fail": false,
                  "pending": false,
                  "context": null,
                  "code": "return SwaggerParser[method](path.rel(\"specs/callbacks-promises/callbacks-promises-error.yaml\"))\n  .then(helper.shouldNotGetCalled)\n  .catch((err) => {\n    expect(err).to.be.an.instanceOf(SyntaxError);\n  });",
                  "err": {},
                  "uuid": "bb14a8f0-c772-4d44-8b63-e61d63fc79ea",
                  "parentUUID": "4f13c73a-09b8-4853-b5e8-a3e49b14a115",
                  "isHook": false,
                  "skipped": true
                }
              ],
              "suites": [],
              "passes": [],
              "failures": [
                "ace277a5-839f-475b-8133-fd8a6fd03eae"
              ],
              "pending": [],
              "skipped": [
                "d2d0e3c4-c7f4-414d-97c6-1e4af145d009",
                "1dbcf65a-e274-49a7-8260-2203ff4560d7",
                "bb14a8f0-c772-4d44-8b63-e61d63fc79ea"
              ],
              "duration": 2,
              "root": false,
              "rootEmpty": false,
              "_timeout": 2000
            }
          ],
          "passes": [],
          "failures": [],
          "pending": [],
          "skipped": [],
          "duration": 0,
          "root": false,
          "rootEmpty": false,
          "_timeout": 2000
        },
        {
          "uuid": "bae71162-d99c-473a-9854-06313418ac86",
          "title": "API with circular (recursive) $refs",
          "fullFile": "D:\\MOLFAR\\1\\msapi-parser\\test\\specs\\circular\\circular.spec.js",
          "file": "\\specs\\circular\\circular.spec.js",
          "beforeHooks": [],
          "afterHooks": [],
          "tests": [
            {
              "title": "should parse successfully",
              "fullTitle": "API with circular (recursive) $refs should parse successfully",
              "timedOut": false,
              "duration": 0,
              "state": null,
              "speed": null,
              "pass": false,
              "fail": false,
              "pending": false,
              "context": null,
              "code": "let parser = new SwaggerParser();\nconst api = await parser.parse(path.rel(\"specs/circular/circular.yaml\"));\nexpect(api).to.equal(parser.api);\nexpect(api).to.deep.equal(parsedAPI.api);\nexpect(parser.$refs.paths()).to.deep.equal([path.abs(\"specs/circular/circular.yaml\")]);",
              "err": {},
              "uuid": "28eda975-a0e5-42a3-a3ff-edb299896317",
              "parentUUID": null,
              "isHook": false,
              "skipped": true
            },
            {
              "title": "should resolve successfully",
              "fullTitle": "API with circular (recursive) $refs should resolve successfully",
              "timedOut": false,
              "duration": 0,
              "state": null,
              "speed": null,
              "pass": false,
              "fail": false,
              "pending": false,
              "context": null,
              "code": "let parser = new SwaggerParser();\nlet $refs = await parser.resolve(schemaFile);\nexpect(parser.api).to.deep.equal(parsedAPI);\nexpect(parser.$refs).to.equal($refs);\n// Resolved file paths\nexpect($refs.paths()).to.have.same.members(expectedFiles);\nif (host.node) {\n  expect($refs.paths([\"file\"])).to.have.same.members(expectedFiles);\n  expect($refs.paths(\"http\")).to.be.an(\"array\").with.lengthOf(0);\n}\nelse {\n  expect($refs.paths([\"http\", \"https\"])).to.have.same.members(expectedFiles);\n  expect($refs.paths(\"fs\")).to.be.an(\"array\").with.lengthOf(0);\n}\n// Resolved values\nlet values = $refs.values();\nexpect(values).to.have.keys(expectedFiles);\nfor (let [i, file] of expectedFiles.entries()) {\n  let actual = helper.convertNodeBuffersToPOJOs(values[file]);\n  let expected = expectedValues[i];\n  expect(actual).to.deep.equal(expected, file);\n}",
              "err": {},
              "uuid": "be38230e-b69d-4fe2-af03-739dc83729bf",
              "parentUUID": null,
              "isHook": false,
              "skipped": true
            },
            {
              "title": "should dereference successfully",
              "fullTitle": "API with circular (recursive) $refs should dereference successfully",
              "timedOut": false,
              "duration": 0,
              "state": null,
              "speed": null,
              "pass": false,
              "fail": false,
              "pending": false,
              "context": null,
              "code": "let parser = new SwaggerParser();\nconst api = await parser.dereference(path.rel(\"specs/circular/circular.yaml\"));\nexpect(api).to.equal(parser.api);\nexpect(api).to.deep.equal(dereferencedAPI);\n// Reference equality\nexpect(api.definitions.person.properties.spouse).to.equal(api.definitions.person);\nexpect(api.definitions.parent.properties.children.items).to.equal(api.definitions.child);\nexpect(api.definitions.child.properties.parents.items).to.equal(api.definitions.parent);",
              "err": {},
              "uuid": "5c2a2211-ddf1-4952-8579-645ffaa4d46a",
              "parentUUID": null,
              "isHook": false,
              "skipped": true
            },
            {
              "title": "should validate successfully",
              "fullTitle": "API with circular (recursive) $refs should validate successfully",
              "timedOut": false,
              "duration": 0,
              "state": null,
              "speed": null,
              "pass": false,
              "fail": false,
              "pending": false,
              "context": null,
              "code": "let parser = new SwaggerParser();\nconst api = await parser.validate(path.rel(\"specs/circular/circular.yaml\"));\nexpect(api).to.equal(parser.api);\nexpect(api).to.deep.equal(validatedAPI.fullyDereferenced);\n// Reference equality\nexpect(api.definitions.person.properties.spouse).to.equal(api.definitions.person);\nexpect(api.definitions.parent.properties.children.items).to.equal(api.definitions.child);\nexpect(api.definitions.child.properties.parents.items).to.equal(api.definitions.parent);",
              "err": {},
              "uuid": "47cc42d8-a46a-4f23-a382-f1987cdfdd55",
              "parentUUID": null,
              "isHook": false,
              "skipped": true
            },
            {
              "title": "should not dereference circular $refs if \"options.dereference.circular\" is \"ignore\"",
              "fullTitle": "API with circular (recursive) $refs should not dereference circular $refs if \"options.dereference.circular\" is \"ignore\"",
              "timedOut": false,
              "duration": 0,
              "state": null,
              "speed": null,
              "pass": false,
              "fail": false,
              "pending": false,
              "context": null,
              "code": "let parser = new SwaggerParser();\nconst api = await parser.validate(path.rel(\"specs/circular/circular.yaml\"), { dereference: { circular: \"ignore\" }});\nexpect(api).to.equal(parser.api);\nexpect(api).to.deep.equal(validatedAPI.ignoreCircular$Refs);\n// Reference equality\nexpect(api.paths[\"/pet\"].get.responses[\"200\"].schema).to.equal(api.definitions.pet);",
              "err": {},
              "uuid": "44cd30e9-c081-4670-b663-4bd62e75e1bf",
              "parentUUID": null,
              "isHook": false,
              "skipped": true
            },
            {
              "title": "should fail validation if \"options.dereference.circular\" is false",
              "fullTitle": "API with circular (recursive) $refs should fail validation if \"options.dereference.circular\" is false",
              "timedOut": false,
              "duration": 0,
              "state": null,
              "speed": null,
              "pass": false,
              "fail": false,
              "pending": false,
              "context": null,
              "code": "let parser = new SwaggerParser();\ntry {\n  await parser.validate(path.rel(\"specs/circular/circular.yaml\"), { dereference: { circular: false }});\n  helper.shouldNotGetCalled();\n}\ncatch (err) {\n  expect(err).to.be.an.instanceOf(ReferenceError);\n  expect(err.message).to.equal(\"The API contains circular references\");\n}",
              "err": {},
              "uuid": "0b7662fd-f709-46ea-a958-14527b601158",
              "parentUUID": null,
              "isHook": false,
              "skipped": true
            },
            {
              "title": "should bundle successfully",
              "fullTitle": "API with circular (recursive) $refs should bundle successfully",
              "timedOut": false,
              "duration": 0,
              "state": null,
              "speed": null,
              "pass": false,
              "fail": false,
              "pending": false,
              "context": null,
              "code": "let parser = new SwaggerParser();\nconst api = await parser.bundle(path.rel(\"specs/circular/circular.yaml\"));\nexpect(api).to.equal(parser.api);\nexpect(api).to.deep.equal(bundledAPI);",
              "err": {},
              "uuid": "c154e664-aec4-4e7d-9c72-0a0ee73b75bb",
              "parentUUID": null,
              "isHook": false,
              "skipped": true
            }
          ],
          "suites": [],
          "passes": [],
          "failures": [],
          "pending": [],
          "skipped": [
            "28eda975-a0e5-42a3-a3ff-edb299896317",
            "be38230e-b69d-4fe2-af03-739dc83729bf",
            "5c2a2211-ddf1-4952-8579-645ffaa4d46a",
            "47cc42d8-a46a-4f23-a382-f1987cdfdd55",
            "44cd30e9-c081-4670-b663-4bd62e75e1bf",
            "0b7662fd-f709-46ea-a958-14527b601158",
            "c154e664-aec4-4e7d-9c72-0a0ee73b75bb"
          ],
          "duration": 0,
          "root": false,
          "rootEmpty": false,
          "_timeout": 2000
        },
        {
          "uuid": "34b3d4e9-179b-4b43-aeb9-ff70af3d73a5",
          "title": "API with deeply-nested circular $refs",
          "fullFile": "D:\\MOLFAR\\1\\msapi-parser\\test\\specs\\deep-circular\\deep-circular.spec.js",
          "file": "\\specs\\deep-circular\\deep-circular.spec.js",
          "beforeHooks": [],
          "afterHooks": [],
          "tests": [
            {
              "title": "should parse successfully",
              "fullTitle": "API with deeply-nested circular $refs should parse successfully",
              "timedOut": false,
              "duration": 0,
              "state": null,
              "speed": null,
              "pass": false,
              "fail": false,
              "pending": false,
              "context": null,
              "code": "let parser = new SwaggerParser();\nconst api = await parser.parse(path.rel(\"specs/deep-circular/deep-circular.yaml\"));\nexpect(api).to.equal(parser.api);\nexpect(api).to.deep.equal(parsedAPI.api);\nexpect(parser.$refs.paths()).to.deep.equal([path.abs(\"specs/deep-circular/deep-circular.yaml\")]);",
              "err": {},
              "uuid": "8674df4f-b814-444b-8e4e-fb34864bed3a",
              "parentUUID": null,
              "isHook": false,
              "skipped": true
            },
            {
              "title": "should resolve successfully",
              "fullTitle": "API with deeply-nested circular $refs should resolve successfully",
              "timedOut": false,
              "duration": 0,
              "state": null,
              "speed": null,
              "pass": false,
              "fail": false,
              "pending": false,
              "context": null,
              "code": "let parser = new SwaggerParser();\nlet $refs = await parser.resolve(schemaFile);\nexpect(parser.api).to.deep.equal(parsedAPI);\nexpect(parser.$refs).to.equal($refs);\n// Resolved file paths\nexpect($refs.paths()).to.have.same.members(expectedFiles);\nif (host.node) {\n  expect($refs.paths([\"file\"])).to.have.same.members(expectedFiles);\n  expect($refs.paths(\"http\")).to.be.an(\"array\").with.lengthOf(0);\n}\nelse {\n  expect($refs.paths([\"http\", \"https\"])).to.have.same.members(expectedFiles);\n  expect($refs.paths(\"fs\")).to.be.an(\"array\").with.lengthOf(0);\n}\n// Resolved values\nlet values = $refs.values();\nexpect(values).to.have.keys(expectedFiles);\nfor (let [i, file] of expectedFiles.entries()) {\n  let actual = helper.convertNodeBuffersToPOJOs(values[file]);\n  let expected = expectedValues[i];\n  expect(actual).to.deep.equal(expected, file);\n}",
              "err": {},
              "uuid": "0ae44776-fd55-4c26-8b70-5926f7e7bcdf",
              "parentUUID": null,
              "isHook": false,
              "skipped": true
            },
            {
              "title": "should dereference successfully",
              "fullTitle": "API with deeply-nested circular $refs should dereference successfully",
              "timedOut": false,
              "duration": 0,
              "state": null,
              "speed": null,
              "pass": false,
              "fail": false,
              "pending": false,
              "context": null,
              "code": "let parser = new SwaggerParser();\nconst api = await parser.dereference(path.rel(\"specs/deep-circular/deep-circular.yaml\"));\nexpect(api).to.equal(parser.api);\nexpect(api).to.deep.equal(dereferencedAPI);\n// Reference equality\nexpect(api.paths[\"/family-tree\"].get.responses[\"200\"].schema.properties.name.type)\n  .to.equal(api.paths[\"/family-tree\"].get.responses[\"200\"].schema.properties.level1.properties.name.type)\n  .to.equal(api.paths[\"/family-tree\"].get.responses[\"200\"].schema.properties.level1.properties.level2.properties.name.type)\n  .to.equal(api.paths[\"/family-tree\"].get.responses[\"200\"].schema.properties.level1.properties.level2.properties.level3.properties.name.type)\n  .to.equal(api.paths[\"/family-tree\"].get.responses[\"200\"].schema.properties.level1.properties.level2.properties.level3.properties.level4.properties.name.type);",
              "err": {},
              "uuid": "a8150abd-468e-49e3-b309-2b4cabec4055",
              "parentUUID": null,
              "isHook": false,
              "skipped": true
            },
            {
              "title": "should validate successfully",
              "fullTitle": "API with deeply-nested circular $refs should validate successfully",
              "timedOut": false,
              "duration": 0,
              "state": null,
              "speed": null,
              "pass": false,
              "fail": false,
              "pending": false,
              "context": null,
              "code": "let parser = new SwaggerParser();\nconst api = await parser.validate(path.rel(\"specs/deep-circular/deep-circular.yaml\"));\nexpect(api).to.equal(parser.api);\nexpect(api).to.deep.equal(dereferencedAPI);\n// Reference equality\nexpect(api.paths[\"/family-tree\"].get.responses[\"200\"].schema.properties.name.type)\n  .to.equal(api.paths[\"/family-tree\"].get.responses[\"200\"].schema.properties.level1.properties.name.type)\n  .to.equal(api.paths[\"/family-tree\"].get.responses[\"200\"].schema.properties.level1.properties.level2.properties.name.type)\n  .to.equal(api.paths[\"/family-tree\"].get.responses[\"200\"].schema.properties.level1.properties.level2.properties.level3.properties.name.type)\n  .to.equal(api.paths[\"/family-tree\"].get.responses[\"200\"].schema.properties.level1.properties.level2.properties.level3.properties.level4.properties.name.type);",
              "err": {},
              "uuid": "cf112a90-f578-4ba5-9d04-78ed918491c9",
              "parentUUID": null,
              "isHook": false,
              "skipped": true
            },
            {
              "title": "should bundle successfully",
              "fullTitle": "API with deeply-nested circular $refs should bundle successfully",
              "timedOut": false,
              "duration": 0,
              "state": null,
              "speed": null,
              "pass": false,
              "fail": false,
              "pending": false,
              "context": null,
              "code": "let parser = new SwaggerParser();\nconst api = await parser.bundle(path.rel(\"specs/deep-circular/deep-circular.yaml\"));\nexpect(api).to.equal(parser.api);\nexpect(api).to.deep.equal(bundledAPI);",
              "err": {},
              "uuid": "f6fbd30a-81a4-41c1-b300-c5d5f6f99628",
              "parentUUID": null,
              "isHook": false,
              "skipped": true
            }
          ],
          "suites": [],
          "passes": [],
          "failures": [],
          "pending": [],
          "skipped": [
            "8674df4f-b814-444b-8e4e-fb34864bed3a",
            "0ae44776-fd55-4c26-8b70-5926f7e7bcdf",
            "a8150abd-468e-49e3-b309-2b4cabec4055",
            "cf112a90-f578-4ba5-9d04-78ed918491c9",
            "f6fbd30a-81a4-41c1-b300-c5d5f6f99628"
          ],
          "duration": 0,
          "root": false,
          "rootEmpty": false,
          "_timeout": 2000
        },
        {
          "uuid": "2fa020b0-68c0-461e-bbd8-2925be16006e",
          "title": "Exports",
          "fullFile": "D:\\MOLFAR\\1\\msapi-parser\\test\\specs\\exports.spec.js",
          "file": "\\specs\\exports.spec.js",
          "beforeHooks": [],
          "afterHooks": [],
          "tests": [
            {
              "title": "should export the SwaggerParser class",
              "fullTitle": "Exports should export the SwaggerParser class",
              "timedOut": false,
              "duration": 0,
              "state": null,
              "speed": null,
              "pass": false,
              "fail": false,
              "pending": false,
              "context": null,
              "code": "expect(SwaggerParser).to.be.a(\"function\");",
              "err": {},
              "uuid": "f166cae3-d1e7-41f3-95e0-76b99747e380",
              "parentUUID": null,
              "isHook": false,
              "skipped": true
            },
            {
              "title": "should export all the static methods of SwaggerParser",
              "fullTitle": "Exports should export all the static methods of SwaggerParser",
              "timedOut": false,
              "duration": 0,
              "state": null,
              "speed": null,
              "pass": false,
              "fail": false,
              "pending": false,
              "context": null,
              "code": "expect(SwaggerParser.parse).to.be.a(\"function\");\nexpect(SwaggerParser.resolve).to.be.a(\"function\");\nexpect(SwaggerParser.bundle).to.be.a(\"function\");\nexpect(SwaggerParser.dereference).to.be.a(\"function\");",
              "err": {},
              "uuid": "741c5da3-becc-4aa9-9a30-c4360ca4a886",
              "parentUUID": null,
              "isHook": false,
              "skipped": true
            },
            {
              "title": "should export the validate method",
              "fullTitle": "Exports should export the validate method",
              "timedOut": false,
              "duration": 0,
              "state": null,
              "speed": null,
              "pass": false,
              "fail": false,
              "pending": false,
              "context": null,
              "code": "expect(SwaggerParser.validate).to.be.a(\"function\");",
              "err": {},
              "uuid": "98750408-e3fa-4c08-8950-0483a113e61e",
              "parentUUID": null,
              "isHook": false,
              "skipped": true
            }
          ],
          "suites": [],
          "passes": [],
          "failures": [],
          "pending": [],
          "skipped": [
            "f166cae3-d1e7-41f3-95e0-76b99747e380",
            "741c5da3-becc-4aa9-9a30-c4360ca4a886",
            "98750408-e3fa-4c08-8950-0483a113e61e"
          ],
          "duration": 0,
          "root": false,
          "rootEmpty": false,
          "_timeout": 2000
        },
        {
          "uuid": "741f6c55-19bf-474b-96e9-abd3314ab632",
          "title": "Invalid APIs (can't be parsed)",
          "fullFile": "D:\\MOLFAR\\1\\msapi-parser\\test\\specs\\invalid\\invalid.spec.js",
          "file": "\\specs\\invalid\\invalid.spec.js",
          "beforeHooks": [],
          "afterHooks": [],
          "tests": [
            {
              "title": "not a Swagger API",
              "fullTitle": "Invalid APIs (can't be parsed) not a Swagger API",
              "timedOut": false,
              "duration": 0,
              "state": null,
              "speed": null,
              "pass": false,
              "fail": false,
              "pending": false,
              "context": null,
              "code": "try {\n  await SwaggerParser.parse(path.rel(\"specs/invalid/not-swagger.yaml\"));\n  helper.shouldNotGetCalled();\n}\ncatch (err) {\n  expect(err).to.be.an.instanceOf(SyntaxError);\n  expect(err.message).to.contain(\"not-swagger.yaml is not a valid Openapi API definition\");\n}",
              "err": {},
              "uuid": "068114c5-94a5-4da7-9d15-0ebebd90af8f",
              "parentUUID": null,
              "isHook": false,
              "skipped": true
            },
            {
              "title": "invalid Swagger version (1.2)",
              "fullTitle": "Invalid APIs (can't be parsed) invalid Swagger version (1.2)",
              "timedOut": false,
              "duration": 0,
              "state": null,
              "speed": null,
              "pass": false,
              "fail": false,
              "pending": false,
              "context": null,
              "code": "try {\n  await SwaggerParser.dereference(path.rel(\"specs/invalid/old-version.yaml\"));\n  helper.shouldNotGetCalled();\n}\ncatch (err) {\n  expect(err).to.be.an.instanceOf(SyntaxError);\n  expect(err.message).to.equal(\"Unrecognized Swagger version: 1.2. Expected 2.0\");\n}",
              "err": {},
              "uuid": "01457347-3bb5-4da5-bbf5-49e87f3ed36a",
              "parentUUID": null,
              "isHook": false,
              "skipped": true
            },
            {
              "title": "invalid Swagger version (3.0)",
              "fullTitle": "Invalid APIs (can't be parsed) invalid Swagger version (3.0)",
              "timedOut": false,
              "duration": 0,
              "state": null,
              "speed": null,
              "pass": false,
              "fail": false,
              "pending": false,
              "context": null,
              "code": "try {\n  await SwaggerParser.bundle(path.rel(\"specs/invalid/newer-version.yaml\"));\n  helper.shouldNotGetCalled();\n}\ncatch (err) {\n  expect(err).to.be.an.instanceOf(SyntaxError);\n  expect(err.message).to.equal(\"Unrecognized Swagger version: 3.0. Expected 2.0\");\n}",
              "err": {},
              "uuid": "ed930e82-f06d-4ddb-8f19-d956564dbedf",
              "parentUUID": null,
              "isHook": false,
              "skipped": true
            },
            {
              "title": "numeric Swagger version (instead of a string)",
              "fullTitle": "Invalid APIs (can't be parsed) numeric Swagger version (instead of a string)",
              "timedOut": false,
              "duration": 0,
              "state": null,
              "speed": null,
              "pass": false,
              "fail": false,
              "pending": false,
              "context": null,
              "code": "try {\n  await SwaggerParser.validate(path.rel(\"specs/invalid/numeric-version.yaml\"));\n  helper.shouldNotGetCalled();\n}\ncatch (err) {\n  expect(err).to.be.an.instanceOf(SyntaxError);\n  expect(err.message).to.equal('Swagger version number must be a string (e.g. \\\"2.0\\\") not a number.');\n}",
              "err": {},
              "uuid": "014feb3a-83f2-4c76-a58b-94cde79f0a42",
              "parentUUID": null,
              "isHook": false,
              "skipped": true
            },
            {
              "title": "numeric API version (instead of a string)",
              "fullTitle": "Invalid APIs (can't be parsed) numeric API version (instead of a string)",
              "timedOut": false,
              "duration": 0,
              "state": null,
              "speed": null,
              "pass": false,
              "fail": false,
              "pending": false,
              "context": null,
              "code": "try {\n  await SwaggerParser.validate(path.rel(\"specs/invalid/numeric-info-version.yaml\"));\n  helper.shouldNotGetCalled();\n}\ncatch (err) {\n  expect(err).to.be.an.instanceOf(SyntaxError);\n  expect(err.message).to.equal('API version number must be a string (e.g. \\\"1.0.0\\\") not a number.');\n}",
              "err": {},
              "uuid": "15088b2a-4f68-426c-9af3-0920f5aad5c3",
              "parentUUID": null,
              "isHook": false,
              "skipped": true
            }
          ],
          "suites": [],
          "passes": [],
          "failures": [],
          "pending": [],
          "skipped": [
            "068114c5-94a5-4da7-9d15-0ebebd90af8f",
            "01457347-3bb5-4da5-bbf5-49e87f3ed36a",
            "ed930e82-f06d-4ddb-8f19-d956564dbedf",
            "014feb3a-83f2-4c76-a58b-94cde79f0a42",
            "15088b2a-4f68-426c-9af3-0920f5aad5c3"
          ],
          "duration": 0,
          "root": false,
          "rootEmpty": false,
          "_timeout": 2000
        },
        {
          "uuid": "c88980ed-acdd-448e-bf96-e4a462c8fae2",
          "title": "Object sources (instead of file paths)",
          "fullFile": "D:\\MOLFAR\\1\\msapi-parser\\test\\specs\\object-source\\object-source.spec.js",
          "file": "\\specs\\object-source\\object-source.spec.js",
          "beforeHooks": [],
          "afterHooks": [],
          "tests": [
            {
              "title": "should dereference an object that references external files",
              "fullTitle": "Object sources (instead of file paths) should dereference an object that references external files",
              "timedOut": false,
              "duration": 0,
              "state": null,
              "speed": null,
              "pass": false,
              "fail": false,
              "pending": false,
              "context": null,
              "code": "let parser = new SwaggerParser();\nconst api = await parser.dereference(helper.cloneDeep(parsedAPI.api));\nexpect(api).to.equal(parser.api);\nexpect(api).to.deep.equal(dereferencedAPI);\n// The API path should be the current directory, and all other paths should be absolute\nlet expectedPaths = [\n  path.cwd(),\n  path.abs(\"specs/object-source/definitions/definitions.json\"),\n  path.abs(\"specs/object-source/definitions/name.yaml\"),\n  path.abs(\"specs/object-source/definitions/required-string.yaml\")\n];\nexpect(parser.$refs.paths()).to.have.same.members(expectedPaths);\nexpect(parser.$refs.values()).to.have.keys(expectedPaths);\n// Reference equality\nexpect(api.paths[\"/people/{name}\"].get.responses[\"200\"].schema)\n  .to.equal(api.definitions.name);\nexpect(api.definitions.requiredString)\n  .to.equal(api.definitions.name.properties.first)\n  .to.equal(api.definitions.name.properties.last)\n  .to.equal(api.paths[\"/people/{name}\"].get.responses[\"200\"].schema.properties.first)\n  .to.equal(api.paths[\"/people/{name}\"].get.responses[\"200\"].schema.properties.last);",
              "err": {},
              "uuid": "9f4221ae-526b-48e2-a582-cf34cd000ba8",
              "parentUUID": null,
              "isHook": false,
              "skipped": true
            },
            {
              "title": "should bundle an object that references external files",
              "fullTitle": "Object sources (instead of file paths) should bundle an object that references external files",
              "timedOut": false,
              "duration": 0,
              "state": null,
              "speed": null,
              "pass": false,
              "fail": false,
              "pending": false,
              "context": null,
              "code": "let parser = new SwaggerParser();\nconst api = await parser.bundle(helper.cloneDeep(parsedAPI.api));\nexpect(api).to.equal(parser.api);\nexpect(api).to.deep.equal(bundledAPI);\n// The API path should be the current directory, and all other paths should be absolute\nlet expectedPaths = [\n  path.cwd(),\n  path.abs(\"specs/object-source/definitions/definitions.json\"),\n  path.abs(\"specs/object-source/definitions/name.yaml\"),\n  path.abs(\"specs/object-source/definitions/required-string.yaml\")\n];\nexpect(parser.$refs.paths()).to.have.same.members(expectedPaths);\nexpect(parser.$refs.values()).to.have.keys(expectedPaths);",
              "err": {},
              "uuid": "42cf1eb0-c3c0-420f-933f-0daa48655d23",
              "parentUUID": null,
              "isHook": false,
              "skipped": true
            },
            {
              "title": "should validate an object that references external files",
              "fullTitle": "Object sources (instead of file paths) should validate an object that references external files",
              "timedOut": false,
              "duration": 0,
              "state": null,
              "speed": null,
              "pass": false,
              "fail": false,
              "pending": false,
              "context": null,
              "code": "let parser = new SwaggerParser();\nconst api = await parser.dereference(helper.cloneDeep(parsedAPI.api));\nexpect(api).to.equal(parser.api);\nexpect(api).to.deep.equal(dereferencedAPI);\n// The API path should be the current directory, and all other paths should be absolute\nlet expectedPaths = [\n  path.cwd(),\n  path.abs(\"specs/object-source/definitions/definitions.json\"),\n  path.abs(\"specs/object-source/definitions/name.yaml\"),\n  path.abs(\"specs/object-source/definitions/required-string.yaml\")\n];\nexpect(parser.$refs.paths()).to.have.same.members(expectedPaths);\nexpect(parser.$refs.values()).to.have.keys(expectedPaths);\n// Reference equality\nexpect(api.paths[\"/people/{name}\"].get.responses[\"200\"].schema)\n  .to.equal(api.definitions.name);\nexpect(api.definitions.requiredString)\n  .to.equal(api.definitions.name.properties.first)\n  .to.equal(api.definitions.name.properties.last)\n  .to.equal(api.paths[\"/people/{name}\"].get.responses[\"200\"].schema.properties.first)\n  .to.equal(api.paths[\"/people/{name}\"].get.responses[\"200\"].schema.properties.last);",
              "err": {},
              "uuid": "89763c6c-cbb1-4c71-b5b6-d39c0d013071",
              "parentUUID": null,
              "isHook": false,
              "skipped": true
            }
          ],
          "suites": [],
          "passes": [],
          "failures": [],
          "pending": [],
          "skipped": [
            "9f4221ae-526b-48e2-a582-cf34cd000ba8",
            "42cf1eb0-c3c0-420f-933f-0daa48655d23",
            "89763c6c-cbb1-4c71-b5b6-d39c0d013071"
          ],
          "duration": 0,
          "root": false,
          "rootEmpty": false,
          "_timeout": 2000
        },
        {
          "uuid": "c90f5d06-b1d1-4419-96dd-63b60b1b0f7f",
          "title": "API with $refs to unknown file types",
          "fullFile": "D:\\MOLFAR\\1\\msapi-parser\\test\\specs\\unknown\\unknown.spec.js",
          "file": "\\specs\\unknown\\unknown.spec.js",
          "beforeHooks": [
            {
              "title": "\"before each\" hook",
              "fullTitle": "API with $refs to unknown file types \"before each\" hook",
              "timedOut": false,
              "duration": 0,
              "state": null,
              "speed": null,
              "pass": false,
              "fail": false,
              "pending": false,
              "context": null,
              "code": "// Some old Webkit browsers throw an error when downloading zero-byte files.\nwindowOnError = host.global.onerror;\nhost.global.onerror = function () {\n  testDone();\n  return true;\n};",
              "err": {},
              "uuid": "d22091ba-8b08-4c58-a44e-026fc68e705a",
              "parentUUID": null,
              "isHook": true,
              "skipped": false
            }
          ],
          "afterHooks": [
            {
              "title": "\"after each\" hook",
              "fullTitle": "API with $refs to unknown file types \"after each\" hook",
              "timedOut": false,
              "duration": 0,
              "state": null,
              "speed": null,
              "pass": false,
              "fail": false,
              "pending": false,
              "context": null,
              "code": "host.global.onerror = windowOnError;",
              "err": {},
              "uuid": "ad95b255-97fb-476e-9474-5b7b022af501",
              "parentUUID": null,
              "isHook": true,
              "skipped": false
            }
          ],
          "tests": [
            {
              "title": "should parse successfully",
              "fullTitle": "API with $refs to unknown file types should parse successfully",
              "timedOut": false,
              "duration": 0,
              "state": null,
              "speed": null,
              "pass": false,
              "fail": false,
              "pending": false,
              "context": null,
              "code": "let parser = new SwaggerParser();\nlet api = await parser.parse(path.rel(\"specs/unknown/unknown.yaml\"));\nexpect(api).to.equal(parser.api);\nexpect(api).to.deep.equal(parsedAPI.api);\nexpect(parser.$refs.paths()).to.deep.equal([path.abs(\"specs/unknown/unknown.yaml\")]);",
              "err": {},
              "uuid": "49be7a3e-e336-4ec7-83dd-620f81669d64",
              "parentUUID": null,
              "isHook": false,
              "skipped": true
            },
            {
              "title": "should resolve successfully",
              "fullTitle": "API with $refs to unknown file types should resolve successfully",
              "timedOut": false,
              "duration": 0,
              "state": null,
              "speed": null,
              "pass": false,
              "fail": false,
              "pending": false,
              "context": null,
              "code": "let parser = new SwaggerParser();\nlet $refs = await parser.resolve(schemaFile);\nexpect(parser.api).to.deep.equal(parsedAPI);\nexpect(parser.$refs).to.equal($refs);\n// Resolved file paths\nexpect($refs.paths()).to.have.same.members(expectedFiles);\nif (host.node) {\n  expect($refs.paths([\"file\"])).to.have.same.members(expectedFiles);\n  expect($refs.paths(\"http\")).to.be.an(\"array\").with.lengthOf(0);\n}\nelse {\n  expect($refs.paths([\"http\", \"https\"])).to.have.same.members(expectedFiles);\n  expect($refs.paths(\"fs\")).to.be.an(\"array\").with.lengthOf(0);\n}\n// Resolved values\nlet values = $refs.values();\nexpect(values).to.have.keys(expectedFiles);\nfor (let [i, file] of expectedFiles.entries()) {\n  let actual = helper.convertNodeBuffersToPOJOs(values[file]);\n  let expected = expectedValues[i];\n  expect(actual).to.deep.equal(expected, file);\n}",
              "err": {},
              "uuid": "57fb7188-1bee-4493-bbee-a1a57df9069a",
              "parentUUID": null,
              "isHook": false,
              "skipped": true
            },
            {
              "title": "should dereference successfully",
              "fullTitle": "API with $refs to unknown file types should dereference successfully",
              "timedOut": false,
              "duration": 0,
              "state": null,
              "speed": null,
              "pass": false,
              "fail": false,
              "pending": false,
              "context": null,
              "code": "let parser = new SwaggerParser();\nlet api = await parser.dereference(path.rel(\"specs/unknown/unknown.yaml\"));\nexpect(api).to.equal(parser.api);\napi.paths[\"/files/text\"].get.responses[\"200\"].default =\n  helper.convertNodeBuffersToPOJOs(dereferencedAPI.paths[\"/files/text\"].get.responses[\"200\"].default);\napi.paths[\"/files/html\"].get.responses[\"200\"].default =\n  helper.convertNodeBuffersToPOJOs(dereferencedAPI.paths[\"/files/html\"].get.responses[\"200\"].default);\napi.paths[\"/files/blank\"].get.responses[\"200\"].default =\n  helper.convertNodeBuffersToPOJOs(dereferencedAPI.paths[\"/files/blank\"].get.responses[\"200\"].default);\napi.paths[\"/files/binary\"].get.responses[\"200\"].default =\n  helper.convertNodeBuffersToPOJOs(dereferencedAPI.paths[\"/files/binary\"].get.responses[\"200\"].default);",
              "err": {},
              "uuid": "115e1a2f-cd26-4b54-99bc-d8dda56504e9",
              "parentUUID": null,
              "isHook": false,
              "skipped": true
            },
            {
              "title": "should validate successfully",
              "fullTitle": "API with $refs to unknown file types should validate successfully",
              "timedOut": false,
              "duration": 0,
              "state": null,
              "speed": null,
              "pass": false,
              "fail": false,
              "pending": false,
              "context": null,
              "code": "let parser = new SwaggerParser();\nlet api = await parser.validate(path.rel(\"specs/unknown/unknown.yaml\"));\nexpect(api).to.equal(parser.api);\napi.paths[\"/files/text\"].get.responses[\"200\"].default =\n  helper.convertNodeBuffersToPOJOs(dereferencedAPI.paths[\"/files/text\"].get.responses[\"200\"].default);\napi.paths[\"/files/html\"].get.responses[\"200\"].default =\n  helper.convertNodeBuffersToPOJOs(dereferencedAPI.paths[\"/files/html\"].get.responses[\"200\"].default);\napi.paths[\"/files/blank\"].get.responses[\"200\"].default =\n  helper.convertNodeBuffersToPOJOs(dereferencedAPI.paths[\"/files/blank\"].get.responses[\"200\"].default);\napi.paths[\"/files/binary\"].get.responses[\"200\"].default =\n  helper.convertNodeBuffersToPOJOs(dereferencedAPI.paths[\"/files/binary\"].get.responses[\"200\"].default);",
              "err": {},
              "uuid": "9f880d74-0f2b-4137-896c-d1271a0f74d6",
              "parentUUID": null,
              "isHook": false,
              "skipped": true
            },
            {
              "title": "should bundle successfully",
              "fullTitle": "API with $refs to unknown file types should bundle successfully",
              "timedOut": false,
              "duration": 0,
              "state": null,
              "speed": null,
              "pass": false,
              "fail": false,
              "pending": false,
              "context": null,
              "code": "let parser = new SwaggerParser();\nlet api = await parser.bundle(path.rel(\"specs/unknown/unknown.yaml\"));\nexpect(api).to.equal(parser.api);\napi.paths[\"/files/text\"].get.responses[\"200\"].default =\n  helper.convertNodeBuffersToPOJOs(dereferencedAPI.paths[\"/files/text\"].get.responses[\"200\"].default);\napi.paths[\"/files/html\"].get.responses[\"200\"].default =\n  helper.convertNodeBuffersToPOJOs(dereferencedAPI.paths[\"/files/html\"].get.responses[\"200\"].default);\napi.paths[\"/files/blank\"].get.responses[\"200\"].default =\n  helper.convertNodeBuffersToPOJOs(dereferencedAPI.paths[\"/files/blank\"].get.responses[\"200\"].default);\napi.paths[\"/files/binary\"].get.responses[\"200\"].default =\n  helper.convertNodeBuffersToPOJOs(dereferencedAPI.paths[\"/files/binary\"].get.responses[\"200\"].default);",
              "err": {},
              "uuid": "de086d5e-ed20-44f3-9ca0-04a85504b32f",
              "parentUUID": null,
              "isHook": false,
              "skipped": true
            }
          ],
          "suites": [],
          "passes": [],
          "failures": [],
          "pending": [],
          "skipped": [
            "49be7a3e-e336-4ec7-83dd-620f81669d64",
            "57fb7188-1bee-4493-bbee-a1a57df9069a",
            "115e1a2f-cd26-4b54-99bc-d8dda56504e9",
            "9f880d74-0f2b-4137-896c-d1271a0f74d6",
            "de086d5e-ed20-44f3-9ca0-04a85504b32f"
          ],
          "duration": 0,
          "root": false,
          "rootEmpty": false,
          "_timeout": 2000
        },
        {
          "uuid": "27b2b8c2-43b3-4a8d-80f8-9c6f4f98976b",
          "title": "Invalid APIs (Swagger 2.0 schema validation)",
          "fullFile": "D:\\MOLFAR\\1\\msapi-parser\\test\\specs\\validate-schema\\validate-schema.spec.js",
          "file": "\\specs\\validate-schema\\validate-schema.spec.js",
          "beforeHooks": [],
          "afterHooks": [],
          "tests": [
            {
              "title": "should pass validation if \"options.validate.schema\" is false",
              "fullTitle": "Invalid APIs (Swagger 2.0 schema validation) should pass validation if \"options.validate.schema\" is false",
              "timedOut": false,
              "duration": 0,
              "state": null,
              "speed": null,
              "pass": false,
              "fail": false,
              "pending": false,
              "context": null,
              "code": "let invalid = tests[0];\nexpect(invalid.valid).to.equal(false);\nconst api = await SwaggerParser\n  .validate(path.rel(\"specs/validate-schema/invalid/\" + invalid.file), { validate: { schema: false }});\nexpect(api).to.be.an(\"object\");",
              "err": {},
              "uuid": "12018735-cd1f-4f17-beae-ed86e32918ce",
              "parentUUID": null,
              "isHook": false,
              "skipped": true
            },
            {
              "title": "invalid response code",
              "fullTitle": "Invalid APIs (Swagger 2.0 schema validation) invalid response code",
              "timedOut": false,
              "duration": 0,
              "state": null,
              "speed": null,
              "pass": false,
              "fail": false,
              "pending": false,
              "context": null,
              "code": "try {\n  await SwaggerParser.validate(path.rel(\"specs/validate-schema/invalid/\" + test.file));\n  throw new Error(\"Validation should have failed, but it succeeded!\");\n}\ncatch (err) {\n  expect(err).to.be.an.instanceOf(SyntaxError);\n  expect(err.message).to.match(/^Swagger schema validation failed. \\n  \\w+/);\n  expect(err.details).to.be.an(\"array\").with.length.above(0);\n  // Make sure the ZSchema error details object is valid\n  let details = err.details[0];\n  expect(details.code).to.be.a(\"string\").and.match(/[A-Z_]+/);\n  expect(details.message).to.be.a(\"string\").with.length.of.at.least(1);\n  expect(details.path).to.be.an(\"array\").with.length.above(0);\n  expect(details.params).to.be.an(\"array\");\n}",
              "err": {},
              "uuid": "283109e1-03a5-49a1-81c7-0f1ead2ac0f3",
              "parentUUID": null,
              "isHook": false,
              "skipped": true
            },
            {
              "title": "optional path param",
              "fullTitle": "Invalid APIs (Swagger 2.0 schema validation) optional path param",
              "timedOut": false,
              "duration": 0,
              "state": null,
              "speed": null,
              "pass": false,
              "fail": false,
              "pending": false,
              "context": null,
              "code": "try {\n  await SwaggerParser.validate(path.rel(\"specs/validate-schema/invalid/\" + test.file));\n  throw new Error(\"Validation should have failed, but it succeeded!\");\n}\ncatch (err) {\n  expect(err).to.be.an.instanceOf(SyntaxError);\n  expect(err.message).to.match(/^Swagger schema validation failed. \\n  \\w+/);\n  expect(err.details).to.be.an(\"array\").with.length.above(0);\n  // Make sure the ZSchema error details object is valid\n  let details = err.details[0];\n  expect(details.code).to.be.a(\"string\").and.match(/[A-Z_]+/);\n  expect(details.message).to.be.a(\"string\").with.length.of.at.least(1);\n  expect(details.path).to.be.an(\"array\").with.length.above(0);\n  expect(details.params).to.be.an(\"array\");\n}",
              "err": {},
              "uuid": "b98860f4-bceb-4e84-93b9-471154f18b1d",
              "parentUUID": null,
              "isHook": false,
              "skipped": true
            },
            {
              "title": "non-required path param",
              "fullTitle": "Invalid APIs (Swagger 2.0 schema validation) non-required path param",
              "timedOut": false,
              "duration": 0,
              "state": null,
              "speed": null,
              "pass": false,
              "fail": false,
              "pending": false,
              "context": null,
              "code": "try {\n  await SwaggerParser.validate(path.rel(\"specs/validate-schema/invalid/\" + test.file));\n  throw new Error(\"Validation should have failed, but it succeeded!\");\n}\ncatch (err) {\n  expect(err).to.be.an.instanceOf(SyntaxError);\n  expect(err.message).to.match(/^Swagger schema validation failed. \\n  \\w+/);\n  expect(err.details).to.be.an(\"array\").with.length.above(0);\n  // Make sure the ZSchema error details object is valid\n  let details = err.details[0];\n  expect(details.code).to.be.a(\"string\").and.match(/[A-Z_]+/);\n  expect(details.message).to.be.a(\"string\").with.length.of.at.least(1);\n  expect(details.path).to.be.an(\"array\").with.length.above(0);\n  expect(details.params).to.be.an(\"array\");\n}",
              "err": {},
              "uuid": "3685502d-bf2b-411e-9139-c6cb21d766fc",
              "parentUUID": null,
              "isHook": false,
              "skipped": true
            },
            {
              "title": "invalid schema type",
              "fullTitle": "Invalid APIs (Swagger 2.0 schema validation) invalid schema type",
              "timedOut": false,
              "duration": 0,
              "state": null,
              "speed": null,
              "pass": false,
              "fail": false,
              "pending": false,
              "context": null,
              "code": "try {\n  await SwaggerParser.validate(path.rel(\"specs/validate-schema/invalid/\" + test.file));\n  throw new Error(\"Validation should have failed, but it succeeded!\");\n}\ncatch (err) {\n  expect(err).to.be.an.instanceOf(SyntaxError);\n  expect(err.message).to.match(/^Swagger schema validation failed. \\n  \\w+/);\n  expect(err.details).to.be.an(\"array\").with.length.above(0);\n  // Make sure the ZSchema error details object is valid\n  let details = err.details[0];\n  expect(details.code).to.be.a(\"string\").and.match(/[A-Z_]+/);\n  expect(details.message).to.be.a(\"string\").with.length.of.at.least(1);\n  expect(details.path).to.be.an(\"array\").with.length.above(0);\n  expect(details.params).to.be.an(\"array\");\n}",
              "err": {},
              "uuid": "41d4feec-b558-4d9e-8472-0888efb2d273",
              "parentUUID": null,
              "isHook": false,
              "skipped": true
            },
            {
              "title": "invalid param type",
              "fullTitle": "Invalid APIs (Swagger 2.0 schema validation) invalid param type",
              "timedOut": false,
              "duration": 0,
              "state": null,
              "speed": null,
              "pass": false,
              "fail": false,
              "pending": false,
              "context": null,
              "code": "try {\n  await SwaggerParser.validate(path.rel(\"specs/validate-schema/invalid/\" + test.file));\n  throw new Error(\"Validation should have failed, but it succeeded!\");\n}\ncatch (err) {\n  expect(err).to.be.an.instanceOf(SyntaxError);\n  expect(err.message).to.match(/^Swagger schema validation failed. \\n  \\w+/);\n  expect(err.details).to.be.an(\"array\").with.length.above(0);\n  // Make sure the ZSchema error details object is valid\n  let details = err.details[0];\n  expect(details.code).to.be.a(\"string\").and.match(/[A-Z_]+/);\n  expect(details.message).to.be.a(\"string\").with.length.of.at.least(1);\n  expect(details.path).to.be.an(\"array\").with.length.above(0);\n  expect(details.params).to.be.an(\"array\");\n}",
              "err": {},
              "uuid": "4256a660-e3d4-4723-93e0-0a1ed44c300c",
              "parentUUID": null,
              "isHook": false,
              "skipped": true
            },
            {
              "title": "non-primitive param type",
              "fullTitle": "Invalid APIs (Swagger 2.0 schema validation) non-primitive param type",
              "timedOut": false,
              "duration": 0,
              "state": null,
              "speed": null,
              "pass": false,
              "fail": false,
              "pending": false,
              "context": null,
              "code": "try {\n  await SwaggerParser.validate(path.rel(\"specs/validate-schema/invalid/\" + test.file));\n  throw new Error(\"Validation should have failed, but it succeeded!\");\n}\ncatch (err) {\n  expect(err).to.be.an.instanceOf(SyntaxError);\n  expect(err.message).to.match(/^Swagger schema validation failed. \\n  \\w+/);\n  expect(err.details).to.be.an(\"array\").with.length.above(0);\n  // Make sure the ZSchema error details object is valid\n  let details = err.details[0];\n  expect(details.code).to.be.a(\"string\").and.match(/[A-Z_]+/);\n  expect(details.message).to.be.a(\"string\").with.length.of.at.least(1);\n  expect(details.path).to.be.an(\"array\").with.length.above(0);\n  expect(details.params).to.be.an(\"array\");\n}",
              "err": {},
              "uuid": "e1d576c1-f1c8-4494-bd79-a4a8d03e72e1",
              "parentUUID": null,
              "isHook": false,
              "skipped": true
            },
            {
              "title": "invalid parameter location",
              "fullTitle": "Invalid APIs (Swagger 2.0 schema validation) invalid parameter location",
              "timedOut": false,
              "duration": 0,
              "state": null,
              "speed": null,
              "pass": false,
              "fail": false,
              "pending": false,
              "context": null,
[...]
              "timedOut": false,
              "duration": 0,
              "state": null,
              "speed": null,
              "pass": false,
              "fail": false,
              "pending": false,
              "context": null,
              "code": "try {\n  await SwaggerParser.validate(path.rel(\"specs/validate-spec/invalid/\" + test.file));\n  throw new Error(\"Validation should have failed, but it succeeded!\");\n}\ncatch (err) {\n  expect(err).to.be.an.instanceOf(SyntaxError);\n  expect(err.message).to.equal(test.error);\n  expect(err.message).to.match(/^Validation failed. \\S+/);\n}",
              "err": {},
              "uuid": "5f16a281-d17d-4906-852b-69d0d1013925",
              "parentUUID": null,
              "isHook": false,
              "skipped": true
            },
            {
              "title": "body and formData parameters",
              "fullTitle": "Invalid APIs (Swagger 2.0 specification validation) body and formData parameters",
              "timedOut": false,
              "duration": 0,
              "state": null,
              "speed": null,
              "pass": false,
              "fail": false,
              "pending": false,
              "context": null,
              "code": "try {\n  await SwaggerParser.validate(path.rel(\"specs/validate-spec/invalid/\" + test.file));\n  throw new Error(\"Validation should have failed, but it succeeded!\");\n}\ncatch (err) {\n  expect(err).to.be.an.instanceOf(SyntaxError);\n  expect(err.message).to.equal(test.error);\n  expect(err.message).to.match(/^Validation failed. \\S+/);\n}",
              "err": {},
              "uuid": "44f5816d-9ae2-4dae-9560-4dd88c5304bc",
              "parentUUID": null,
              "isHook": false,
              "skipped": true
            },
            {
              "title": "path param with no placeholder",
              "fullTitle": "Invalid APIs (Swagger 2.0 specification validation) path param with no placeholder",
              "timedOut": false,
              "duration": 0,
              "state": null,
              "speed": null,
              "pass": false,
              "fail": false,
              "pending": false,
              "context": null,
              "code": "try {\n  await SwaggerParser.validate(path.rel(\"specs/validate-spec/invalid/\" + test.file));\n  throw new Error(\"Validation should have failed, but it succeeded!\");\n}\ncatch (err) {\n  expect(err).to.be.an.instanceOf(SyntaxError);\n  expect(err.message).to.equal(test.error);\n  expect(err.message).to.match(/^Validation failed. \\S+/);\n}",
              "err": {},
              "uuid": "ea4c9140-6f0f-4a99-9cb3-548baa129b14",
              "parentUUID": null,
              "isHook": false,
              "skipped": true
            },
            {
              "title": "path placeholder with no param",
              "fullTitle": "Invalid APIs (Swagger 2.0 specification validation) path placeholder with no param",
              "timedOut": false,
              "duration": 0,
              "state": null,
              "speed": null,
              "pass": false,
              "fail": false,
              "pending": false,
              "context": null,
              "code": "try {\n  await SwaggerParser.validate(path.rel(\"specs/validate-spec/invalid/\" + test.file));\n  throw new Error(\"Validation should have failed, but it succeeded!\");\n}\ncatch (err) {\n  expect(err).to.be.an.instanceOf(SyntaxError);\n  expect(err.message).to.equal(test.error);\n  expect(err.message).to.match(/^Validation failed. \\S+/);\n}",
              "err": {},
              "uuid": "4870a020-3f88-425b-8407-3149e5a2b899",
              "parentUUID": null,
              "isHook": false,
              "skipped": true
            },
            {
              "title": "duplicate path placeholders",
              "fullTitle": "Invalid APIs (Swagger 2.0 specification validation) duplicate path placeholders",
              "timedOut": false,
              "duration": 0,
              "state": null,
              "speed": null,
              "pass": false,
              "fail": false,
              "pending": false,
              "context": null,
              "code": "try {\n  await SwaggerParser.validate(path.rel(\"specs/validate-spec/invalid/\" + test.file));\n  throw new Error(\"Validation should have failed, but it succeeded!\");\n}\ncatch (err) {\n  expect(err).to.be.an.instanceOf(SyntaxError);\n  expect(err.message).to.equal(test.error);\n  expect(err.message).to.match(/^Validation failed. \\S+/);\n}",
              "err": {},
              "uuid": "f3036cde-6580-48c5-b361-2fd56ba1bfec",
              "parentUUID": null,
              "isHook": false,
              "skipped": true
            },
            {
              "title": "no path parameters",
              "fullTitle": "Invalid APIs (Swagger 2.0 specification validation) no path parameters",
              "timedOut": false,
              "duration": 0,
              "state": null,
              "speed": null,
              "pass": false,
              "fail": false,
              "pending": false,
              "context": null,
              "code": "try {\n  await SwaggerParser.validate(path.rel(\"specs/validate-spec/invalid/\" + test.file));\n  throw new Error(\"Validation should have failed, but it succeeded!\");\n}\ncatch (err) {\n  expect(err).to.be.an.instanceOf(SyntaxError);\n  expect(err.message).to.equal(test.error);\n  expect(err.message).to.match(/^Validation failed. \\S+/);\n}",
              "err": {},
              "uuid": "dbc20813-fe71-4dd9-bd14-a4483b22404c",
              "parentUUID": null,
              "isHook": false,
              "skipped": true
            },
            {
              "title": "array param without items",
              "fullTitle": "Invalid APIs (Swagger 2.0 specification validation) array param without items",
              "timedOut": false,
              "duration": 0,
              "state": null,
              "speed": null,
              "pass": false,
              "fail": false,
              "pending": false,
              "context": null,
              "code": "try {\n  await SwaggerParser.validate(path.rel(\"specs/validate-spec/invalid/\" + test.file));\n  throw new Error(\"Validation should have failed, but it succeeded!\");\n}\ncatch (err) {\n  expect(err).to.be.an.instanceOf(SyntaxError);\n  expect(err.message).to.equal(test.error);\n  expect(err.message).to.match(/^Validation failed. \\S+/);\n}",
              "err": {},
              "uuid": "9db64237-25fe-4c30-b9d5-ebfae6e5f30a",
              "parentUUID": null,
              "isHook": false,
              "skipped": true
            },
            {
              "title": "array body param without items",
              "fullTitle": "Invalid APIs (Swagger 2.0 specification validation) array body param without items",
              "timedOut": false,
              "duration": 0,
              "state": null,
              "speed": null,
              "pass": false,
              "fail": false,
              "pending": false,
              "context": null,
              "code": "try {\n  await SwaggerParser.validate(path.rel(\"specs/validate-spec/invalid/\" + test.file));\n  throw new Error(\"Validation should have failed, but it succeeded!\");\n}\ncatch (err) {\n  expect(err).to.be.an.instanceOf(SyntaxError);\n  expect(err.message).to.equal(test.error);\n  expect(err.message).to.match(/^Validation failed. \\S+/);\n}",
              "err": {},
              "uuid": "4cf9e68d-03d7-42c7-8fc8-2a092acb7d67",
              "parentUUID": null,
              "isHook": false,
              "skipped": true
            },
            {
              "title": "array response header without items",
              "fullTitle": "Invalid APIs (Swagger 2.0 specification validation) array response header without items",
              "timedOut": false,
              "duration": 0,
              "state": null,
              "speed": null,
              "pass": false,
              "fail": false,
              "pending": false,
              "context": null,
              "code": "try {\n  await SwaggerParser.validate(path.rel(\"specs/validate-spec/invalid/\" + test.file));\n  throw new Error(\"Validation should have failed, but it succeeded!\");\n}\ncatch (err) {\n  expect(err).to.be.an.instanceOf(SyntaxError);\n  expect(err.message).to.equal(test.error);\n  expect(err.message).to.match(/^Validation failed. \\S+/);\n}",
              "err": {},
              "uuid": "491050b2-644a-4f09-ae85-f311f194768d",
              "parentUUID": null,
              "isHook": false,
              "skipped": true
            },
            {
              "title": "\"file\" param without \"consumes\"",
              "fullTitle": "Invalid APIs (Swagger 2.0 specification validation) \"file\" param without \"consumes\"",
              "timedOut": false,
              "duration": 0,
              "state": null,
              "speed": null,
              "pass": false,
              "fail": false,
              "pending": false,
              "context": null,
              "code": "try {\n  await SwaggerParser.validate(path.rel(\"specs/validate-spec/invalid/\" + test.file));\n  throw new Error(\"Validation should have failed, but it succeeded!\");\n}\ncatch (err) {\n  expect(err).to.be.an.instanceOf(SyntaxError);\n  expect(err.message).to.equal(test.error);\n  expect(err.message).to.match(/^Validation failed. \\S+/);\n}",
              "err": {},
              "uuid": "439754d7-0d94-4da1-a208-f83d2f37a7b8",
              "parentUUID": null,
              "isHook": false,
              "skipped": true
            },
            {
              "title": "\"file\" param with invalid \"consumes\"",
              "fullTitle": "Invalid APIs (Swagger 2.0 specification validation) \"file\" param with invalid \"consumes\"",
              "timedOut": false,
              "duration": 0,
              "state": null,
              "speed": null,
              "pass": false,
              "fail": false,
              "pending": false,
              "context": null,
              "code": "try {\n  await SwaggerParser.validate(path.rel(\"specs/validate-spec/invalid/\" + test.file));\n  throw new Error(\"Validation should have failed, but it succeeded!\");\n}\ncatch (err) {\n  expect(err).to.be.an.instanceOf(SyntaxError);\n  expect(err.message).to.equal(test.error);\n  expect(err.message).to.match(/^Validation failed. \\S+/);\n}",
              "err": {},
              "uuid": "eb9c51af-92b6-4edd-88bc-8029db4acc1b",
              "parentUUID": null,
              "isHook": false,
              "skipped": true
            },
            {
              "title": "\"file\" param with vendor specific form-data \"consumes\"",
              "fullTitle": "Invalid APIs (Swagger 2.0 specification validation) \"file\" param with vendor specific form-data \"consumes\"",
              "timedOut": false,
              "duration": 0,
              "state": null,
              "speed": null,
              "pass": false,
              "fail": false,
              "pending": false,
              "context": null,
              "code": "try {\n  const api = await SwaggerParser\n    .validate(path.rel(\"specs/validate-spec/valid/\" + test.file));\n  expect(api).to.be.an(\"object\");\n}\ncatch (err) {\n  throw new Error(\"Validation should have succeeded, but it failed!\\n\" + err.stack);\n}",
              "err": {},
              "uuid": "55363ab7-360f-4442-9e82-474575513d83",
              "parentUUID": null,
              "isHook": false,
              "skipped": true
            },
            {
              "title": "\"file\" param with vendor specific urlencoded \"consumes\"",
              "fullTitle": "Invalid APIs (Swagger 2.0 specification validation) \"file\" param with vendor specific urlencoded \"consumes\"",
              "timedOut": false,
              "duration": 0,
              "state": null,
              "speed": null,
              "pass": false,
              "fail": false,
              "pending": false,
              "context": null,
              "code": "try {\n  const api = await SwaggerParser\n    .validate(path.rel(\"specs/validate-spec/valid/\" + test.file));\n  expect(api).to.be.an(\"object\");\n}\ncatch (err) {\n  throw new Error(\"Validation should have succeeded, but it failed!\\n\" + err.stack);\n}",
              "err": {},
              "uuid": "0ac66fb1-a855-4aaf-83e6-6cc9358152f3",
              "parentUUID": null,
              "isHook": false,
              "skipped": true
            },
            {
              "title": "required property in input does not exist",
              "fullTitle": "Invalid APIs (Swagger 2.0 specification validation) required property in input does not exist",
              "timedOut": false,
              "duration": 0,
              "state": null,
              "speed": null,
              "pass": false,
              "fail": false,
              "pending": false,
              "context": null,
              "code": "try {\n  await SwaggerParser.validate(path.rel(\"specs/validate-spec/invalid/\" + test.file));\n  throw new Error(\"Validation should have failed, but it succeeded!\");\n}\ncatch (err) {\n  expect(err).to.be.an.instanceOf(SyntaxError);\n  expect(err.message).to.equal(test.error);\n  expect(err.message).to.match(/^Validation failed. \\S+/);\n}",
              "err": {},
              "uuid": "dc0700a4-1088-492e-8134-f37bf706036c",
              "parentUUID": null,
              "isHook": false,
              "skipped": true
            },
            {
              "title": "required property in definition does not exist",
              "fullTitle": "Invalid APIs (Swagger 2.0 specification validation) required property in definition does not exist",
              "timedOut": false,
              "duration": 0,
              "state": null,
              "speed": null,
              "pass": false,
              "fail": false,
              "pending": false,
              "context": null,
              "code": "try {\n  await SwaggerParser.validate(path.rel(\"specs/validate-spec/invalid/\" + test.file));\n  throw new Error(\"Validation should have failed, but it succeeded!\");\n}\ncatch (err) {\n  expect(err).to.be.an.instanceOf(SyntaxError);\n  expect(err.message).to.equal(test.error);\n  expect(err.message).to.match(/^Validation failed. \\S+/);\n}",
              "err": {},
              "uuid": "e24fcf3d-e633-476c-b2b0-1e6cdfbf0f1e",
              "parentUUID": null,
              "isHook": false,
              "skipped": true
            },
            {
              "title": "schema declares required properties which are inherited (allOf)",
              "fullTitle": "Invalid APIs (Swagger 2.0 specification validation) schema declares required properties which are inherited (allOf)",
              "timedOut": false,
              "duration": 0,
              "state": null,
              "speed": null,
              "pass": false,
              "fail": false,
              "pending": false,
              "context": null,
              "code": "try {\n  const api = await SwaggerParser\n    .validate(path.rel(\"specs/validate-spec/valid/\" + test.file));\n  expect(api).to.be.an(\"object\");\n}\ncatch (err) {\n  throw new Error(\"Validation should have succeeded, but it failed!\\n\" + err.stack);\n}",
              "err": {},
              "uuid": "e91e6dd1-37fe-482d-94d9-696c55a31674",
              "parentUUID": null,
              "isHook": false,
              "skipped": true
            },
            {
              "title": "duplicate operation IDs",
              "fullTitle": "Invalid APIs (Swagger 2.0 specification validation) duplicate operation IDs",
              "timedOut": false,
              "duration": 0,
              "state": null,
              "speed": null,
              "pass": false,
              "fail": false,
              "pending": false,
              "context": null,
              "code": "try {\n  await SwaggerParser.validate(path.rel(\"specs/validate-spec/invalid/\" + test.file));\n  throw new Error(\"Validation should have failed, but it succeeded!\");\n}\ncatch (err) {\n  expect(err).to.be.an.instanceOf(SyntaxError);\n  expect(err.message).to.equal(test.error);\n  expect(err.message).to.match(/^Validation failed. \\S+/);\n}",
              "err": {},
              "uuid": "ab65ebf4-4deb-499c-be46-522e4077960a",
              "parentUUID": null,
              "isHook": false,
              "skipped": true
            },
            {
              "title": "array response body without items",
              "fullTitle": "Invalid APIs (Swagger 2.0 specification validation) array response body without items",
              "timedOut": false,
              "duration": 0,
              "state": null,
              "speed": null,
              "pass": false,
              "fail": false,
              "pending": false,
              "context": null,
              "code": "try {\n  await SwaggerParser.validate(path.rel(\"specs/validate-spec/invalid/\" + test.file));\n  throw new Error(\"Validation should have failed, but it succeeded!\");\n}\ncatch (err) {\n  expect(err).to.be.an.instanceOf(SyntaxError);\n  expect(err.message).to.equal(test.error);\n  expect(err.message).to.match(/^Validation failed. \\S+/);\n}",
              "err": {},
              "uuid": "f7620201-aa25-4cf9-9e6e-b173a1984829",
              "parentUUID": null,
              "isHook": false,
              "skipped": true
            }
          ],
          "suites": [],
          "passes": [],
          "failures": [],
          "pending": [],
          "skipped": [
            "dcb3dc0c-4388-458d-8fbe-b3c22e27d07f",
            "40530537-f6e0-4099-9759-fd06e5b436f0",
            "a2bb96a1-dfda-425d-804e-88813e616ae0",
            "5e7d19ec-6a09-466c-beea-fc3b9fd9da24",
            "89d59fb8-9887-4dfb-a3b3-06bf52950b95",
            "139a47b5-987a-4e64-800c-bed5d419c4cd",
            "5f16a281-d17d-4906-852b-69d0d1013925",
            "44f5816d-9ae2-4dae-9560-4dd88c5304bc",
            "ea4c9140-6f0f-4a99-9cb3-548baa129b14",
            "4870a020-3f88-425b-8407-3149e5a2b899",
            "f3036cde-6580-48c5-b361-2fd56ba1bfec",
            "dbc20813-fe71-4dd9-bd14-a4483b22404c",
            "9db64237-25fe-4c30-b9d5-ebfae6e5f30a",
            "4cf9e68d-03d7-42c7-8fc8-2a092acb7d67",
            "491050b2-644a-4f09-ae85-f311f194768d",
            "439754d7-0d94-4da1-a208-f83d2f37a7b8",
            "eb9c51af-92b6-4edd-88bc-8029db4acc1b",
            "55363ab7-360f-4442-9e82-474575513d83",
            "0ac66fb1-a855-4aaf-83e6-6cc9358152f3",
            "dc0700a4-1088-492e-8134-f37bf706036c",
            "e24fcf3d-e633-476c-b2b0-1e6cdfbf0f1e",
            "e91e6dd1-37fe-482d-94d9-696c55a31674",
            "ab65ebf4-4deb-499c-be46-522e4077960a",
            "f7620201-aa25-4cf9-9e6e-b173a1984829"
          ],
          "duration": 0,
          "root": false,
          "rootEmpty": false,
          "_timeout": 2000
        }
      ],
      "passes": [],
      "failures": [],
      "pending": [],
      "skipped": [],
      "duration": 0,
      "root": true,
      "rootEmpty": true,
      "_timeout": 2000
    }
  ],
  "meta": {
    "mocha": {
      "version": "8.1.3"
    },
    "mochawesome": {
      "options": {
        "quiet": false,
        "reportFilename": "mochawesome",
        "saveHtml": true,
        "saveJson": true,
        "consoleReporter": "spec",
        "useInlineDiffs": false,
        "code": true
      },
      "version": "6.3.0"
    },
    "marge": {
      "options": {
        "reportDir": "../docs/.vuepress/public/testReport",
        "overwrite": "true",
        "reportTitle": "MOLFAR msapi-parser",
        "showPassed": "true"
      },
      "version": "5.2.0"
    }
  }
}