TN:
SF:lib\ast.js
FN:10,getLineNumberForPath
FN:29,find
FN:88,positionRangeForPath
FN:110,find
FN:178,pathForPosition
FN:215,find
FN:268,isInRange
FN:304,promisifySyncFn
FN:305,(anonymous_8)
FN:306,(anonymous_9)
FNF:10
FNH:1
FNDA:0,getLineNumberForPath
FNDA:0,find
FNDA:0,positionRangeForPath
FNDA:0,find
FNDA:0,pathForPosition
FNDA:0,find
FNDA:0,isInRange
FNDA:3,promisifySyncFn
FNDA:0,(anonymous_8)
FNDA:0,(anonymous_9)
DA:1,1
DA:2,1
DA:3,1
DA:5,1
DA:7,1
DA:8,1
DA:13,0
DA:14,0
DA:16,0
DA:17,0
DA:20,0
DA:22,0
DA:27,0
DA:30,0
DA:33,0
DA:34,0
DA:35,0
DA:38,0
DA:39,0
DA:40,0
DA:41,0
DA:42,0
DA:44,0
DA:45,0
DA:48,0
DA:50,0
DA:51,0
DA:52,0
DA:54,0
DA:56,0
DA:61,0
DA:62,0
DA:64,0
DA:65,0
DA:69,0
DA:70,0
DA:72,0
DA:91,0
DA:92,0
DA:94,0
DA:95,0
DA:98,0
DA:102,0
DA:104,0
DA:108,0
DA:111,0
DA:112,0
DA:113,0
DA:114,0
DA:115,0
DA:117,0
DA:118,0
DA:119,0
DA:124,0
DA:125,0
DA:127,0
DA:128,0
DA:129,0
DA:134,0
DA:135,0
DA:138,0
DA:151,0
DA:153,0
DA:159,0
DA:166,0
DA:181,0
DA:182,0
DA:184,0
DA:186,0
DA:190,0
DA:191,0
DA:193,0
DA:195,0
DA:196,0
DA:202,0
DA:203,0
DA:207,0
DA:209,0
DA:229,0
DA:231,0
DA:232,0
DA:235,0
DA:236,0
DA:237,0
DA:238,0
DA:239,0
DA:241,0
DA:242,0
DA:243,0
DA:244,0
DA:245,0
DA:250,0
DA:251,0
DA:252,0
DA:254,0
DA:255,0
DA:256,0
DA:261,0
DA:272,0
DA:274,0
DA:280,0
DA:281,0
DA:285,0
DA:286,0
DA:291,0
DA:300,1
DA:301,1
DA:302,1
DA:305,3
DA:306,0
DA:310,1
LF:111
LH:11
BRDA:13,0,0,0
BRDA:13,0,1,0
BRDA:16,1,0,0
BRDA:16,1,1,0
BRDA:30,2,0,0
BRDA:30,2,1,0
BRDA:33,3,0,0
BRDA:33,3,1,0
BRDA:33,4,0,0
BRDA:33,4,1,0
BRDA:38,5,0,0
BRDA:38,5,1,0
BRDA:38,6,0,0
BRDA:38,6,1,0
BRDA:44,7,0,0
BRDA:44,7,1,0
BRDA:48,8,0,0
BRDA:48,8,1,0
BRDA:51,9,0,0
BRDA:51,9,1,0
BRDA:51,10,0,0
BRDA:51,10,1,0
BRDA:51,10,2,0
BRDA:61,11,0,0
BRDA:61,11,1,0
BRDA:61,12,0,0
BRDA:61,12,1,0
BRDA:64,13,0,0
BRDA:64,13,1,0
BRDA:64,14,0,0
BRDA:64,14,1,0
BRDA:69,15,0,0
BRDA:69,15,1,0
BRDA:69,16,0,0
BRDA:69,16,1,0
BRDA:91,17,0,0
BRDA:91,17,1,0
BRDA:94,18,0,0
BRDA:94,18,1,0
BRDA:111,19,0,0
BRDA:111,19,1,0
BRDA:117,20,0,0
BRDA:117,20,1,0
BRDA:124,21,0,0
BRDA:124,21,1,0
BRDA:127,22,0,0
BRDA:127,22,1,0
BRDA:127,23,0,0
BRDA:127,23,1,0
BRDA:134,24,0,0
BRDA:134,24,1,0
BRDA:151,25,0,0
BRDA:151,25,1,0
BRDA:181,26,0,0
BRDA:181,26,1,0
BRDA:184,27,0,0
BRDA:184,27,1,0
BRDA:184,28,0,0
BRDA:184,28,1,0
BRDA:184,28,2,0
BRDA:195,29,0,0
BRDA:195,29,1,0
BRDA:231,30,0,0
BRDA:231,30,1,0
BRDA:231,31,0,0
BRDA:231,31,1,0
BRDA:235,32,0,0
BRDA:235,32,1,0
BRDA:241,33,0,0
BRDA:241,33,1,0
BRDA:243,34,0,0
BRDA:243,34,1,0
BRDA:250,35,0,0
BRDA:250,35,1,0
BRDA:254,36,0,0
BRDA:254,36,1,0
BRDA:272,37,0,0
BRDA:272,37,1,0
BRDA:274,38,0,0
BRDA:274,38,1,0
BRDA:274,38,2,0
BRDA:280,39,0,0
BRDA:280,39,1,0
BRDA:285,40,0,0
BRDA:285,40,1,0
BRDA:291,41,0,0
BRDA:291,41,1,0
BRF:87
BRH:0
end_of_record
TN:
SF:lib\index.js
FN:27,MsapiParser
FN:32,(anonymous_1)
FN:61,(anonymous_2)
FN:77,(anonymous_3)
FN:146,(anonymous_4)
FN:162,(anonymous_5)
FN:210,(anonymous_6)
FNF:7
FNH:4
FNDA:19,MsapiParser
FNDA:0,(anonymous_1)
FNDA:3,(anonymous_2)
FNDA:19,(anonymous_3)
FNDA:0,(anonymous_4)
FNDA:3,(anonymous_5)
FNDA:0,(anonymous_6)
DA:6,1
DA:7,1
DA:8,1
DA:9,1
DA:10,1
DA:11,1
DA:12,1
DA:13,1
DA:14,1
DA:15,1
DA:18,1
DA:28,19
DA:32,1
DA:33,0
DA:34,0
DA:35,0
DA:36,0
DA:38,0
DA:39,0
DA:40,0
DA:42,0
DA:46,1
DA:47,1
DA:48,1
DA:49,1
DA:50,1
DA:51,1
DA:52,1
DA:58,1
DA:62,3
DA:77,1
DA:78,19
DA:79,19
DA:81,19
DA:82,19
DA:84,19
DA:86,19
DA:87,8
DA:89,11
DA:91,0
DA:93,11
DA:95,0
DA:97,11
DA:98,0
DA:102,0
DA:105,0
DA:106,0
DA:108,0
DA:110,0
DA:116,0
DA:117,0
DA:125,0
DA:129,11
DA:132,8
DA:146,1
DA:147,0
DA:148,0
DA:149,0
DA:162,1
DA:163,3
DA:164,3
DA:165,3
DA:169,3
DA:170,3
DA:172,3
DA:173,3
DA:176,3
DA:179,3
DA:183,3
DA:185,0
DA:186,0
DA:189,0
DA:191,0
DA:193,0
DA:198,0
DA:200,0
DA:203,0
DA:206,3
DA:210,1
DA:211,0
DA:212,0
DA:213,0
DA:214,0
DA:215,0
DA:218,1
LF:85
LH:50
BRDA:84,0,0,19
BRDA:84,0,1,0
BRDA:86,1,0,8
BRDA:86,1,1,11
BRDA:86,2,0,19
BRDA:86,2,1,19
BRDA:86,2,2,11
BRDA:87,3,0,8
BRDA:87,3,1,0
BRDA:89,4,0,0
BRDA:89,4,1,11
BRDA:93,5,0,0
BRDA:93,5,1,11
BRDA:97,6,0,0
BRDA:97,6,1,11
BRDA:105,7,0,0
BRDA:105,7,1,0
BRDA:105,8,0,0
BRDA:105,8,1,0
BRDA:106,9,0,0
BRDA:106,9,1,0
BRDA:108,10,0,0
BRDA:108,10,1,0
BRDA:116,11,0,0
BRDA:116,11,1,0
BRDA:170,12,0,3
BRDA:170,12,1,3
BRDA:179,13,0,3
BRDA:179,13,1,0
BRDA:185,14,0,0
BRDA:185,14,1,0
BRDA:186,15,0,0
BRDA:186,15,1,0
BRDA:191,16,0,0
BRDA:191,16,1,0
BRDA:198,17,0,0
BRDA:198,17,1,0
BRDA:211,18,0,0
BRDA:211,18,1,0
BRDA:212,19,0,0
BRDA:212,19,1,0
BRDA:213,20,0,0
BRDA:213,20,1,0
BRDA:214,21,0,0
BRDA:214,21,1,0
BRF:45
BRH:13
end_of_record
TN:
SF:lib\options.js
FN:17,ParserOptions
FNF:1
FNH:1
FNDA:22,ParserOptions
DA:3,1
DA:4,1
DA:5,1
DA:6,1
DA:8,1
DA:18,22
DA:19,22
DA:22,1
DA:35,1
LF:9
LH:9
BRF:0
BRH:0
end_of_record
TN:
SF:lib\util.js
FN:29,fixServers
FN:43,fixOasRelativeServers
FN:54,(anonymous_2)
FN:58,(anonymous_3)
FN:60,(anonymous_4)
FN:63,(anonymous_5)
FN:68,(anonymous_6)
FN:82,(anonymous_7)
FN:119,(anonymous_8)
FN:125,(anonymous_9)
FN:132,(anonymous_10)
FN:139,(anonymous_11)
FNF:12
FNH:0
FNDA:0,fixServers
FNDA:0,fixOasRelativeServers
FNDA:0,(anonymous_2)
FNDA:0,(anonymous_3)
FNDA:0,(anonymous_4)
FNDA:0,(anonymous_5)
FNDA:0,(anonymous_6)
FNDA:0,(anonymous_7)
FNDA:0,(anonymous_8)
FNDA:0,(anonymous_9)
FNDA:0,(anonymous_10)
FNDA:0,(anonymous_11)
DA:3,1
DA:4,1
DA:5,1
DA:6,1
DA:8,1
DA:9,1
DA:14,1
DA:19,1
DA:31,0
DA:32,0
DA:33,0
DA:34,0
DA:35,0
DA:44,0
DA:53,0
DA:54,0
DA:58,0
DA:59,0
DA:60,0
DA:61,0
DA:63,0
DA:65,0
DA:67,0
DA:68,0
DA:79,1
DA:82,1
DA:83,0
DA:84,0
DA:87,0
DA:92,0
DA:95,0
DA:96,0
DA:98,0
DA:102,0
DA:103,0
DA:107,0
DA:110,0
DA:111,0
DA:112,0
DA:115,0
DA:119,1
DA:120,0
DA:122,0
DA:124,0
DA:125,0
DA:129,0
DA:131,0
DA:132,0
DA:133,0
DA:134,0
DA:135,0
DA:139,0
DA:140,0
DA:141,0
DA:142,0
DA:148,0
DA:151,1
DA:152,1
DA:153,1
LF:59
LH:14
BRDA:31,0,0,0
BRDA:31,0,1,0
BRDA:31,1,0,0
BRDA:31,1,1,0
BRDA:44,2,0,0
BRDA:44,2,1,0
BRDA:44,3,0,0
BRDA:44,3,1,0
BRDA:44,3,2,0
BRDA:44,3,3,0
BRDA:53,4,0,0
BRDA:53,4,1,0
BRDA:61,5,0,0
BRDA:61,5,1,0
BRDA:65,6,0,0
BRDA:65,6,1,0
BRDA:67,7,0,0
BRDA:67,7,1,0
BRDA:83,8,0,0
BRDA:83,8,1,0
BRDA:87,9,0,0
BRDA:87,9,1,0
BRDA:87,9,2,0
BRDA:87,9,3,0
BRDA:95,10,0,0
BRDA:95,10,1,0
BRDA:111,11,0,0
BRDA:111,11,1,0
BRDA:122,12,0,0
BRDA:122,12,1,0
BRDA:124,13,0,0
BRDA:124,13,1,0
BRDA:129,14,0,0
BRDA:129,14,1,0
BRDA:129,15,0,0
BRDA:129,15,1,0
BRDA:129,15,2,0
BRDA:129,15,3,0
BRDA:131,16,0,0
BRDA:131,16,1,0
BRDA:134,17,0,0
BRDA:134,17,1,0
BRDA:141,18,0,0
BRDA:141,18,1,0
BRF:44
BRH:0
end_of_record
TN:
SF:lib\schemas\index.js
FNF:0
FNH:0
DA:2,1
DA:3,1
DA:4,1
DA:6,1
DA:8,1
DA:12,1
DA:16,1
DA:20,1
DA:21,1
DA:26,1
DA:33,1
DA:38,1
DA:41,1
DA:42,1
LF:14
LH:14
BRDA:41,0,0,1
BRDA:41,0,1,0
BRDA:41,1,0,1
BRDA:41,1,1,1
BRF:4
BRH:3
end_of_record
TN:
SF:lib\validators\schema.js
FN:17,validateSchema
FN:34,initializeZSchema
FN:43,(anonymous_2)
FN:62,formatZSchemaError
FNF:4
FNH:3
FNDA:3,validateSchema
FNDA:1,initializeZSchema
FNDA:0,(anonymous_2)
FNDA:3,formatZSchemaError
DA:3,1
DA:4,1
DA:5,1
DA:6,1
DA:8,1
DA:10,1
DA:19,3
DA:22,3
DA:24,3
DA:25,3
DA:26,3
DA:27,3
DA:36,1
DA:43,1
DA:46,1
DA:63,3
DA:64,3
DA:65,3
DA:66,6
DA:67,6
DA:68,0
DA:71,3
LF:22
LH:21
BRDA:24,0,0,3
BRDA:24,0,1,0
BRDA:63,1,0,3
BRDA:63,1,1,3
BRDA:67,2,0,0
BRDA:67,2,1,6
BRF:6
BRH:4
end_of_record
TN:
SF:lib\validators\spec.js
FN:16,validateSpec
FN:49,validatePath
FN:85,validateParameters
FN:107,(anonymous_3)
FN:108,(anonymous_4)
FN:128,validateBodyParameters
FN:129,(anonymous_6)
FN:130,(anonymous_7)
FN:153,validatePathParameters
FN:167,(anonymous_9)
FN:199,validateParameterTypes
FN:228,(anonymous_11)
FN:247,checkForDuplicates
FN:266,validateResponse
FN:297,validateSchema
FN:314,validateRequiredPropertiesExist
FN:318,collectProperties
FNF:17
FNH:0
FNDA:0,validateSpec
FNDA:0,validatePath
FNDA:0,validateParameters
FNDA:0,(anonymous_3)
FNDA:0,(anonymous_4)
FNDA:0,validateBodyParameters
FNDA:0,(anonymous_6)
FNDA:0,(anonymous_7)
FNDA:0,validatePathParameters
FNDA:0,(anonymous_9)
FNDA:0,validateParameterTypes
FNDA:0,(anonymous_11)
FNDA:0,checkForDuplicates
FNDA:0,validateResponse
FNDA:0,validateSchema
FNDA:0,validateRequiredPropertiesExist
FNDA:0,collectProperties
DA:3,1
DA:4,1
DA:5,1
DA:6,1
DA:7,1
DA:9,1
DA:17,0
DA:19,0
DA:22,0
DA:23,0
DA:24,0
DA:25,0
DA:26,0
DA:28,0
DA:29,0
DA:33,0
DA:34,0
DA:35,0
DA:36,0
DA:37,0
DA:50,0
DA:51,0
DA:52,0
DA:54,0
DA:55,0
DA:56,0
DA:57,0
DA:58,0
DA:61,0
DA:64,0
DA:66,0
DA:67,0
DA:68,0
DA:69,0
DA:70,0
DA:86,0
DA:87,0
DA:90,0
DA:91,0
DA:94,0
DA:98,0
DA:99,0
DA:102,0
DA:107,0
DA:108,0
DA:109,0
DA:111,0
DA:112,0
DA:114,0
DA:117,0
DA:118,0
DA:119,0
DA:129,0
DA:130,0
DA:133,0
DA:134,0
DA:138,0
DA:140,0
DA:155,0
DA:158,0
DA:159,0
DA:160,0
DA:161,0
DA:167,0
DA:169,0
DA:170,0
DA:171,0
DA:176,0
DA:177,0
DA:178,0
DA:183,0
DA:186,0
DA:187,0
DA:200,0
DA:201,0
DA:204,0
DA:206,0
DA:207,0
DA:208,0
DA:210,0
DA:211,0
DA:212,0
DA:214,0
DA:215,0
DA:218,0
DA:219,0
DA:221,0
DA:223,0
DA:224,0
DA:226,0
DA:228,0
DA:229,0
DA:232,0
DA:233,0
DA:248,0
DA:249,0
DA:250,0
DA:251,0
DA:252,0
DA:253,0
DA:267,0
DA:268,0
DA:271,0
DA:272,0
DA:273,0
DA:274,0
DA:275,0
DA:278,0
DA:279,0
DA:280,0
DA:281,0
DA:285,0
DA:298,0
DA:299,0
DA:303,0
DA:304,0
DA:319,0
DA:320,0
DA:321,0
DA:322,0
DA:326,0
DA:327,0
DA:328,0
DA:333,0
DA:334,0
DA:335,0
DA:336,0
DA:337,0
DA:338,0
LF:129
LH:6
BRDA:17,0,0,0
BRDA:17,0,1,0
BRDA:22,1,0,0
BRDA:22,1,1,0
BRDA:28,2,0,0
BRDA:28,2,1,0
BRDA:28,3,0,0
BRDA:28,3,1,0
BRDA:33,4,0,0
BRDA:33,4,1,0
BRDA:54,5,0,0
BRDA:54,5,1,0
BRDA:56,6,0,0
BRDA:56,6,1,0
BRDA:57,7,0,0
BRDA:57,7,1,0
BRDA:66,8,0,0
BRDA:66,8,1,0
BRDA:70,9,0,0
BRDA:70,9,1,0
BRDA:86,10,0,0
BRDA:86,10,1,0
BRDA:87,11,0,0
BRDA:87,11,1,0
BRDA:109,12,0,0
BRDA:109,12,1,0
BRDA:111,13,0,0
BRDA:111,13,1,0
BRDA:133,14,0,0
BRDA:133,14,1,0
BRDA:138,15,0,0
BRDA:138,15,1,0
BRDA:138,16,0,0
BRDA:138,16,1,0
BRDA:155,17,0,0
BRDA:155,17,1,0
BRDA:160,18,0,0
BRDA:160,18,1,0
BRDA:170,19,0,0
BRDA:170,19,1,0
BRDA:177,20,0,0
BRDA:177,20,1,0
BRDA:186,21,0,0
BRDA:186,21,1,0
BRDA:204,22,0,0
BRDA:204,22,1,0
BRDA:204,22,2,0
BRDA:221,23,0,0
BRDA:221,23,1,0
BRDA:226,24,0,0
BRDA:226,24,1,0
BRDA:226,24,2,0
BRDA:229,25,0,0
BRDA:229,25,1,0
BRDA:232,26,0,0
BRDA:232,26,1,0
BRDA:252,27,0,0
BRDA:252,27,1,0
BRDA:252,28,0,0
BRDA:252,28,1,0
BRDA:267,29,0,0
BRDA:267,29,1,0
BRDA:267,30,0,0
BRDA:267,30,1,0
BRDA:267,30,2,0
BRDA:271,31,0,0
BRDA:271,31,1,0
BRDA:278,32,0,0
BRDA:278,32,1,0
BRDA:280,33,0,0
BRDA:280,33,1,0
BRDA:298,34,0,0
BRDA:298,34,1,0
BRDA:303,35,0,0
BRDA:303,35,1,0
BRDA:303,36,0,0
BRDA:303,36,1,0
BRDA:319,37,0,0
BRDA:319,37,1,0
BRDA:321,38,0,0
BRDA:321,38,1,0
BRDA:326,39,0,0
BRDA:326,39,1,0
BRDA:333,40,0,0
BRDA:333,40,1,0
BRDA:333,41,0,0
BRDA:333,41,1,0
BRDA:337,42,0,0
BRDA:337,42,1,0
BRF:89
BRH:0
end_of_record
