TN:
SF:lib\index.js
FN:23,SwaggerParser
FN:39,(anonymous_1)
FN:55,(anonymous_2)
FN:124,(anonymous_3)
FN:140,(anonymous_4)
FNF:5
FNH:5
FNDA:89,SwaggerParser
FNDA:101,(anonymous_1)
FNDA:89,(anonymous_2)
FNDA:48,(anonymous_3)
FNDA:55,(anonymous_4)
DA:4,1
DA:5,1
DA:6,1
DA:7,1
DA:8,1
DA:9,1
DA:10,1
DA:11,1
DA:12,1
DA:14,1
DA:24,89
DA:27,1
DA:28,1
DA:29,1
DA:30,1
DA:31,1
DA:36,1
DA:40,101
DA:55,1
DA:56,89
DA:57,89
DA:59,89
DA:60,89
DA:62,89
DA:64,88
DA:65,10
DA:67,78
DA:69,1
DA:71,77
DA:73,1
DA:75,76
DA:76,2
DA:80,1
DA:83,1
DA:84,1
DA:86,0
DA:88,0
DA:90,0
DA:92,0
DA:94,0
DA:95,0
DA:103,0
DA:107,74
DA:110,15
DA:124,1
DA:125,48
DA:126,48
DA:127,48
DA:140,1
DA:141,55
DA:142,55
DA:143,55
DA:147,55
DA:148,55
DA:150,55
DA:151,55
DA:154,51
DA:156,51
DA:159,50
DA:161,33
DA:162,4
DA:165,2
DA:167,2
DA:169,1
DA:174,33
DA:176,32
DA:179,13
DA:182,42
LF:68
LH:61
BRDA:62,0,0,88
BRDA:62,0,1,1
BRDA:64,1,0,10
BRDA:64,1,1,78
BRDA:64,2,0,88
BRDA:64,2,1,88
BRDA:64,2,2,78
BRDA:65,3,0,10
BRDA:65,3,1,0
BRDA:67,4,0,1
BRDA:67,4,1,77
BRDA:71,5,0,1
BRDA:71,5,1,76
BRDA:75,6,0,2
BRDA:75,6,1,74
BRDA:83,7,0,1
BRDA:83,7,1,0
BRDA:83,8,0,1
BRDA:83,8,1,0
BRDA:83,8,2,0
BRDA:84,9,0,1
BRDA:84,9,1,0
BRDA:86,10,0,0
BRDA:86,10,1,0
BRDA:90,11,0,0
BRDA:90,11,1,0
BRDA:94,12,0,0
BRDA:94,12,1,0
BRDA:148,13,0,55
BRDA:148,13,1,54
BRDA:156,14,0,50
BRDA:156,14,1,1
BRDA:161,15,0,4
BRDA:161,15,1,29
BRDA:162,16,0,2
BRDA:162,16,1,2
BRDA:167,17,0,1
BRDA:167,17,1,1
BRDA:174,18,0,32
BRDA:174,18,1,1
BRF:40
BRH:29
end_of_record
TN:
SF:lib\options.js
FN:17,ParserOptions
FNF:1
FNH:1
FNDA:144,ParserOptions
DA:3,1
DA:4,1
DA:5,1
DA:6,1
DA:8,1
DA:18,144
DA:19,144
DA:22,1
DA:35,1
LF:9
LH:9
BRF:0
BRH:0
end_of_record
TN:
SF:lib\util.js
FN:27,fixServers
FN:41,fixOasRelativeServers
FN:52,(anonymous_2)
FN:56,(anonymous_3)
FN:58,(anonymous_4)
FN:61,(anonymous_5)
FN:66,(anonymous_6)
FNF:7
FNH:0
FNDA:0,fixServers
FNDA:0,fixOasRelativeServers
FNDA:0,(anonymous_2)
FNDA:0,(anonymous_3)
FNDA:0,(anonymous_4)
FNDA:0,(anonymous_5)
FNDA:0,(anonymous_6)
DA:3,1
DA:4,1
DA:6,1
DA:7,1
DA:12,1
DA:17,1
DA:29,0
DA:30,0
DA:31,0
DA:32,0
DA:33,0
DA:42,0
DA:51,0
DA:52,0
DA:56,0
DA:57,0
DA:58,0
DA:59,0
DA:61,0
DA:63,0
DA:65,0
DA:66,0
DA:77,1
LF:23
LH:7
BRDA:29,0,0,0
BRDA:29,0,1,0
BRDA:29,1,0,0
BRDA:29,1,1,0
BRDA:42,2,0,0
BRDA:42,2,1,0
BRDA:42,3,0,0
BRDA:42,3,1,0
BRDA:42,3,2,0
BRDA:42,3,3,0
BRDA:51,4,0,0
BRDA:51,4,1,0
BRDA:59,5,0,0
BRDA:59,5,1,0
BRDA:63,6,0,0
BRDA:63,6,1,0
BRDA:65,7,0,0
BRDA:65,7,1,0
BRF:18
BRH:0
end_of_record
TN:
SF:lib\schemas\index.js
FNF:0
FNH:0
DA:2,1
DA:3,1
DA:5,1
DA:7,1
DA:11,1
DA:15,1
DA:19,1
DA:23,1
DA:29,1
DA:32,1
DA:33,1
LF:11
LH:11
BRDA:32,0,0,1
BRDA:32,0,1,0
BRDA:32,1,0,1
BRDA:32,1,1,1
BRF:4
BRH:3
end_of_record
TN:
SF:lib\validators\schema.js
FN:17,validateSchema
FN:34,initializeZSchema
FN:41,(anonymous_2)
FN:60,formatZSchemaError
FNF:4
FNH:3
FNDA:50,validateSchema
FNDA:1,initializeZSchema
FNDA:0,(anonymous_2)
FNDA:56,formatZSchemaError
DA:3,1
DA:4,1
DA:5,1
DA:6,1
DA:8,1
DA:10,1
DA:19,50
DA:22,50
DA:24,50
DA:25,17
DA:26,17
DA:27,17
DA:36,1
DA:37,1
DA:41,1
DA:44,1
DA:61,56
DA:62,56
DA:63,56
DA:64,112
DA:65,112
DA:66,39
DA:69,56
LF:23
LH:23
BRDA:19,0,0,50
BRDA:19,0,1,0
BRDA:24,1,0,17
BRDA:24,1,1,33
BRDA:61,2,0,56
BRDA:61,2,1,17
BRDA:65,3,0,39
BRDA:65,3,1,73
BRF:8
BRH:7
end_of_record
TN:
SF:lib\validators\spec.js
FN:16,validateSpec
FN:49,validatePath
FN:85,validateParameters
FN:107,(anonymous_3)
FN:108,(anonymous_4)
FN:128,validateBodyParameters
FN:129,(anonymous_6)
FN:130,(anonymous_7)
FN:153,validatePathParameters
FN:167,(anonymous_9)
FN:199,validateParameterTypes
FN:228,(anonymous_11)
FN:247,checkForDuplicates
FN:266,validateResponse
FN:297,validateSchema
FN:314,validateRequiredPropertiesExist
FN:318,collectProperties
FNF:17
FNH:17
FNDA:32,validateSpec
FNDA:41,validatePath
FNDA:44,validateParameters
FNDA:34,(anonymous_3)
FNDA:38,(anonymous_4)
FNDA:42,validateBodyParameters
FNDA:47,(anonymous_6)
FNDA:47,(anonymous_7)
FNDA:38,validatePathParameters
FNDA:29,(anonymous_9)
FNDA:34,validateParameterTypes
FNDA:4,(anonymous_11)
FNDA:87,checkForDuplicates
FNDA:29,validateResponse
FNDA:44,validateSchema
FNDA:38,validateRequiredPropertiesExist
FNDA:8,collectProperties
DA:3,1
DA:4,1
DA:5,1
DA:6,1
DA:7,1
DA:9,1
DA:17,32
DA:19,0
DA:22,32
DA:23,32
DA:24,32
DA:25,41
DA:26,41
DA:28,41
DA:29,41
DA:33,13
DA:34,13
DA:35,18
DA:36,18
DA:37,18
DA:50,41
DA:51,195
DA:52,195
DA:54,195
DA:55,45
DA:56,45
DA:57,2
DA:58,1
DA:61,1
DA:64,44
DA:66,29
DA:67,29
DA:68,29
DA:69,29
DA:70,29
DA:86,44
DA:87,44
DA:90,44
DA:91,44
DA:94,1
DA:98,43
DA:99,43
DA:102,1
DA:107,42
DA:108,34
DA:109,38
DA:111,34
DA:112,21
DA:114,34
DA:117,42
DA:118,38
DA:119,34
DA:129,47
DA:130,47
DA:133,42
DA:134,3
DA:138,39
DA:140,1
DA:155,38
DA:158,38
DA:159,16
DA:160,3
DA:161,1
DA:167,37
DA:169,37
DA:170,13
DA:171,0
DA:176,13
DA:177,13
DA:178,1
DA:183,12
DA:186,36
DA:187,2
DA:200,34
DA:201,22
DA:204,22
DA:206,6
DA:207,6
DA:208,6
DA:210,4
DA:211,4
DA:212,4
DA:214,12
DA:215,12
DA:218,22
DA:219,20
DA:221,19
DA:223,4
DA:224,4
DA:226,4
DA:228,4
DA:229,4
DA:232,4
DA:233,2
DA:248,87
DA:249,33
DA:250,33
DA:251,50
DA:252,50
DA:253,2
DA:267,29
DA:268,1
DA:271,28
DA:272,28
DA:273,2
DA:274,2
DA:275,2
DA:278,27
DA:279,20
DA:280,20
DA:281,0
DA:285,20
DA:298,44
DA:299,0
DA:303,44
DA:304,4
DA:319,8
DA:320,6
DA:321,24
DA:322,24
DA:326,8
DA:327,2
DA:328,2
DA:333,38
DA:334,6
DA:335,6
DA:336,6
DA:337,13
DA:338,2
LF:129
LH:125
BRDA:17,0,0,0
BRDA:17,0,1,32
BRDA:22,1,0,32
BRDA:22,1,1,0
BRDA:28,2,0,41
BRDA:28,2,1,0
BRDA:28,3,0,41
BRDA:28,3,1,41
BRDA:33,4,0,13
BRDA:33,4,1,7
BRDA:54,5,0,45
BRDA:54,5,1,150
BRDA:56,6,0,2
BRDA:56,6,1,43
BRDA:57,7,0,1
BRDA:57,7,1,1
BRDA:66,8,0,29
BRDA:66,8,1,0
BRDA:70,9,0,29
BRDA:70,9,1,0
BRDA:86,10,0,44
BRDA:86,10,1,25
BRDA:87,11,0,44
BRDA:87,11,1,31
BRDA:109,12,0,38
BRDA:109,12,1,16
BRDA:111,13,0,21
BRDA:111,13,1,13
BRDA:133,14,0,3
BRDA:133,14,1,39
BRDA:138,15,0,1
BRDA:138,15,1,38
BRDA:138,16,0,39
BRDA:138,16,1,10
BRDA:155,17,0,38
BRDA:155,17,1,24
BRDA:160,18,0,1
BRDA:160,18,1,2
BRDA:170,19,0,0
BRDA:170,19,1,13
BRDA:177,20,0,1
BRDA:177,20,1,12
BRDA:186,21,0,2
BRDA:186,21,1,34
BRDA:204,22,0,6
BRDA:204,22,1,4
BRDA:204,22,2,12
BRDA:221,23,0,4
BRDA:221,23,1,15
BRDA:226,24,0,4
BRDA:226,24,1,1
BRDA:226,24,2,1
BRDA:229,25,0,4
BRDA:229,25,1,3
BRDA:232,26,0,2
BRDA:232,26,1,2
BRDA:252,27,0,2
BRDA:252,27,1,48
BRDA:252,28,0,50
BRDA:252,28,1,18
BRDA:267,29,0,1
BRDA:267,29,1,28
BRDA:267,30,0,29
BRDA:267,30,1,20
BRDA:267,30,2,20
BRDA:271,31,0,28
BRDA:271,31,1,27
BRDA:278,32,0,20
BRDA:278,32,1,7
BRDA:280,33,0,0
BRDA:280,33,1,20
BRDA:298,34,0,0
BRDA:298,34,1,44
BRDA:303,35,0,4
BRDA:303,35,1,40
BRDA:303,36,0,44
BRDA:303,36,1,4
BRDA:319,37,0,6
BRDA:319,37,1,2
BRDA:321,38,0,24
BRDA:321,38,1,0
BRDA:326,39,0,2
BRDA:326,39,1,6
BRDA:333,40,0,6
BRDA:333,40,1,32
BRDA:333,41,0,38
BRDA:333,41,1,17
BRDA:337,42,0,2
BRDA:337,42,1,11
BRF:89
BRH:80
end_of_record
